<?xml version="1.0" encoding="utf-8"?><testsuites name="pytest tests"><testsuite name="pytest" errors="0" failures="0" skipped="0" tests="112" time="2.016" timestamp="2026-09-07T22:25:17.024037-04:00" hostname="comrade"><testcase classname="tests.test_t11_scicomp" name="test_registry_has_expected_operation_count" time="0.001" /><testcase classname="tests.test_t11_scicomp" name="test_registry_hash_is_stable" time="0.001" /><testcase classname="tests.test_t11_scicomp" name="test_execute_returns_canonical_envelope" time="0.003" /><testcase classname="tests.test_t11_scicomp" name="test_execute_never_raises_on_garbage" time="0.001" /><testcase classname="tests.test_t11_scicomp" name="test_unknown_operation_lists_approved_operations" time="0.001" /><testcase classname="tests.test_t11_scicomp" name="test_validate_request_rejects_oversized_payload" time="0.035" /><testcase classname="tests.test_t11_scicomp" name="test_validate_request_rejects_bad_options" time="0.000" /><testcase classname="tests.test_t11_scicomp" name="test_resource_limit_on_dimension_caps" time="0.002" /><testcase classname="tests.test_t11_scicomp" name="test_output_row_cap_on_sweeps" time="0.001" /><testcase classname="tests.test_t11_scicomp" name="test_sweep_estimated_count_reported" time="0.001" /><testcase classname="tests.test_t11_scicomp" name="test_sandbox_allows_approved_math" time="0.001" /><testcase classname="tests.test_t11_scicomp" name="test_sandbox_rejects_every_forbidden_construct" time="0.001" /><testcase classname="tests.test_t11_scicomp" name="test_sandbox_rejects_unknown_free_names" time="0.000" /><testcase classname="tests.test_t11_scicomp" name="test_sandbox_rejects_undeclared_variable_in_ode_rhs" time="0.000" /><testcase classname="tests.test_t11_scicomp" name="test_sandbox_bounds_exponent_bombs" time="0.000" /><testcase classname="tests.test_t11_scicomp" name="test_sandbox_nan_and_overflow_fail_closed" time="0.000" /><testcase classname="tests.test_t11_scicomp" name="test_sandbox_missing_variable_is_invalid_input" time="0.000" /><testcase classname="tests.test_t11_scicomp" name="test_router_routes[Compute the eigenvalues of the matrix [[2,1],[1,2]]-LINEAR_ALGEBRA]" time="0.000" /><testcase classname="tests.test_t11_scicomp" name="test_router_routes[Integrate f(x)=x^2 from 0 to 1-NUMERICAL_INTEGRATION]" time="0.000" /><testcase classname="tests.test_t11_scicomp" name="test_router_routes[What is the derivative of sin(x) at x=0?-DERIVATIVE]" time="0.000" /><testcase classname="tests.test_t11_scicomp" name="test_router_routes[Find the root of x^2 - 2 between 0 and 5-ROOT_FINDING]" time="0.000" /><testcase classname="tests.test_t11_scicomp" name="test_router_routes[Solve the ODE dy/dt = -k*y with initial condition y(0)=1-ODE]" time="0.000" /><testcase classname="tests.test_t11_scicomp" name="test_router_routes[Minimize (x-2)^2 on the interval [-5, 5]-OPTIMIZATION]" time="0.000" /><testcase classname="tests.test_t11_scicomp" name="test_router_routes[Compute the mean and standard deviation of the sample-STATISTICS]" time="0.000" /><testcase classname="tests.test_t11_scicomp" name="test_router_routes[Interpolate the value at x=1.5 from the table-INTERPOLATION]" time="0.000" /><testcase classname="tests.test_t11_scicomp" name="test_router_routes[Do a parameter sweep over alpha and beta-PARAMETER_SWEEP]" time="0.000" /><testcase classname="tests.test_t11_scicomp" name="test_router_routes[Explain why the sky is blue-NO_COMPUTE]" time="0.000" /><testcase classname="tests.test_t11_scicomp" name="test_router_metrics" time="0.000" /><testcase classname="tests.test_t11_scicomp" name="test_matmul_correct" time="0.001" /><testcase classname="tests.test_t11_scicomp" name="test_matmul_dimension_mismatch_is_invalid" time="0.001" /><testcase classname="tests.test_t11_scicomp" name="test_linear_system_solve_with_diagnostics_and_cross_check" time="0.002" /><testcase classname="tests.test_t11_scicomp" name="test_singular_system_fails_closed" time="0.001" /><testcase classname="tests.test_t11_scicomp" name="test_ill_conditioned_system_warns_not_fails" time="0.001" /><testcase classname="tests.test_t11_scicomp" name="test_inverse_refuses_ill_conditioned_matrix" time="0.001" /><testcase classname="tests.test_t11_scicomp" name="test_inverse_of_singular_matrix_fails" time="0.001" /><testcase classname="tests.test_t11_scicomp" name="test_eigenvalues_complex_flagged" time="0.001" /><testcase classname="tests.test_t11_scicomp" name="test_derivative_matches_analytic" time="0.001" /><testcase classname="tests.test_t11_scicomp" name="test_second_derivative_matches_analytic" time="0.001" /><testcase classname="tests.test_t11_scicomp" name="test_integral_matches_analytic_with_cross_check" time="0.019" /><testcase classname="tests.test_t11_scicomp" name="test_integral_cross_check_unavailable_for_hard_integrand" time="0.235" /><testcase classname="tests.test_t11_scicomp" name="test_integral_divergent_fails" time="0.002" /><testcase classname="tests.test_t11_scicomp" name="test_bracketed_root_and_residual" time="0.001" /><testcase classname="tests.test_t11_scicomp" name="test_bracketed_root_without_sign_change_rejected" time="0.001" /><testcase classname="tests.test_t11_scicomp" name="test_nonbracketed_root_is_candidate_only" time="0.001" /><testcase classname="tests.test_t11_scicomp" name="test_ode_exact_solution_and_diagnostics" time="0.002" /><testcase classname="tests.test_t11_scicomp" name="test_ode_requires_matching_initial_state" time="0.001" /><testcase classname="tests.test_t11_scicomp" name="test_ode_rejects_nonfinite_span_and_state_dim" time="0.001" /><testcase classname="tests.test_t11_scicomp" name="test_ode_stiff_blowup_is_unknown_not_partial_success" time="0.023" /><testcase classname="tests.test_t11_scicomp" name="test_minimize_scalar_bounded" time="0.001" /><testcase classname="tests.test_t11_scicomp" name="test_minimize_nonconvergent_is_unknown" time="0.003" /><testcase classname="tests.test_t11_scicomp" name="test_descriptive_stats" time="0.002" /><testcase classname="tests.test_t11_scicomp" name="test_confidence_interval_requires_valid_confidence" time="0.001" /><testcase classname="tests.test_t11_scicomp" name="test_hypothesis_test_requires_explicit_equal_var" time="0.001" /><testcase classname="tests.test_t11_scicomp" name="test_hypothesis_test_reports_assumptions" time="0.001" /><testcase classname="tests.test_t11_scicomp" name="test_distribution_invalid_parameters_rejected" time="0.001" /><testcase classname="tests.test_t11_scicomp" name="test_interpolation_rejects_extrapolation" time="0.001" /><testcase classname="tests.test_t11_scicomp" name="test_polynomial_interpolation_overfit_guard" time="0.001" /><testcase classname="tests.test_t11_scicomp" name="test_curve_fit_recovers_exponential" time="0.002" /><testcase classname="tests.test_t11_scicomp" name="test_curve_fit_underdetermined_rejected" time="0.001" /><testcase classname="tests.test_t11_scicomp" name="test_sweep_matches_direct_evaluation" time="0.001" /><testcase classname="tests.test_t11_scicomp" name="test_unit_composition_velocity_over_time" time="0.002" /><testcase classname="tests.test_t11_scicomp" name="test_unit_mismatch_rejected" time="0.001" /><testcase classname="tests.test_t11_scicomp" name="test_unit_half_declaration_rejected" time="0.001" /><testcase classname="tests.test_t11_scicomp" name="test_computed_result_does_not_need_citation" time="0.000" /><testcase classname="tests.test_t11_scicomp" name="test_pass_envelope_maps_to_verified_firewall_trust" time="0.001" /><testcase classname="tests.test_t11_scicomp" name="test_numerical_warning_maps_to_unverified" time="0.002" /><testcase classname="tests.test_t11_scicomp" name="test_unknown_maps_to_unverified" time="0.025" /><testcase classname="tests.test_t11_scicomp" name="test_disagreeing_cross_check_maps_to_unverified" time="0.000" /><testcase classname="tests.test_t11_scicomp" name="test_firewall_module_untouched_by_t11" time="0.000" /><testcase classname="tests.test_t11_scicomp" name="test_invoke_flow_records_route_and_adoption" time="0.002" /><testcase classname="tests.test_t11_scicomp" name="test_invoke_rejects_code_smuggling_keys" time="0.002" /><testcase classname="tests.test_t11_scicomp" name="test_invoke_never_executes_generated_code" time="0.001" /><testcase classname="tests.test_t11_scicomp" name="test_observation_text_distinguishes_compute_failure" time="0.001" /><testcase classname="tests.test_t11_scicomp" name="test_identical_requests_identical_results" time="0.002" /><testcase classname="tests.test_t11_scicomp" name="test_result_serialization_is_json_safe" time="0.003" /><testcase classname="tests.test_t11_scicomp" name="test_output_byte_cap_trimmed_not_leaked" time="0.001" /><testcase classname="tests.test_t11_scicomp" name="test_wall_clock_timeout_returns_resource_limit" time="0.207" /><testcase classname="tests.test_t11_security" name="test_expression_attacks_rejected[__import__('os').system('echo pwned')]" time="0.004" /><testcase classname="tests.test_t11_security" name="test_expression_attacks_rejected[__import__('subprocess').run(['ls'])]" time="0.001" /><testcase classname="tests.test_t11_security" name="test_expression_attacks_rejected[__builtins__]" time="0.001" /><testcase classname="tests.test_t11_security" name="test_expression_attacks_rejected[__builtins__.__dict__]" time="0.001" /><testcase classname="tests.test_t11_security" name="test_expression_attacks_rejected[().__class__.__bases__[0].__subclasses__()]" time="0.001" /><testcase classname="tests.test_t11_security" name="test_expression_attacks_rejected[open('/etc/passwd').read()]" time="0.001" /><testcase classname="tests.test_t11_security" name="test_expression_attacks_rejected[open('data.txt','w')]" time="0.002" /><testcase classname="tests.test_t11_security" name="test_expression_attacks_rejected[eval('1+1')]" time="0.001" /><testcase classname="tests.test_t11_security" name="test_expression_attacks_rejected[exec('import os')]" time="0.002" /><testcase classname="tests.test_t11_security" name="test_expression_attacks_rejected[compile('1','x','eval')]" time="0.001" /><testcase classname="tests.test_t11_security" name="test_expression_attacks_rejected[globals()]" time="0.001" /><testcase classname="tests.test_t11_security" name="test_expression_attacks_rejected[locals()]" time="0.001" /><testcase classname="tests.test_t11_security" name="test_expression_attacks_rejected[x.attr.__dict__]" time="0.001" /><testcase classname="tests.test_t11_security" name="test_expression_attacks_rejected[os.path.join('a','b')]" time="0.001" /><testcase classname="tests.test_t11_security" name="test_expression_attacks_rejected[sys.exit(0)]" time="0.001" /><testcase classname="tests.test_t11_security" name="test_expression_attacks_rejected['%s'*10**9]" time="0.001" /><testcase classname="tests.test_t11_security" name="test_expression_attacks_rejected[f&quot;{__import__('os')}&quot;]" time="0.001" /><testcase classname="tests.test_t11_security" name="test_expression_attacks_rejected[input()]" time="0.002" /><testcase classname="tests.test_t11_security" name="test_expression_attacks_rejected[print(1)]" time="0.001" /><testcase classname="tests.test_t11_security" name="test_expression_attacks_rejected[[x for x in range(10**9)]]" time="0.001" /><testcase classname="tests.test_t11_security" name="test_expression_attacks_rejected[{i: i for i in range(10**9)}]" time="0.001" /><testcase classname="tests.test_t11_security" name="test_expression_attacks_rejected[9**9**9**9]" time="0.001" /><testcase classname="tests.test_t11_security" name="test_expression_attacks_rejected[factorial(10**9)]" time="0.001" /><testcase classname="tests.test_t11_security" name="test_nan_payload_rejected" time="0.000" /><testcase classname="tests.test_t11_security" name="test_infinity_payload_rejected" time="0.000" /><testcase classname="tests.test_t11_security" name="test_boolean_as_number_rejected" time="0.001" /><testcase classname="tests.test_t11_security" name="test_string_as_number_rejected" time="0.001" /><testcase classname="tests.test_t11_security" name="test_huge_sweep_rejected_before_allocation" time="0.001" /><testcase classname="tests.test_t11_security" name="test_deeply_nested_expression_rejected" time="0.000" /><testcase classname="tests.test_t11_security" name="test_ode_with_reserved_parameter_name_rejected" time="0.001" /><testcase classname="tests.test_t11_security" name="test_ode_with_nonfinite_parameter_rejected" time="0.000" /><testcase classname="tests.test_t11_security" name="test_no_code_keys_accepted_paths" time="0.000" /><testcase classname="tests.test_t11_security" name="test_executor_has_no_shell_or_network_surface" time="0.001" /><testcase classname="tests.test_t11_security" name="test_timeout_envelope_has_no_partial_result" time="0.201" /><testcase classname="tests.test_t11_security" name="test_rejection_yields_no_file_content" time="0.001" /></testsuite></testsuites>