<?xml version="1.0" encoding="utf-8"?><testsuites name="pytest tests"><testsuite name="pytest" errors="0" failures="0" skipped="2" tests="84" time="2.394" timestamp="2026-09-14T13:02:55.130007-04:00" hostname="comrade"><testcase classname="tests.test_t19_planning_security" name="test_planner_execute_refused" time="0.001" /><testcase classname="tests.test_t19_planning_security" name="test_no_side_effects_on_normal_plan" time="0.004" /><testcase classname="tests.test_t19_planning_security" name="test_prompt_injection_from_observation_is_data" time="0.003" /><testcase classname="tests.test_t19_planning_security" name="test_memory_document_web_injection_cannot_override_policy" time="0.001" /><testcase classname="tests.test_t19_planning_security" name="test_security_battery_goals" time="0.004" /><testcase classname="tests.test_t19_planning_security" name="test_paid_not_bypassed" time="0.000" /><testcase classname="tests.test_t19_planning_security" name="test_destructive_future_task_requires_approval" time="0.001" /><testcase classname="tests.test_t19_planning_security" name="test_executive_router_unchanged" time="0.001" /><testcase classname="tests.test_t18_memory_security" name="test_secret_write_blocked" time="0.196" /><testcase classname="tests.test_t18_memory_security" name="test_policy_write_blocked" time="0.049" /><testcase classname="tests.test_t18_memory_security" name="test_stored_injection_has_zero_authority" time="0.053" /><testcase classname="tests.test_t18_memory_security" name="test_sql_injection_is_literal" time="0.051" /><testcase classname="tests.test_t18_memory_security" name="test_unicode_and_control_chars" time="0.055" /><testcase classname="tests.test_t18_memory_security" name="test_cross_owner_query_string_cannot_escape" time="0.051" /><testcase classname="tests.test_t18_memory_security" name="test_baseline_disables_runtime" time="0.049" /><testcase classname="tests.test_t17_document_security" name="test_prompt_injection_ignored" time="0.003" /><testcase classname="tests.test_t17_document_security" name="test_pdf_injection_not_executed" time="0.002" /><testcase classname="tests.test_t17_document_security" name="test_path_traversal_blocked" time="0.001" /><testcase classname="tests.test_t17_document_security" name="test_unc_and_device_blocked" time="0.000" /><testcase classname="tests.test_t17_document_security" name="test_absolute_escape_blocked" time="0.001" /><testcase classname="tests.test_t17_document_security" name="test_zip_not_unpacked" time="0.002" /><testcase classname="tests.test_t17_document_security" name="test_formula_cells_are_data" time="0.002" /><testcase classname="tests.test_t17_document_security" name="test_strip_system_instructions" time="0.000" /><testcase classname="tests.test_t17_document_security" name="test_no_network_from_document" time="0.002" /><testcase classname="tests.test_t17_document_security" name="test_symlink_escape_blocked" time="0.003"><skipped type="pytest.skip" message="symlinks unavailable on this machine">C:\Users\allam\Documents\new\model\tests\test_t17_document_security.py:94: symlinks unavailable on this machine</skipped></testcase><testcase classname="tests.test_t17_document_security" name="test_resource_limit_blocks_oversized" time="0.004" /><testcase classname="tests.test_t16_web_security" name="test_html_prompt_injection_ignored" time="0.011" /><testcase classname="tests.test_t16_web_security" name="test_fake_system_message_stripped" time="0.000" /><testcase classname="tests.test_t16_web_security" name="test_secret_exfiltration_request_ignored" time="0.000" /><testcase classname="tests.test_t16_web_security" name="test_malicious_javascript_and_shell_not_executed" time="0.004" /><testcase classname="tests.test_t16_web_security" name="test_local_and_credential_urls_blocked" time="0.000" /><testcase classname="tests.test_t16_web_security" name="test_fake_government_and_journal_not_authoritative" time="0.005" /><testcase classname="tests.test_t16_web_security" name="test_fake_citation_not_emitted" time="0.008" /><testcase classname="tests.test_t16_web_security" name="test_benchmark_tampering_ignored" time="0.007" /><testcase classname="tests.test_t16_web_security" name="test_malicious_metadata_not_policy" time="0.002" /><testcase classname="tests.test_t16_web_security" name="test_redirect_does_not_launder_identity" time="0.001" /><testcase classname="tests.test_t15_code_security" name="test_path_traversal_refused" time="0.002" /><testcase classname="tests.test_t15_code_security" name="test_command_injection_refused" time="0.001" /><testcase classname="tests.test_t15_code_security" name="test_shell_metachar_network_refused" time="0.000" /><testcase classname="tests.test_t15_code_security" name="test_malicious_repo_instructions_are_data" time="0.004" /><testcase classname="tests.test_t15_code_security" name="test_prompt_injection_in_comments_ignored" time="0.009" /><testcase classname="tests.test_t15_code_security" name="test_fake_readme_instructions_refused" time="0.003" /><testcase classname="tests.test_t15_code_security" name="test_credential_exfiltration_redacted" time="0.000" /><testcase classname="tests.test_t15_code_security" name="test_remote_script_install_needs_permission" time="0.000" /><testcase classname="tests.test_t15_code_security" name="test_destructive_git_refused" time="0.002" /><testcase classname="tests.test_t15_code_security" name="test_symlink_escape_refused" time="0.003"><skipped type="pytest.skip" message="symlinks unavailable on this machine">C:\Users\allam\Documents\new\model\tests\test_t15_code_security.py:136: symlinks unavailable on this machine</skipped></testcase><testcase classname="tests.test_t15_code_security" name="test_test_weakening_request_rejected" time="0.010" /><testcase classname="tests.test_t15_code_security" name="test_benchmark_tampering_refused" time="0.004" /><testcase classname="tests.test_t15_code_security" name="test_security_battery_zero_violations" time="0.000" /><testcase classname="tests.test_t11_security" name="test_expression_attacks_rejected[__import__('os').system('echo pwned')]" time="0.002" /><testcase classname="tests.test_t11_security" name="test_expression_attacks_rejected[__import__('subprocess').run(['ls'])]" time="0.001" /><testcase classname="tests.test_t11_security" name="test_expression_attacks_rejected[__builtins__]" time="0.002" /><testcase classname="tests.test_t11_security" name="test_expression_attacks_rejected[__builtins__.__dict__]" time="0.001" /><testcase classname="tests.test_t11_security" name="test_expression_attacks_rejected[().__class__.__bases__[0].__subclasses__()]" time="0.001" /><testcase classname="tests.test_t11_security" name="test_expression_attacks_rejected[open('/etc/passwd').read()]" time="0.001" /><testcase classname="tests.test_t11_security" name="test_expression_attacks_rejected[open('data.txt','w')]" time="0.001" /><testcase classname="tests.test_t11_security" name="test_expression_attacks_rejected[eval('1+1')]" time="0.001" /><testcase classname="tests.test_t11_security" name="test_expression_attacks_rejected[exec('import os')]" time="0.001" /><testcase classname="tests.test_t11_security" name="test_expression_attacks_rejected[compile('1','x','eval')]" time="0.001" /><testcase classname="tests.test_t11_security" name="test_expression_attacks_rejected[globals()]" time="0.001" /><testcase classname="tests.test_t11_security" name="test_expression_attacks_rejected[locals()]" time="0.001" /><testcase classname="tests.test_t11_security" name="test_expression_attacks_rejected[x.attr.__dict__]" time="0.001" /><testcase classname="tests.test_t11_security" name="test_expression_attacks_rejected[os.path.join('a','b')]" time="0.001" /><testcase classname="tests.test_t11_security" name="test_expression_attacks_rejected[sys.exit(0)]" time="0.002" /><testcase classname="tests.test_t11_security" name="test_expression_attacks_rejected['%s'*10**9]" time="0.001" /><testcase classname="tests.test_t11_security" name="test_expression_attacks_rejected[f&quot;{__import__('os')}&quot;]" time="0.001" /><testcase classname="tests.test_t11_security" name="test_expression_attacks_rejected[input()]" time="0.001" /><testcase classname="tests.test_t11_security" name="test_expression_attacks_rejected[print(1)]" time="0.001" /><testcase classname="tests.test_t11_security" name="test_expression_attacks_rejected[[x for x in range(10**9)]]" time="0.001" /><testcase classname="tests.test_t11_security" name="test_expression_attacks_rejected[{i: i for i in range(10**9)}]" time="0.001" /><testcase classname="tests.test_t11_security" name="test_expression_attacks_rejected[9**9**9**9]" time="0.001" /><testcase classname="tests.test_t11_security" name="test_expression_attacks_rejected[factorial(10**9)]" time="0.001" /><testcase classname="tests.test_t11_security" name="test_nan_payload_rejected" time="0.000" /><testcase classname="tests.test_t11_security" name="test_infinity_payload_rejected" time="0.000" /><testcase classname="tests.test_t11_security" name="test_boolean_as_number_rejected" time="0.001" /><testcase classname="tests.test_t11_security" name="test_string_as_number_rejected" time="0.001" /><testcase classname="tests.test_t11_security" name="test_huge_sweep_rejected_before_allocation" time="0.001" /><testcase classname="tests.test_t11_security" name="test_deeply_nested_expression_rejected" time="0.001" /><testcase classname="tests.test_t11_security" name="test_ode_with_reserved_parameter_name_rejected" time="0.001" /><testcase classname="tests.test_t11_security" name="test_ode_with_nonfinite_parameter_rejected" time="0.000" /><testcase classname="tests.test_t11_security" name="test_no_code_keys_accepted_paths" time="0.009" /><testcase classname="tests.test_t11_security" name="test_executor_has_no_shell_or_network_surface" time="0.001" /><testcase classname="tests.test_t11_security" name="test_timeout_envelope_has_no_partial_result" time="0.203" /><testcase classname="tests.test_t11_security" name="test_rejection_yields_no_file_content" time="0.002" /></testsuite></testsuites>