<?xml version="1.0" encoding="utf-8"?><testsuites name="pytest tests"><testsuite name="pytest" errors="0" failures="0" skipped="0" tests="82" time="1.808" timestamp="2026-09-14T18:18:52.014299-04:00" hostname="comrade"><testcase classname="tests.test_rag_t5r" name="test_subroutes_are_the_six_declared" time="0.001" /><testcase classname="tests.test_rag_t5r" name="test_math_stays_math_never_retrieves" time="0.003" /><testcase classname="tests.test_rag_t5r" name="test_factual_science_retrieves" time="0.001" /><testcase classname="tests.test_rag_t5r" name="test_mixed_with_inline_constants_skips_retrieval" time="0.001" /><testcase classname="tests.test_rag_t5r" name="test_contested_question_routes_insufficient" time="0.001" /><testcase classname="tests.test_rag_t5r" name="test_general_route_eligibility_depends_on_science_vocabulary" time="0.000" /><testcase classname="tests.test_rag_t5r" name="test_compression_is_verbatim_and_budgeted" time="0.001" /><testcase classname="tests.test_rag_t5r" name="test_compression_skips_irrelevant_sentences" time="0.000" /><testcase classname="tests.test_rag_t5r" name="test_render_evidence_shape" time="0.000" /><testcase classname="tests.test_rag_t5r" name="test_firewall_block_marks_data_untrusted" time="0.000" /><testcase classname="tests.test_rag_t5r" name="test_extract_constants_assignment_and_fallback" time="0.001" /><testcase classname="tests.test_rag_t5r" name="test_mixed_plan_selfcontained_skips_retrieval" time="0.001" /><testcase classname="tests.test_rag_t5r" name="test_mixed_plan_retrieves_when_science_side_present" time="0.001" /><testcase classname="tests.test_rag_t5r" name="test_decompose_premise_split" time="0.000" /><testcase classname="tests.test_rag_t5r" name="test_decompose_two_questions" time="0.000" /><testcase classname="tests.test_rag_t5r" name="test_decompose_math_never_retrieves" time="0.000" /><testcase classname="tests.test_rag_t5r" name="test_compute_evidence_refs_claim_level" time="0.000" /><testcase classname="tests.test_rag_t5r" name="test_validate_evidence_refs_fail_closed" time="0.000" /><testcase classname="tests.test_rag_t5r" name="test_attach_deterministic_citations_renders_sources" time="0.000" /><testcase classname="tests.test_rag_t5r" name="test_attach_drops_out_of_range_refs" time="0.000" /><testcase classname="tests.test_rag_t5r" name="test_attach_never_cites_unsupported_chunk" time="0.000" /><testcase classname="tests.test_rag_t5r" name="test_injection_inside_evidence_never_enters_instructions" time="0.000" /><testcase classname="tests.test_rag_t5r" name="test_injection_phrases_do_not_change_route_or_eligibility" time="0.001" /><testcase classname="tests.test_rag_t5r" name="test_injection_cannot_turn_math_into_retrieval" time="0.000" /><testcase classname="tests.test_rag_t5r" name="test_conflict_state_instructions_exist_for_all_states" time="0.000" /><testcase classname="tests.test_rag_t5r" name="test_conflict_detection_still_fires_on_real_negation" time="0.000" /><testcase classname="tests.test_rag_t5r" name="test_conflict_note_is_prepended_to_evidence" time="0.000" /><testcase classname="tests.test_rag_t5r" name="test_t5r_math_prompt_has_no_retrieval_text" time="0.000" /><testcase classname="tests.test_rag_t5r" name="test_t5r_mixed_prompt_has_constants_and_tool_rule" time="0.000" /><testcase classname="tests.test_rag_t5r" name="test_t5r_factual_science_without_evidence_says_insufficiency_path" time="0.000" /><testcase classname="tests.test_rag_t5r" name="test_t5r_multihop_prompt_lists_hops_format" time="0.000" /><testcase classname="tests.test_rag_t5r" name="test_t5r_multihop_with_compute_hop_gets_tool_protocol" time="0.000" /><testcase classname="tests.test_rag_t5r" name="test_t5r_general_prompt_is_bare" time="0.000" /><testcase classname="tests.test_rag_t5r" name="test_t5r_extraction_strips_sources_footer" time="0.001" /><testcase classname="tests.test_rag_t5r" name="test_t5r_extraction_bold_mcq" time="0.000" /><testcase classname="tests.test_rag_t5r" name="test_t5r_extraction_latex_units" time="0.001" /><testcase classname="tests.test_rag_t5r" name="test_t5r_extraction_structured_hops" time="0.000" /><testcase classname="tests.test_rag_t5r" name="test_t5r_extraction_sentence_form" time="0.000" /><testcase classname="tests.test_rag_t5r" name="test_t5r_extraction_does_not_invent_answers" time="0.000" /><testcase classname="tests.test_rag_t5r" name="test_contested_re_does_not_match_physics_senses" time="0.000" /><testcase classname="tests.test_rag_t5r" name="test_supplied_constants_re_requires_assignment_or_convert_shape" time="0.000" /><testcase classname="tests.test_rag_t5r" name="test_const_assign_re_keeps_scientific_notation_exponent" time="0.000" /><testcase classname="tests.test_rag_t5r" name="test_value_unit_re_prefers_compound_units" time="0.000" /><testcase classname="tests.test_rag_t5r" name="test_compression_keeps_top_sentence_when_relevance_gate_scores_zero" time="0.000" /><testcase classname="tests.test_rag_t5r" name="test_compression_budget_includes_render_scaffold" time="0.000" /><testcase classname="tests.test_rag_t5r" name="test_compression_ratio_none_when_nothing_selected" time="0.000" /><testcase classname="tests.test_rag_t5r" name="test_validate_evidence_refs_rejects_bool" time="0.000" /><testcase classname="tests.test_rag_t5r" name="test_t5r_multihop_empty_hop_gets_marker_not_other_hops_chunks" time="0.000" /><testcase classname="tests.test_rag_t5r" name="test_conflict_note_ends_with_gradable_insufficiency" time="0.000" /><testcase classname="tests.test_rag_t5r" name="test_signals_uncertainty_recognizes_t5r_insufficiency_reply" time="0.000" /><testcase classname="tests.test_rag_t5r" name="test_mixed_prompt_carries_full_tool_protocol" time="0.000" /><testcase classname="tests.test_rag_t5r" name="test_mixed_plan_prompt_never_drops_evidence" time="0.000" /><testcase classname="tests.test_rag_t5r" name="test_premise_hop_gets_given_in_question_block" time="0.000" /><testcase classname="tests.test_scicomp_registry_active" name="test_scicomp_availability_active_and_executable" time="0.001" /><testcase classname="tests.test_scicomp_registry_active" name="test_scicomp_invariants_unchanged" time="0.000" /><testcase classname="tests.test_scicomp_registry_active" name="test_promoted_capability_stack_active" time="0.000" /><testcase classname="tests.test_scicomp_registry_active" name="test_scicomp_implementation_hash_unchanged" time="0.018" /><testcase classname="tests.test_scicomp_registry_active" name="test_protection_historical_floors_preserved" time="0.002" /><testcase classname="tests.test_t14_executive_router.TestSkillRegistry" name="test_closed_catalogue" time="0.001" /><testcase classname="tests.test_t14_executive_router.TestSkillRegistry" name="test_availability_states" time="0.000" /><testcase classname="tests.test_t14_executive_router.TestSkillRegistry" name="test_unknown_skill_rejected" time="0.001" /><testcase classname="tests.test_t14_executive_router.TestSkillRegistry" name="test_registry_hash_stable" time="0.001" /><testcase classname="tests.test_t14_executive_router.TestRoutingSchema" name="test_record_fields" time="0.001" /><testcase classname="tests.test_t14_executive_router.TestRoutingSchema" name="test_reason_is_not_chain_of_thought" time="0.001" /><testcase classname="tests.test_t14_executive_router.TestRoutes" name="test_general_conversation" time="0.001" /><testcase classname="tests.test_t14_executive_router.TestRoutes" name="test_math_t4" time="0.001" /><testcase classname="tests.test_t14_executive_router.TestRoutes" name="test_scicomp_required" time="0.001" /><testcase classname="tests.test_t14_executive_router.TestRoutes" name="test_retrieval" time="0.001" /><testcase classname="tests.test_t14_executive_router.TestRoutes" name="test_insufficient" time="0.001" /><testcase classname="tests.test_t14_executive_router.TestUnavailableAndPaid" name="test_code_not_faked" time="0.001" /><testcase classname="tests.test_t14_executive_router.TestUnavailableAndPaid" name="test_web_not_faked" time="0.002" /><testcase classname="tests.test_t14_executive_router.TestUnavailableAndPaid" name="test_paid_compute_blocked" time="0.001" /><testcase classname="tests.test_t14_executive_router.TestUnavailableAndPaid" name="test_unknown_skill_not_invented" time="0.002" /><testcase classname="tests.test_t14_executive_router.TestMultiSkillAndDepth" name="test_depth_cap" time="0.001" /><testcase classname="tests.test_t14_executive_router.TestMultiSkillAndDepth" name="test_mixed_rag_scicomp_bounded" time="0.001" /><testcase classname="tests.test_t14_executive_router.TestMultiSkillAndDepth" name="test_planning_then_tool" time="0.001" /><testcase classname="tests.test_t14_executive_router.TestPermissionsAndCost" name="test_no_invented_permissions" time="0.001" /><testcase classname="tests.test_t14_executive_router.TestPermissionsAndCost" name="test_code_skill_declares_permissions_but_is_not_executed" time="0.001" /><testcase classname="tests.test_t14_executive_router.TestPermissionsAndCost" name="test_cost_local_free_for_t4" time="0.001" /><testcase classname="tests.test_t14_executive_router.TestFailureTaxonomyAndTrace" name="test_taxonomy_complete" time="0.000" /><testcase classname="tests.test_t14_executive_router.TestFailureTaxonomyAndTrace" name="test_unavailable_gold_is_ok" time="0.001" /><testcase classname="tests.test_t14_executive_router.TestFailureTaxonomyAndTrace" name="test_trace_has_no_private_cot" time="0.001" /></testsuite></testsuites>