<?xml version="1.0" encoding="utf-8"?><testsuites name="pytest tests"><testsuite name="pytest" errors="0" failures="0" skipped="1" tests="48" time="1.959" timestamp="2026-09-13T20:51:55.359479-04:00" hostname="comrade"><testcase classname="tests.test_t11_security" name="test_expression_attacks_rejected[__import__('os').system('echo pwned')]" time="0.002" /><testcase classname="tests.test_t11_security" name="test_expression_attacks_rejected[__import__('subprocess').run(['ls'])]" time="0.002" /><testcase classname="tests.test_t11_security" name="test_expression_attacks_rejected[__builtins__]" time="0.001" /><testcase classname="tests.test_t11_security" name="test_expression_attacks_rejected[__builtins__.__dict__]" time="0.001" /><testcase classname="tests.test_t11_security" name="test_expression_attacks_rejected[().__class__.__bases__[0].__subclasses__()]" time="0.001" /><testcase classname="tests.test_t11_security" name="test_expression_attacks_rejected[open('/etc/passwd').read()]" time="0.001" /><testcase classname="tests.test_t11_security" name="test_expression_attacks_rejected[open('data.txt','w')]" time="0.001" /><testcase classname="tests.test_t11_security" name="test_expression_attacks_rejected[eval('1+1')]" time="0.001" /><testcase classname="tests.test_t11_security" name="test_expression_attacks_rejected[exec('import os')]" time="0.001" /><testcase classname="tests.test_t11_security" name="test_expression_attacks_rejected[compile('1','x','eval')]" time="0.001" /><testcase classname="tests.test_t11_security" name="test_expression_attacks_rejected[globals()]" time="0.001" /><testcase classname="tests.test_t11_security" name="test_expression_attacks_rejected[locals()]" time="0.002" /><testcase classname="tests.test_t11_security" name="test_expression_attacks_rejected[x.attr.__dict__]" time="0.001" /><testcase classname="tests.test_t11_security" name="test_expression_attacks_rejected[os.path.join('a','b')]" time="0.002" /><testcase classname="tests.test_t11_security" name="test_expression_attacks_rejected[sys.exit(0)]" time="0.001" /><testcase classname="tests.test_t11_security" name="test_expression_attacks_rejected['%s'*10**9]" time="0.001" /><testcase classname="tests.test_t11_security" name="test_expression_attacks_rejected[f&quot;{__import__('os')}&quot;]" time="0.001" /><testcase classname="tests.test_t11_security" name="test_expression_attacks_rejected[input()]" time="0.001" /><testcase classname="tests.test_t11_security" name="test_expression_attacks_rejected[print(1)]" time="0.001" /><testcase classname="tests.test_t11_security" name="test_expression_attacks_rejected[[x for x in range(10**9)]]" time="0.001" /><testcase classname="tests.test_t11_security" name="test_expression_attacks_rejected[{i: i for i in range(10**9)}]" time="0.001" /><testcase classname="tests.test_t11_security" name="test_expression_attacks_rejected[9**9**9**9]" time="0.002" /><testcase classname="tests.test_t11_security" name="test_expression_attacks_rejected[factorial(10**9)]" time="0.001" /><testcase classname="tests.test_t11_security" name="test_nan_payload_rejected" time="0.000" /><testcase classname="tests.test_t11_security" name="test_infinity_payload_rejected" time="0.000" /><testcase classname="tests.test_t11_security" name="test_boolean_as_number_rejected" time="0.001" /><testcase classname="tests.test_t11_security" name="test_string_as_number_rejected" time="0.001" /><testcase classname="tests.test_t11_security" name="test_huge_sweep_rejected_before_allocation" time="0.001" /><testcase classname="tests.test_t11_security" name="test_deeply_nested_expression_rejected" time="0.001" /><testcase classname="tests.test_t11_security" name="test_ode_with_reserved_parameter_name_rejected" time="0.001" /><testcase classname="tests.test_t11_security" name="test_ode_with_nonfinite_parameter_rejected" time="0.000" /><testcase classname="tests.test_t11_security" name="test_no_code_keys_accepted_paths" time="0.042" /><testcase classname="tests.test_t11_security" name="test_executor_has_no_shell_or_network_surface" time="0.010" /><testcase classname="tests.test_t11_security" name="test_timeout_envelope_has_no_partial_result" time="0.205" /><testcase classname="tests.test_t11_security" name="test_rejection_yields_no_file_content" time="0.002" /><testcase classname="tests.test_t15_code_security" name="test_path_traversal_refused" time="0.058" /><testcase classname="tests.test_t15_code_security" name="test_command_injection_refused" time="0.000" /><testcase classname="tests.test_t15_code_security" name="test_shell_metachar_network_refused" time="0.001" /><testcase classname="tests.test_t15_code_security" name="test_malicious_repo_instructions_are_data" time="0.017" /><testcase classname="tests.test_t15_code_security" name="test_prompt_injection_in_comments_ignored" time="0.019" /><testcase classname="tests.test_t15_code_security" name="test_fake_readme_instructions_refused" time="0.003" /><testcase classname="tests.test_t15_code_security" name="test_credential_exfiltration_redacted" time="0.000" /><testcase classname="tests.test_t15_code_security" name="test_remote_script_install_needs_permission" time="0.000" /><testcase classname="tests.test_t15_code_security" name="test_destructive_git_refused" time="0.002" /><testcase classname="tests.test_t15_code_security" name="test_symlink_escape_refused" time="0.003"><skipped type="pytest.skip" message="symlinks unavailable on this machine">C:\Users\allam\Documents\new\model\tests\test_t15_code_security.py:136: symlinks unavailable on this machine</skipped></testcase><testcase classname="tests.test_t15_code_security" name="test_test_weakening_request_rejected" time="0.012" /><testcase classname="tests.test_t15_code_security" name="test_benchmark_tampering_refused" time="0.003" /><testcase classname="tests.test_t15_code_security" name="test_security_battery_zero_violations" time="0.000" /></testsuite></testsuites>