<?xml version="1.0" encoding="utf-8"?><testsuites name="pytest tests"><testsuite name="pytest" errors="0" failures="0" skipped="0" tests="3189" time="218.589" timestamp="2026-09-20T14:50:27.962154-04:00" hostname="comrade"><testcase classname="tests.test_corpus_and_comparison.TestFrozenCorpus" name="test_checksums_match" time="0.037" /><testcase classname="tests.test_corpus_and_comparison.TestFrozenCorpus" name="test_mix_within_contract" time="0.002" /><testcase classname="tests.test_corpus_and_comparison.TestFrozenCorpus" name="test_contamination_gate_ran_and_passed" time="0.001" /><testcase classname="tests.test_corpus_and_comparison.TestFrozenCorpus" name="test_manifest_records_provenance_fields" time="0.002" /><testcase classname="tests.test_corpus_and_comparison.TestFrozenCorpus" name="test_no_eval_question_in_train" time="0.186" /><testcase classname="tests.test_corpus_and_comparison.TestFrozenCorpus" name="test_every_record_closes_with_boxed_marker" time="0.050" /><testcase classname="tests.test_corpus_and_comparison.TestFrozenCorpus" name="test_math_science_closures_use_correct_marker" time="0.052" /><testcase classname="tests.test_corpus_and_comparison.TestComparisonLogic" name="test_deltas_are_percentage_points" time="0.004" /><testcase classname="tests.test_corpus_and_comparison.TestComparisonLogic" name="test_per_category_delta" time="0.002" /><testcase classname="tests.test_corpus_and_comparison.TestComparisonLogic" name="test_gate_flags_material_science_regression" time="0.002" /><testcase classname="tests.test_corpus_and_comparison.TestComparisonLogic" name="test_gate_not_evaluable_without_tuned_science" time="0.001" /><testcase classname="tests.test_curriculum_core" name="test_taxonomy_complete_and_consistent" time="0.002" /><testcase classname="tests.test_curriculum_core" name="test_matrix_roundtrip" time="0.002" /><testcase classname="tests.test_curriculum_core" name="test_level_defs_valid[1]" time="0.002" /><testcase classname="tests.test_curriculum_core" name="test_level_defs_valid[2]" time="0.002" /><testcase classname="tests.test_curriculum_core" name="test_level_defs_valid[3]" time="0.002" /><testcase classname="tests.test_curriculum_core" name="test_level_defs_valid[4]" time="0.002" /><testcase classname="tests.test_curriculum_core" name="test_level_defs_valid[5]" time="0.002" /><testcase classname="tests.test_curriculum_core" name="test_level_defs_valid[6]" time="0.002" /><testcase classname="tests.test_curriculum_core" name="test_level_defs_valid[7]" time="0.002" /><testcase classname="tests.test_curriculum_core" name="test_level_defs_valid[8]" time="0.002" /><testcase classname="tests.test_curriculum_core" name="test_tracks_covered_monotonic" time="0.002" /><testcase classname="tests.test_curriculum_core" name="test_generators_verified_and_cross_checked" time="0.105" /><testcase classname="tests.test_curriculum_core" name="test_generator_determinism" time="0.003" /><testcase classname="tests.test_curriculum_core" name="test_replay_selection_stratified_and_deterministic" time="0.005" /><testcase classname="tests.test_curriculum_core" name="test_replay_excludes_stage_questions" time="0.002" /><testcase classname="tests.test_curriculum_core" name="test_gate_keep_and_reject" time="0.002" /><testcase classname="tests.test_curriculum_core" name="test_pp_drop_none_safe" time="0.002" /><testcase classname="tests.test_curriculum_core" name="test_pareto_and_promotion_log" time="4.068" /><testcase classname="tests.test_curriculum_core" name="test_plan_validation_and_routing" time="0.001" /><testcase classname="tests.test_curriculum_core" name="test_parse_plan_from_output" time="0.002" /><testcase classname="tests.test_curriculum_core" name="test_routing_metrics" time="0.002" /><testcase classname="tests.test_curriculum_core" name="test_counterfactual_kinds" time="0.001" /><testcase classname="tests.test_curriculum_core" name="test_failure_memory_classification_and_log" time="0.016" /><testcase classname="tests.test_curriculum_core" name="test_counterfactual_eval_scoring" time="0.006" /><testcase classname="tests.test_curriculum_core" name="test_eval_core_item_schema" time="0.002" /><testcase classname="tests.test_curriculum_core" name="test_contamination_check_flags_overlap" time="0.002" /><testcase classname="tests.test_curriculum_core" name="test_freeze_and_verify_roundtrip" time="0.020" /><testcase classname="tests.test_curriculum_core" name="test_frozen_suites_exist_and_verify" time="0.012" /><testcase classname="tests.test_curriculum_core" name="test_curriculum_gates_config_declares_all_dimensions" time="0.084" /><testcase classname="tests.test_curriculum_core" name="test_stage_corpus_frozen_and_checksummed" time="0.009" /><testcase classname="tests.test_curriculum_core" name="test_frozen_v1_corpus_untouched" time="0.036" /><testcase classname="tests.test_dedup" name="test_exact_duplicates_removed" time="0.002" /><testcase classname="tests.test_dedup" name="test_normalized_duplicates_removed" time="0.002" /><testcase classname="tests.test_dedup" name="test_distinct_questions_kept" time="0.002" /><testcase classname="tests.test_dedup" name="test_prefer_record_with_solution" time="0.002" /><testcase classname="tests.test_dedup" name="test_near_duplicates_clustered" time="0.002" /><testcase classname="tests.test_dedup" name="test_jaccard_basics" time="0.001" /><testcase classname="tests.test_dedup" name="test_no_crash_on_empty_and_tiny_questions" time="0.001" /><testcase classname="tests.test_eval_suite" name="test_verify_clean_suite_passes" time="0.024" /><testcase classname="tests.test_eval_suite" name="test_verify_detects_tampered_question_file" time="0.039" /><testcase classname="tests.test_eval_suite" name="test_verify_detects_missing_file" time="0.023" /><testcase classname="tests.test_eval_suite" name="test_verify_reports_extra_unlisted_files" time="0.024" /><testcase classname="tests.test_eval_suite" name="test_freeze_refuses_existing_suite" time="0.025" /><testcase classname="tests.test_eval_suite" name="test_done_eval_ids_and_resume_skip" time="0.010" /><testcase classname="tests.test_eval_suite" name="test_prediction_writer_flushes_each_record" time="0.015" /><testcase classname="tests.test_eval_suite" name="test_sample_plan_counts_and_synthetic_isolation" time="0.003" /><testcase classname="tests.test_eval_suite" name="test_sampling_is_deterministic" time="0.003" /><testcase classname="tests.test_eval_suite" name="test_stable_seed_no_python_hash" time="0.002" /><testcase classname="tests.test_eval_suite" name="test_eval_ids_unique_and_stable" time="0.002" /><testcase classname="tests.test_eval_suite" name="test_leakage_gate_fails_on_direct" time="0.016" /><testcase classname="tests.test_executive_core" name="test_valid_transitions_accepted" time="0.002" /><testcase classname="tests.test_executive_core" name="test_invalid_transition_fails_closed" time="0.002" /><testcase classname="tests.test_executive_core" name="test_terminal_states_have_no_outgoing" time="0.001" /><testcase classname="tests.test_executive_core" name="test_all_stop_reasons_map_to_terminal_states" time="0.002" /><testcase classname="tests.test_executive_core" name="test_run_state_roundtrip_and_schema_rejection" time="0.001" /><testcase classname="tests.test_executive_core" name="test_budget_exceeded_priority_and_none" time="0.002" /><testcase classname="tests.test_executive_core" name="test_classification_deterministic" time="0.010" /><testcase classname="tests.test_executive_core" name="test_classification_complexity_buckets" time="0.002" /><testcase classname="tests.test_executive_core" name="test_classification_resources" time="0.002" /><testcase classname="tests.test_executive_core" name="test_fast_path_eligibility" time="0.002" /><testcase classname="tests.test_executive_core" name="test_understanding_extraction" time="0.002" /><testcase classname="tests.test_executive_core" name="test_distractor_labels_and_filter" time="0.002" /><testcase classname="tests.test_executive_core" name="test_conflict_detection" time="0.005" /><testcase classname="tests.test_executive_core" name="test_conflict_detection_negative_multi_value" time="0.001" /><testcase classname="tests.test_executive_core" name="test_valid_plan_passes" time="0.002" /><testcase classname="tests.test_executive_core" name="test_invalid_plans_fail[plan0-duplicate]" time="0.002" /><testcase classname="tests.test_executive_core" name="test_invalid_plans_fail[plan1-action]" time="0.002" /><testcase classname="tests.test_executive_core" name="test_invalid_plans_fail[plan2-earlier]" time="0.002" /><testcase classname="tests.test_executive_core" name="test_invalid_plans_fail[plan3-SYNTHESIZE]" time="0.001" /><testcase classname="tests.test_executive_core" name="test_invalid_plans_fail[plan4-one SYNTHESIZE]" time="0.002" /><testcase classname="tests.test_executive_core" name="test_plan_too_many_steps" time="0.002" /><testcase classname="tests.test_executive_core" name="test_parse_model_plan" time="0.001" /><testcase classname="tests.test_executive_core" name="test_fallback_plan_valid_by_construction" time="0.001" /><testcase classname="tests.test_executive_core" name="test_fallback_plan_math_without_expression" time="0.002" /><testcase classname="tests.test_executive_core" name="test_citation_verification_fail_closed" time="0.002" /><testcase classname="tests.test_executive_core" name="test_citation_prose_is_not_a_citation" time="0.002" /><testcase classname="tests.test_executive_core" name="test_verify_final_tool_match" time="0.001" /><testcase classname="tests.test_executive_core" name="test_verify_final_retrieval_without_citations_is_unknown" time="0.001" /><testcase classname="tests.test_executive_core" name="test_uncertainty_mapping_priority" time="0.002" /><testcase classname="tests.test_executive_core" name="test_decline_not_triggered_by_single_empty_retrieval" time="0.002" /><testcase classname="tests.test_executive_core" name="test_decline_answer_uses_frozen_insufficiency_sentence" time="0.002" /><testcase classname="tests.test_executive_core" name="test_all_statuses_in_closed_set" time="0.002" /><testcase classname="tests.test_executive_core" name="test_correction_gate_requires_external_evidence" time="0.002" /><testcase classname="tests.test_executive_core" name="test_parse_correction_overcorrection_protection" time="0.002" /><testcase classname="tests.test_executive_core" name="test_checkpoint_atomic_save_load_resume" time="0.017" /><testcase classname="tests.test_executive_core" name="test_signature_stable" time="0.002" /><testcase classname="tests.test_executive_core" name="test_replan_triggers_and_stall" time="0.002" /><testcase classname="tests.test_executive_core" name="test_loop_stall_after_repeated_identical_plan" time="0.002" /><testcase classname="tests.test_executive_core" name="test_runner_fast_path_simple_question" time="0.136" /><testcase classname="tests.test_executive_core" name="test_runner_fast_path_bypass_off" time="0.033" /><testcase classname="tests.test_executive_core" name="test_runner_full_loop_with_evidence" time="0.035" /><testcase classname="tests.test_executive_core" name="test_runner_replan_reexecutes_replacement_plan" time="0.046" /><testcase classname="tests.test_executive_core" name="test_runner_zero_model_call_budget_makes_no_calls" time="0.008" /><testcase classname="tests.test_executive_core" name="test_runner_checkpoint_resume_restores_state" time="0.023" /><testcase classname="tests.test_executive_core" name="test_correction_ctx_requires_real_evidence" time="0.002" /><testcase classname="tests.test_executive_core" name="test_runner_plan_fallback_on_garbage_model_plan" time="0.034" /><testcase classname="tests.test_executive_core" name="test_runner_model_call_failure_is_recorded_not_raised" time="0.034" /><testcase classname="tests.test_executive_core" name="test_execute_plan_resume_skips_completed_steps" time="0.020" /><testcase classname="tests.test_executive_core" name="test_off_arm_shape_matches_on_arm_result_schema" time="0.012" /><testcase classname="tests.test_executive_core" name="test_citation_source_prefix_is_anchored" time="0.002" /><testcase classname="tests.test_executive_core" name="test_citation_colon_chunk_ids_parse" time="0.002" /><testcase classname="tests.test_executive_core" name="test_verify_math_answer_dict_payload" time="0.002" /><testcase classname="tests.test_executive_core" name="test_master_switch_off_runs_direct_path" time="0.009" /><testcase classname="tests.test_executive_core" name="test_amend_plan_retrieval_failure_forces_retrieval" time="0.002" /><testcase classname="tests.test_executive_core" name="test_retrieval_history_survives_replan_rearm" time="0.025" /><testcase classname="tests.test_extraction" name="test_strip_think_closed_full_block" time="0.002" /><testcase classname="tests.test_extraction" name="test_strip_think_same_line" time="0.002" /><testcase classname="tests.test_extraction" name="test_strip_think_empty_block" time="0.002" /><testcase classname="tests.test_extraction" name="test_strip_think_multiline_visible_answer" time="0.002" /><testcase classname="tests.test_extraction" name="test_strip_think_unclosed_returns_empty" time="0.002" /><testcase classname="tests.test_extraction" name="test_strip_think_absent_passthrough" time="0.002" /><testcase classname="tests.test_extraction" name="test_strip_think_closed_takes_last_block" time="0.002" /><testcase classname="tests.test_extraction" name="test_ordinary_word_think_untouched" time="0.002" /><testcase classname="tests.test_extraction" name="test_extract_boxed_math" time="0.002" /><testcase classname="tests.test_extraction" name="test_extract_boxed_nested_braces" time="0.002" /><testcase classname="tests.test_extraction" name="test_extract_last_boxed_wins" time="0.002" /><testcase classname="tests.test_extraction" name="test_extract_hash_marker_gsm8k" time="0.002" /><testcase classname="tests.test_extraction" name="test_extract_answer_is_prose" time="0.002" /><testcase classname="tests.test_extraction" name="test_extract_bare_last_line" time="0.002" /><testcase classname="tests.test_extraction" name="test_extract_none_when_nothing_gradable" time="0.002" /><testcase classname="tests.test_extraction" name="test_extract_in_think_block_answer_is_not_scored" time="0.002" /><testcase classname="tests.test_extraction" name="test_extract_visible_wrong_answer_wins_over_hidden" time="0.001" /><testcase classname="tests.test_extraction" name="test_extract_mcq_letter" time="0.002" /><testcase classname="tests.test_extraction" name="test_extract_mcq_invalid_letter_is_none" time="0.002" /><testcase classname="tests.test_extraction" name="test_extract_mcq_think_then_letter" time="0.002" /><testcase classname="tests.test_extraction" name="test_answers_match_numeric_tolerance" time="0.002" /><testcase classname="tests.test_extraction" name="test_answers_match_commas_and_dollars" time="0.002" /><testcase classname="tests.test_extraction" name="test_answers_match_identical_latex_frac" time="0.002" /><testcase classname="tests.test_extraction" name="test_answers_match_frac_vs_decimal_is_t2_limitation" time="0.002" /><testcase classname="tests.test_extraction" name="test_answers_match_text_normalization" time="0.002" /><testcase classname="tests.test_extraction" name="test_answers_match_none_extracted" time="0.002" /><testcase classname="tests.test_extraction" name="test_signals_uncertainty_positive" time="0.002" /><testcase classname="tests.test_extraction" name="test_signals_uncertainty_negative" time="0.001" /><testcase classname="tests.test_gates_and_attach.TestContaminationGate" name="test_gate_removes_exact_eval_question" time="0.060" /><testcase classname="tests.test_gates_and_attach.TestContaminationGate" name="test_gate_keeps_unrelated_records_untouched" time="0.039" /><testcase classname="tests.test_gates_and_attach.TestContaminationGate" name="test_gate_flags_near_duplicates_above_threshold" time="0.052" /><testcase classname="tests.test_gates_and_attach.TestQuotaSampling" name="test_general_slice_taken_whole" time="0.006" /><testcase classname="tests.test_gates_and_attach.TestQuotaSampling" name="test_math_quota_follows_mix_ratio" time="0.005" /><testcase classname="tests.test_gates_and_attach.TestQuotaSampling" name="test_science_bounded_by_pool_and_mix" time="0.008" /><testcase classname="tests.test_gates_and_attach.TestQuotaSampling" name="test_subject_quotas_respect_pool_limits" time="0.006" /><testcase classname="tests.test_gates_and_attach.TestQuotaSampling" name="test_sampling_is_deterministic" time="0.009" /><testcase classname="tests.test_gates_and_attach.TestVerifyCorpus" name="test_verify_real_frozen_corpus" time="0.036" /><testcase classname="tests.test_gates_and_attach.TestVerifyCorpus" name="test_verify_detects_tampered_file" time="0.020" /><testcase classname="tests.test_gates_and_attach.TestVerifyCorpus" name="test_verify_detects_missing_file" time="0.011" /><testcase classname="tests.test_gates_and_attach.TestAttachLora" name="test_attach_returns_active_peft_model" time="20.968" /><testcase classname="tests.test_gates_and_attach.TestAttachLora" name="test_base_weights_frozen_and_lora_trainable" time="0.010" /><testcase classname="tests.test_gates_and_attach.TestAttachLora" name="test_targeted_modules_get_adapters" time="0.011" /><testcase classname="tests.test_gates_and_attach.TestAdapterManifest" name="test_manifest_contains_required_provenance" time="1.656" /><testcase classname="tests.test_hardware" name="test_detection_never_raises" time="0.003" /><testcase classname="tests.test_hardware" name="test_recommendations_cover_settings" time="0.002" /><testcase classname="tests.test_hardware" name="test_6gb_profile_is_conservative" time="0.003" /><testcase classname="tests.test_hardware" name="test_cpu_only_profile_disables_training" time="0.003" /><testcase classname="tests.test_hardware" name="test_small_vram_disables_training" time="0.003" /><testcase classname="tests.test_historical_artifact_write_guard" name="test_t16_harness_invokes_probe_with_milestone_local_out" time="0.005" /><testcase classname="tests.test_historical_artifact_write_guard" name="test_t17_harness_invokes_probe_with_milestone_local_out" time="0.008" /><testcase classname="tests.test_historical_artifact_write_guard" name="test_t18_harness_invokes_probe_with_milestone_local_out" time="0.008" /><testcase classname="tests.test_historical_artifact_write_guard" name="test_t19_harness_invokes_probe_with_milestone_local_out" time="0.008" /><testcase classname="tests.test_historical_artifact_write_guard" name="test_t20_harness_invokes_probe_with_milestone_local_out" time="0.007" /><testcase classname="tests.test_historical_artifact_write_guard" name="test_t21_harness_invokes_probe_with_milestone_local_out" time="0.010" /><testcase classname="tests.test_historical_artifact_write_guard" name="test_t21r_harness_invokes_probe_with_milestone_local_out" time="0.008" /><testcase classname="tests.test_historical_artifact_write_guard" name="test_t21r2_harness_invokes_probe_with_milestone_local_out" time="0.009" /><testcase classname="tests.test_historical_artifact_write_guard" name="test_t21r3_harness_invokes_probe_with_milestone_local_out" time="0.008" /><testcase classname="tests.test_historical_artifact_write_guard" name="test_t21r4_harness_invokes_probe_with_milestone_local_out" time="0.006" /><testcase classname="tests.test_historical_artifact_write_guard" name="test_t21r5_harness_invokes_probe_with_milestone_local_out" time="0.009" /><testcase classname="tests.test_historical_artifact_write_guard" name="test_t21r6_harness_invokes_probe_with_milestone_local_out" time="0.012" /><testcase classname="tests.test_historical_artifact_write_guard" name="test_out_destinations_are_milestone_local" time="0.070" /><testcase classname="tests.test_historical_artifact_write_guard" name="test_no_unsafe_probe_caller_anywhere_in_scripts" time="4.895" /><testcase classname="tests.test_historical_artifact_write_guard" name="test_guard_detects_the_legacy_unsafe_pattern" time="0.003" /><testcase classname="tests.test_historical_artifact_write_guard" name="test_probe_writes_to_temp_out_and_leaves_history_untouched" time="1.987" /><testcase classname="tests.test_leakage" name="test_direct_leakage_detected_across_splits" time="0.003" /><testcase classname="tests.test_leakage" name="test_no_false_positive_on_distinct_questions" time="0.003" /><testcase classname="tests.test_leakage" name="test_check_splits_raises_on_direct_leakage" time="0.003" /><testcase classname="tests.test_leakage" name="test_check_splits_passes_clean_data" time="0.005" /><testcase classname="tests.test_leakage" name="test_eval_only_source_in_train_is_violation" time="0.002" /><testcase classname="tests.test_leakage" name="test_near_leakage_flagged" time="0.003" /><testcase classname="tests.test_leakage" name="test_identical_questions_within_pipeline_do_not_leak" time="0.003" /><testcase classname="tests.test_leakage" name="test_build_and_check_fails_on_leakage_when_groups_bypassed" time="0.003" /><testcase classname="tests.test_leakage" name="test_fingerprint_collision_on_semantic_same_text" time="0.003" /><testcase classname="tests.test_legacy_corpus_checksums" name="test_lf_checkout_passes" time="0.016" /><testcase classname="tests.test_legacy_corpus_checksums" name="test_crlf_checkout_passes" time="0.015" /><testcase classname="tests.test_legacy_corpus_checksums" name="test_raw_semantics_still_accepted" time="0.015" /><testcase classname="tests.test_legacy_corpus_checksums" name="test_textual_mutation_fails" time="0.015" /><testcase classname="tests.test_legacy_corpus_checksums" name="test_byte_mutation_other_than_eol_fails" time="0.022" /><testcase classname="tests.test_legacy_corpus_checksums" name="test_missing_file_fails" time="0.013" /><testcase classname="tests.test_legacy_corpus_checksums" name="test_no_arbitrary_alternate_hash_accepted" time="0.016" /><testcase classname="tests.test_legacy_corpus_checksums" name="test_real_frozen_corpus_verifies_with_legacy_semantics_recorded" time="0.022" /><testcase classname="tests.test_legacy_corpus_checksums" name="test_historical_helper_matches_expected_values" time="0.015" /><testcase classname="tests.test_legacy_corpus_checksums" name="test_helpers_are_deterministic_and_distinct" time="0.019" /><testcase classname="tests.test_licenses" name="test_unknown_source_excluded" time="0.003" /><testcase classname="tests.test_licenses" name="test_review_required_excluded" time="0.003" /><testcase classname="tests.test_licenses" name="test_approved_allowed" time="0.003" /><testcase classname="tests.test_licenses" name="test_filter_for_training" time="0.002" /><testcase classname="tests.test_licenses" name="test_eval_only_source_not_in_training_sources" time="0.003" /><testcase classname="tests.test_licenses" name="test_manifest_loader_rejects_bad_status" time="0.014" /><testcase classname="tests.test_licenses" name="test_license_manifest_md_generation" time="0.013" /><testcase classname="tests.test_licenses" name="test_repo_manifest_loads" time="0.040" /><testcase classname="tests.test_normalize" name="test_control_and_zero_width_removed" time="0.003" /><testcase classname="tests.test_normalize" name="test_smart_punctuation_translated" time="0.002" /><testcase classname="tests.test_normalize" name="test_whitespace_collapsed" time="0.002" /><testcase classname="tests.test_normalize" name="test_fingerprint_is_language_normalized" time="0.002" /><testcase classname="tests.test_normalize" name="test_fingerprint_strips_formatting" time="0.002" /><testcase classname="tests.test_normalize" name="test_answer_fingerprint_variants_converge" time="0.002" /><testcase classname="tests.test_normalize" name="test_normalize_numeric" time="0.003" /><testcase classname="tests.test_normalize" name="test_unsupported_characters_detected" time="0.002" /><testcase classname="tests.test_normalize" name="test_normalize_example_happy_path" time="0.002" /><testcase classname="tests.test_normalize" name="test_normalize_example_rejects_malformed_answer" time="0.002" /><testcase classname="tests.test_normalize" name="test_normalize_example_too_short_question" time="0.002" /><testcase classname="tests.test_normalize" name="test_normalize_preserves_optional_fields" time="0.002" /><testcase classname="tests.test_post_t20_historical_artifact_hygiene" name="test_t15r_probe_file_exists" time="0.002" /><testcase classname="tests.test_post_t20_historical_artifact_hygiene" name="test_t15r_probe_blob_sha_is_canonical" time="0.034" /><testcase classname="tests.test_post_t20_historical_artifact_hygiene" name="test_t15r_probe_recorded_at_is_canonical" time="0.003" /><testcase classname="tests.test_post_t20_historical_artifact_hygiene" name="test_t15r_probe_content_digest_matches_canonical_blob" time="0.002" /><testcase classname="tests.test_post_t20_historical_artifact_hygiene" name="test_t20_probe_artifact_remains_local_and_valid" time="0.002" /><testcase classname="tests.test_prompts" name="test_math_content_has_boxed_instruction" time="0.002" /><testcase classname="tests.test_prompts" name="test_mcq_content_lists_choices_and_letter_instruction" time="0.003" /><testcase classname="tests.test_prompts" name="test_content_identical_across_calls" time="0.002" /><testcase classname="tests.test_prompts" name="test_render_wraps_without_changing_content" time="0.002" /><testcase classname="tests.test_prompts" name="test_render_passes_thinking_flag_when_given" time="0.002" /><testcase classname="tests.test_prompts" name="test_render_falls_back_when_template_rejects_thinking_flag" time="0.003" /><testcase classname="tests.test_rag_core" name="test_registry_exists_and_denies_by_default" time="0.004" /><testcase classname="tests.test_rag_core" name="test_registry_status_gates" time="0.003" /><testcase classname="tests.test_rag_core" name="test_registry_require_raises" time="0.003" /><testcase classname="tests.test_rag_core" name="test_registry_rejects_malformed_files" time="0.018" /><testcase classname="tests.test_rag_core" name="test_taxonomy_canonical_domains" time="0.002" /><testcase classname="tests.test_rag_core" name="test_domain_normalization" time="0.002" /><testcase classname="tests.test_rag_core" name="test_domain_classification_whole_word" time="0.005" /><testcase classname="tests.test_rag_core" name="test_schema_accepts_complete_provenance" time="0.002" /><testcase classname="tests.test_rag_core" name="test_schema_rejects_missing_provenance" time="0.002" /><testcase classname="tests.test_rag_core" name="test_schema_rejects_unregistered_source" time="0.002" /><testcase classname="tests.test_rag_core" name="test_schema_never_fabricates_missing_metadata" time="0.002" /><testcase classname="tests.test_rag_core" name="test_schema_rejects_non_canonical_domain" time="0.002" /><testcase classname="tests.test_rag_core" name="test_schema_rejects_malformed_chunk_id" time="0.002" /><testcase classname="tests.test_rag_core" name="test_cleaning_preserves_science_notation" time="0.002" /><testcase classname="tests.test_rag_core" name="test_cleaning_removes_citation_markers" time="0.002" /><testcase classname="tests.test_rag_core" name="test_cleaning_drops_boilerplate_and_empty_sections" time="0.003" /><testcase classname="tests.test_rag_core" name="test_cleaning_preserves_heading_hierarchy" time="0.002" /><testcase classname="tests.test_rag_core" name="test_cleaning_html_removal_keeps_superscript" time="0.002" /><testcase classname="tests.test_rag_core" name="test_cleaning_duplicate_section_flagged" time="0.002" /><testcase classname="tests.test_rag_core" name="test_exact_duplicate_sections_collapsed" time="0.002" /><testcase classname="tests.test_rag_core" name="test_chunking_respects_target_and_cap" time="0.002" /><testcase classname="tests.test_rag_core" name="test_chunking_never_splits_mid_paragraph" time="0.003" /><testcase classname="tests.test_rag_core" name="test_chunking_overlap_present" time="0.002" /><testcase classname="tests.test_rag_core" name="test_chunk_document_keeps_provenance_fields" time="0.003" /><testcase classname="tests.test_rag_core" name="test_route_pure_math_never_science" time="0.004" /><testcase classname="tests.test_rag_core" name="test_route_pure_science" time="0.002" /><testcase classname="tests.test_rag_core" name="test_route_quantitative_science_is_mixed" time="0.003" /><testcase classname="tests.test_rag_core" name="test_route_general" time="0.002" /><testcase classname="tests.test_rag_core" name="test_t5_23_conditional_prompt_modules" time="0.002" /><testcase classname="tests.test_rag_core" name="test_t5_23_no_cross_contamination_in_prompts" time="0.002" /><testcase classname="tests.test_rag_core" name="test_retrieval_metrics_math" time="0.003" /><testcase classname="tests.test_rag_core" name="test_evaluate_retrieval_aggregates" time="0.002" /><testcase classname="tests.test_rag_core" name="test_evidence_insufficient_without_chunks" time="0.002" /><testcase classname="tests.test_rag_core" name="test_evidence_insufficient_with_weak_scores" time="0.003" /><testcase classname="tests.test_rag_core" name="test_evidence_supported_with_reference_answer" time="0.003" /><testcase classname="tests.test_rag_core" name="test_evidence_never_auto_promotes_ambiguity" time="0.003" /><testcase classname="tests.test_rag_core" name="test_evidence_states_enum" time="0.003" /><testcase classname="tests.test_rag_core" name="test_contract_visible_text_reports_sources" time="0.003" /><testcase classname="tests.test_rag_core" name="test_conflicting_evidence_detected_and_preserved" time="0.004" /><testcase classname="tests.test_rag_core" name="test_no_artificial_consensus_from_conflict" time="0.003" /><testcase classname="tests.test_rag_core" name="test_conflicting_units_in_chunks_flagged" time="0.003" /><testcase classname="tests.test_rag_core" name="test_valid_citation_passes" time="0.002" /><testcase classname="tests.test_rag_core" name="test_fabricated_source_fails" time="0.003" /><testcase classname="tests.test_rag_core" name="test_wrong_source_id_fails" time="0.003" /><testcase classname="tests.test_rag_core" name="test_citation_after_source_filtered_out_fails" time="0.003" /><testcase classname="tests.test_rag_core" name="test_correct_source_but_unsupported_claim_fails" time="0.003" /><testcase classname="tests.test_rag_core" name="test_irrelevant_chunk_citation_fails" time="0.003" /><testcase classname="tests.test_rag_core" name="test_claim_support_numbers_must_match" time="0.003" /><testcase classname="tests.test_rag_core" name="test_verify_answer_citations_report" time="0.003" /><testcase classname="tests.test_rag_core" name="test_semantically_similar_but_wrong_chunk_not_promoted" time="0.003" /><testcase classname="tests.test_rag_core" name="test_numerical_distractor_rejected_by_support" time="0.003" /><testcase classname="tests.test_rag_core" name="test_audit_logger_records_fields" time="0.020" /><testcase classname="tests.test_rag_core" name="test_audit_logger_redacts_secrets" time="0.016" /><testcase classname="tests.test_rag_core" name="test_ingest_dedupe_normalization" time="0.005" /><testcase classname="tests.test_rag_index_and_retrieval" name="test_brute_force_store_search_order_and_topk" time="0.002" /><testcase classname="tests.test_rag_index_and_retrieval" name="test_brute_force_store_rejects_length_mismatch" time="0.002" /><testcase classname="tests.test_rag_index_and_retrieval" name="test_brute_force_save_load_roundtrip" time="0.017" /><testcase classname="tests.test_rag_index_and_retrieval" name="test_faiss_store_matches_brute_force_and_survives_reload" time="0.102" /><testcase classname="tests.test_rag_index_and_retrieval" name="test_make_store_factory" time="0.002" /><testcase classname="tests.test_rag_index_and_retrieval" name="test_index_manifest_roundtrip" time="0.015" /><testcase classname="tests.test_rag_index_and_retrieval" name="test_normalize_query_keeps_units_and_symbols" time="0.003" /><testcase classname="tests.test_rag_index_and_retrieval" name="test_retriever_selects_exact_passage" time="0.004" /><testcase classname="tests.test_rag_index_and_retrieval" name="test_retriever_below_threshold_reports_insufficient" time="0.004" /><testcase classname="tests.test_rag_index_and_retrieval" name="test_retriever_metadata_filtering" time="0.004" /><testcase classname="tests.test_rag_index_and_retrieval" name="test_retriever_respects_context_token_budget" time="0.003" /><testcase classname="tests.test_rag_index_and_retrieval" name="test_retriever_reranker_stage_runs" time="0.022" /><testcase classname="tests.test_rag_index_and_retrieval" name="test_retriever_never_crashes_on_embedder_failure" time="0.004" /><testcase classname="tests.test_rag_index_and_retrieval" name="test_identity_reranker_is_embedding_only_arm" time="0.003" /><testcase classname="tests.test_rag_index_and_retrieval" name="test_bm25_reranker_prefers_keyword_overlap" time="0.003" /><testcase classname="tests.test_rag_index_and_retrieval" name="test_cross_encoder_reranker_smoke_if_cached" time="3.497" /><testcase classname="tests.test_rag_index_and_retrieval" name="test_load_corpus_verifies_checksums" time="0.019" /><testcase classname="tests.test_rag_index_and_retrieval" name="test_load_corpus_rejects_tampered_file" time="0.022" /><testcase classname="tests.test_rag_pipeline" name="test_math_route_never_retrieves" time="0.047" /><testcase classname="tests.test_rag_pipeline" name="test_science_route_uses_evidence" time="0.027" /><testcase classname="tests.test_rag_pipeline" name="test_science_route_without_chunks_reports_uncertainty" time="0.020" /><testcase classname="tests.test_rag_pipeline" name="test_prompt_override_bypasses_retrieval" time="0.014" /><testcase classname="tests.test_rag_pipeline" name="test_error_in_generation_is_contained" time="0.012" /><testcase classname="tests.test_rag_t5r" name="test_subroutes_are_the_six_declared" time="0.002" /><testcase classname="tests.test_rag_t5r" name="test_math_stays_math_never_retrieves" time="0.004" /><testcase classname="tests.test_rag_t5r" name="test_factual_science_retrieves" time="0.003" /><testcase classname="tests.test_rag_t5r" name="test_mixed_with_inline_constants_skips_retrieval" time="0.004" /><testcase classname="tests.test_rag_t5r" name="test_contested_question_routes_insufficient" time="0.003" /><testcase classname="tests.test_rag_t5r" name="test_general_route_eligibility_depends_on_science_vocabulary" time="0.003" /><testcase classname="tests.test_rag_t5r" name="test_compression_is_verbatim_and_budgeted" time="0.004" /><testcase classname="tests.test_rag_t5r" name="test_compression_skips_irrelevant_sentences" time="0.003" /><testcase classname="tests.test_rag_t5r" name="test_render_evidence_shape" time="0.003" /><testcase classname="tests.test_rag_t5r" name="test_firewall_block_marks_data_untrusted" time="0.003" /><testcase classname="tests.test_rag_t5r" name="test_extract_constants_assignment_and_fallback" time="0.003" /><testcase classname="tests.test_rag_t5r" name="test_mixed_plan_selfcontained_skips_retrieval" time="0.003" /><testcase classname="tests.test_rag_t5r" name="test_mixed_plan_retrieves_when_science_side_present" time="0.002" /><testcase classname="tests.test_rag_t5r" name="test_decompose_premise_split" time="0.003" /><testcase classname="tests.test_rag_t5r" name="test_decompose_two_questions" time="0.002" /><testcase classname="tests.test_rag_t5r" name="test_decompose_math_never_retrieves" time="0.002" /><testcase classname="tests.test_rag_t5r" name="test_compute_evidence_refs_claim_level" time="0.002" /><testcase classname="tests.test_rag_t5r" name="test_validate_evidence_refs_fail_closed" time="0.002" /><testcase classname="tests.test_rag_t5r" name="test_attach_deterministic_citations_renders_sources" time="0.002" /><testcase classname="tests.test_rag_t5r" name="test_attach_drops_out_of_range_refs" time="0.002" /><testcase classname="tests.test_rag_t5r" name="test_attach_never_cites_unsupported_chunk" time="0.004" /><testcase classname="tests.test_rag_t5r" name="test_injection_inside_evidence_never_enters_instructions" time="0.002" /><testcase classname="tests.test_rag_t5r" name="test_injection_phrases_do_not_change_route_or_eligibility" time="0.005" /><testcase classname="tests.test_rag_t5r" name="test_injection_cannot_turn_math_into_retrieval" time="0.002" /><testcase classname="tests.test_rag_t5r" name="test_conflict_state_instructions_exist_for_all_states" time="0.002" /><testcase classname="tests.test_rag_t5r" name="test_conflict_detection_still_fires_on_real_negation" time="0.002" /><testcase classname="tests.test_rag_t5r" name="test_conflict_note_is_prepended_to_evidence" time="0.002" /><testcase classname="tests.test_rag_t5r" name="test_t5r_math_prompt_has_no_retrieval_text" time="0.002" /><testcase classname="tests.test_rag_t5r" name="test_t5r_mixed_prompt_has_constants_and_tool_rule" time="0.002" /><testcase classname="tests.test_rag_t5r" name="test_t5r_factual_science_without_evidence_says_insufficiency_path" time="0.002" /><testcase classname="tests.test_rag_t5r" name="test_t5r_multihop_prompt_lists_hops_format" time="0.002" /><testcase classname="tests.test_rag_t5r" name="test_t5r_multihop_with_compute_hop_gets_tool_protocol" time="0.002" /><testcase classname="tests.test_rag_t5r" name="test_t5r_general_prompt_is_bare" time="0.002" /><testcase classname="tests.test_rag_t5r" name="test_t5r_extraction_strips_sources_footer" time="0.002" /><testcase classname="tests.test_rag_t5r" name="test_t5r_extraction_bold_mcq" time="0.002" /><testcase classname="tests.test_rag_t5r" name="test_t5r_extraction_latex_units" time="0.002" /><testcase classname="tests.test_rag_t5r" name="test_t5r_extraction_structured_hops" time="0.003" /><testcase classname="tests.test_rag_t5r" name="test_t5r_extraction_sentence_form" time="0.002" /><testcase classname="tests.test_rag_t5r" name="test_t5r_extraction_does_not_invent_answers" time="0.002" /><testcase classname="tests.test_rag_t5r" name="test_contested_re_does_not_match_physics_senses" time="0.003" /><testcase classname="tests.test_rag_t5r" name="test_supplied_constants_re_requires_assignment_or_convert_shape" time="0.002" /><testcase classname="tests.test_rag_t5r" name="test_const_assign_re_keeps_scientific_notation_exponent" time="0.002" /><testcase classname="tests.test_rag_t5r" name="test_value_unit_re_prefers_compound_units" time="0.002" /><testcase classname="tests.test_rag_t5r" name="test_compression_keeps_top_sentence_when_relevance_gate_scores_zero" time="0.002" /><testcase classname="tests.test_rag_t5r" name="test_compression_budget_includes_render_scaffold" time="0.002" /><testcase classname="tests.test_rag_t5r" name="test_compression_ratio_none_when_nothing_selected" time="0.002" /><testcase classname="tests.test_rag_t5r" name="test_validate_evidence_refs_rejects_bool" time="0.002" /><testcase classname="tests.test_rag_t5r" name="test_t5r_multihop_empty_hop_gets_marker_not_other_hops_chunks" time="0.002" /><testcase classname="tests.test_rag_t5r" name="test_conflict_note_ends_with_gradable_insufficiency" time="0.003" /><testcase classname="tests.test_rag_t5r" name="test_signals_uncertainty_recognizes_t5r_insufficiency_reply" time="0.002" /><testcase classname="tests.test_rag_t5r" name="test_mixed_prompt_carries_full_tool_protocol" time="0.002" /><testcase classname="tests.test_rag_t5r" name="test_mixed_plan_prompt_never_drops_evidence" time="0.001" /><testcase classname="tests.test_rag_t5r" name="test_premise_hop_gets_given_in_question_block" time="0.003" /><testcase classname="tests.test_report" name="test_report_counts_domains_and_sources" time="0.004" /><testcase classname="tests.test_report" name="test_report_counts_duplicates_and_rejections" time="0.002" /><testcase classname="tests.test_report" name="test_markdown_renders_key_sections" time="0.003" /><testcase classname="tests.test_report" name="test_jsonl_roundtrip" time="0.025" /><testcase classname="tests.test_router.TestRouting" name="test_routes_to_tool[What is 17 * 23?-calculator]" time="0.003" /><testcase classname="tests.test_router.TestRouting" name="test_routes_to_tool[Calculate 15% of 80-calculator]" time="0.003" /><testcase classname="tests.test_router.TestRouting" name="test_routes_to_tool[Solve for x: 2x + 3 = 11-equation_solver]" time="0.003" /><testcase classname="tests.test_router.TestRouting" name="test_routes_to_tool[Find the roots of x^2 - 4 = 0-equation_solver]" time="0.003" /><testcase classname="tests.test_router.TestRouting" name="test_routes_to_tool[Find the derivative of x**3 sin(x)-symbolic_math]" time="0.003" /><testcase classname="tests.test_router.TestRouting" name="test_routes_to_tool[Evaluate the integral of 1/x from 1 to e-symbolic_math]" time="0.003" /><testcase classname="tests.test_router.TestRouting" name="test_routes_to_tool[Simplify (x**2 - 1)/(x - 1)-symbolic_math]" time="0.003" /><testcase classname="tests.test_router.TestRouting" name="test_routes_to_tool[Convert 5 kilometers to miles-unit_converter]" time="0.003" /><testcase classname="tests.test_router.TestRouting" name="test_routes_to_tool[How many centimeters are in 3 inches?-unit_converter]" time="0.002" /><testcase classname="tests.test_router.TestRouting" name="test_routes_to_tool[Calculate the mean of 2, 4, 6-numerical_math]" time="0.002" /><testcase classname="tests.test_router.TestRouting" name="test_routes_to_tool[What is the standard deviation of 1, 2, 3, 4?-numerical_math]" time="0.003" /><testcase classname="tests.test_router.TestRouting" name="test_routes_to_tool[How many ways can 5 people be arranged?-numerical_math]" time="0.003" /><testcase classname="tests.test_router.TestRouting" name="test_no_tools_for_non_math[What is the powerhouse of the cell?]" time="0.003" /><testcase classname="tests.test_router.TestRouting" name="test_no_tools_for_non_math[Who wrote Romeo and Juliet?]" time="0.003" /><testcase classname="tests.test_router.TestRouting" name="test_no_tools_for_non_math[The capital of France is]" time="0.003" /><testcase classname="tests.test_router.TestRouting" name="test_no_tools_for_non_math[Explain photosynthesis in plants.]" time="0.002" /><testcase classname="tests.test_router.TestRouting" name="test_no_tools_for_non_math[]" time="0.003" /><testcase classname="tests.test_router.TestRouting" name="test_deterministic_order" time="0.002" /><testcase classname="tests.test_router.TestRouting" name="test_routing_does_not_execute" time="0.002" /><testcase classname="tests.test_router.TestToolCallLogger" name="test_logs_routing_and_invocations" time="0.023" /><testcase classname="tests.test_router.TestToolCallLogger" name="test_failed_calls_logged_too" time="0.020" /><testcase classname="tests.test_router.TestToolCallLogger" name="test_unknown_tool_invocation_logged" time="0.023" /><testcase classname="tests.test_router.TestToolCallLogger" name="test_log_is_append_only_jsonl" time="0.025" /><testcase classname="tests.test_router.TestDefaultRegistry" name="test_all_five_tools" time="0.003" /><testcase classname="tests.test_router.TestDefaultRegistry" name="test_end_to_end_question" time="0.102" /><testcase classname="tests.test_schema" name="test_valid_record_has_no_violations" time="0.003" /><testcase classname="tests.test_schema" name="test_missing_required_field_flagged" time="0.002" /><testcase classname="tests.test_schema" name="test_empty_question_flagged" time="0.002" /><testcase classname="tests.test_schema" name="test_unknown_domain_flagged" time="0.002" /><testcase classname="tests.test_schema" name="test_difficulty_range_enforced" time="0.002" /><testcase classname="tests.test_schema" name="test_invalid_split_flagged" time="0.003" /><testcase classname="tests.test_schema" name="test_known_domains_cover_all_targets" time="0.003" /><testcase classname="tests.test_schema" name="test_malformed_answer_detection" time="0.002" /><testcase classname="tests.test_schema" name="test_make_id_deterministic_and_distinct" time="0.002" /><testcase classname="tests.test_scicomp_registry_active" name="test_scicomp_availability_active_and_executable" time="0.004" /><testcase classname="tests.test_scicomp_registry_active" name="test_scicomp_invariants_unchanged" time="0.002" /><testcase classname="tests.test_scicomp_registry_active" name="test_promoted_capability_stack_active" time="0.003" /><testcase classname="tests.test_scicomp_registry_active" name="test_protection_historical_floors_preserved" time="0.006" /><testcase classname="tests.test_sft_data" name="test_build_labels_masks_prompt" time="0.002" /><testcase classname="tests.test_sft_data" name="test_tokenize_masks_user_turn_and_supervises_response" time="0.002" /><testcase classname="tests.test_sft_data" name="test_tokenize_overflow_shortens_question_keeps_target" time="0.007" /><testcase classname="tests.test_sft_data" name="test_tokenize_impossible_overflow_is_dropped" time="0.002" /><testcase classname="tests.test_sft_data" name="test_find_response_start_locates_assistant_prefix" time="0.002" /><testcase classname="tests.test_sft_data" name="test_collator_pads_and_masks_labels" time="0.003" /><testcase classname="tests.test_sft_format" name="test_math_response_has_explicit_closure" time="0.002" /><testcase classname="tests.test_sft_format" name="test_science_response_answer_first" time="0.002" /><testcase classname="tests.test_sft_format" name="test_general_response_closure" time="0.002" /><testcase classname="tests.test_sft_format" name="test_last_boxed_balanced_braces" time="0.002" /><testcase classname="tests.test_sft_format" name="test_gsm8k_solution_split_strips_calculator_annotations" time="0.002" /><testcase classname="tests.test_sft_format" name="test_gsm8k_missing_closure_marker_is_rejected" time="0.002" /><testcase classname="tests.test_sft_format" name="test_budget_classes" time="0.002" /><testcase classname="tests.test_sft_format" name="test_over_budget_target_is_rejected_not_truncated" time="0.002" /><testcase classname="tests.test_sft_format" name="test_within_budget_boundaries" time="0.002" /><testcase classname="tests.test_sft_format" name="test_build_target_gsm8k_flow" time="0.002" /><testcase classname="tests.test_sft_format" name="test_render_training_text_has_no_think_block" time="0.003" /><testcase classname="tests.test_sft_format" name="test_science_target_without_explanation_still_closes" time="0.003" /><testcase classname="tests.test_sft_format" name="test_math_without_extractable_answer_rejected" time="0.002" /><testcase classname="tests.test_splits" name="test_deterministic_for_same_seed" time="0.008" /><testcase classname="tests.test_splits" name="test_fractions_approximately_respected" time="0.024" /><testcase classname="tests.test_splits" name="test_identical_questions_stay_in_same_split" time="0.004" /><testcase classname="tests.test_splits" name="test_group_key_normalized_question_collapses_dupes" time="0.003" /><testcase classname="tests.test_splits" name="test_template_hash_groups_same_template" time="0.003" /><testcase classname="tests.test_splits" name="test_eval_only_source_never_in_train" time="0.003" /><testcase classname="tests.test_splits" name="test_seed_changes_assignment" time="0.012" /><testcase classname="tests.test_splits" name="test_invalid_fractions_rejected" time="0.002" /><testcase classname="tests.test_t10_repair" name="test_deterministic_patch_no_llm_call" time="0.003" /><testcase classname="tests.test_t10_repair" name="test_no_repair_when_original_correct" time="0.003" /><testcase classname="tests.test_t10_repair" name="test_unverified_feedback_deferred_no_attempt" time="0.003" /><testcase classname="tests.test_t10_repair" name="test_contradicted_feedback_rejected_no_attempt" time="0.003" /><testcase classname="tests.test_t10_repair" name="test_two_attempt_limit_and_escalation" time="0.003" /><testcase classname="tests.test_t10_repair" name="test_second_attempt_only_after_failed_reverify" time="0.002" /><testcase classname="tests.test_t10_repair" name="test_structured_context_in_repair_prompt" time="0.003" /><testcase classname="tests.test_t10_repair" name="test_deterministic_patch_preserves_protected_parts" time="0.005" /><testcase classname="tests.test_t10_repair" name="test_part_scoped_llm_repair_preserves_protected_parts" time="0.003" /><testcase classname="tests.test_t10_repair" name="test_part_scoped_failure_defers_without_collateral" time="0.003" /><testcase classname="tests.test_t10_repair" name="test_citation_patch_method" time="0.004" /><testcase classname="tests.test_t10_repair" name="test_splice_part_keeps_other_parts_verbatim" time="0.003" /><testcase classname="tests.test_t10_repair" name="test_complete_unit_only_on_numeric_equality" time="0.002" /><testcase classname="tests.test_t10_repair" name="test_evidence_strength_from_provenance" time="0.003" /><testcase classname="tests.test_t10_repair" name="test_normalized_matching_fixes_t10_6_false_negatives" time="0.003" /><testcase classname="tests.test_t10_repair" name="test_v2_suite_checksum_and_manifest" time="0.005" /><testcase classname="tests.test_t10_repair" name="test_v2_final_set_isolation" time="0.006" /><testcase classname="tests.test_t10_repair" name="test_collateral_change_scoring" time="0.004" /><testcase classname="tests.test_t10_repair" name="test_repair_method_labels_are_bounded" time="0.002" /><testcase classname="tests.test_t11_scicomp" name="test_registry_has_expected_operation_count" time="0.002" /><testcase classname="tests.test_t11_scicomp" name="test_registry_hash_is_stable" time="0.003" /><testcase classname="tests.test_t11_scicomp" name="test_execute_returns_canonical_envelope" time="0.006" /><testcase classname="tests.test_t11_scicomp" name="test_execute_never_raises_on_garbage" time="0.002" /><testcase classname="tests.test_t11_scicomp" name="test_unknown_operation_lists_approved_operations" time="0.002" /><testcase classname="tests.test_t11_scicomp" name="test_validate_request_rejects_oversized_payload" time="0.120" /><testcase classname="tests.test_t11_scicomp" name="test_validate_request_rejects_bad_options" time="0.002" /><testcase classname="tests.test_t11_scicomp" name="test_resource_limit_on_dimension_caps" time="0.009" /><testcase classname="tests.test_t11_scicomp" name="test_output_row_cap_on_sweeps" time="0.003" /><testcase classname="tests.test_t11_scicomp" name="test_sweep_estimated_count_reported" time="0.003" /><testcase classname="tests.test_t11_scicomp" name="test_sandbox_allows_approved_math" time="0.002" /><testcase classname="tests.test_t11_scicomp" name="test_sandbox_rejects_every_forbidden_construct" time="0.004" /><testcase classname="tests.test_t11_scicomp" name="test_sandbox_rejects_unknown_free_names" time="0.002" /><testcase classname="tests.test_t11_scicomp" name="test_sandbox_rejects_undeclared_variable_in_ode_rhs" time="0.003" /><testcase classname="tests.test_t11_scicomp" name="test_sandbox_bounds_exponent_bombs" time="0.003" /><testcase classname="tests.test_t11_scicomp" name="test_sandbox_nan_and_overflow_fail_closed" time="0.003" /><testcase classname="tests.test_t11_scicomp" name="test_sandbox_missing_variable_is_invalid_input" time="0.003" /><testcase classname="tests.test_t11_scicomp" name="test_router_routes[Compute the eigenvalues of the matrix [[2,1],[1,2]]-LINEAR_ALGEBRA]" time="0.002" /><testcase classname="tests.test_t11_scicomp" name="test_router_routes[Integrate f(x)=x^2 from 0 to 1-NUMERICAL_INTEGRATION]" time="0.002" /><testcase classname="tests.test_t11_scicomp" name="test_router_routes[What is the derivative of sin(x) at x=0?-DERIVATIVE]" time="0.002" /><testcase classname="tests.test_t11_scicomp" name="test_router_routes[Find the root of x^2 - 2 between 0 and 5-ROOT_FINDING]" time="0.003" /><testcase classname="tests.test_t11_scicomp" name="test_router_routes[Solve the ODE dy/dt = -k*y with initial condition y(0)=1-ODE]" time="0.002" /><testcase classname="tests.test_t11_scicomp" name="test_router_routes[Minimize (x-2)^2 on the interval [-5, 5]-OPTIMIZATION]" time="0.002" /><testcase classname="tests.test_t11_scicomp" name="test_router_routes[Compute the mean and standard deviation of the sample-STATISTICS]" time="0.003" /><testcase classname="tests.test_t11_scicomp" name="test_router_routes[Interpolate the value at x=1.5 from the table-INTERPOLATION]" time="0.002" /><testcase classname="tests.test_t11_scicomp" name="test_router_routes[Do a parameter sweep over alpha and beta-PARAMETER_SWEEP]" time="0.003" /><testcase classname="tests.test_t11_scicomp" name="test_router_routes[Explain why the sky is blue-NO_COMPUTE]" time="0.003" /><testcase classname="tests.test_t11_scicomp" name="test_router_metrics" time="0.003" /><testcase classname="tests.test_t11_scicomp" name="test_matmul_correct" time="0.005" /><testcase classname="tests.test_t11_scicomp" name="test_matmul_dimension_mismatch_is_invalid" time="0.005" /><testcase classname="tests.test_t11_scicomp" name="test_linear_system_solve_with_diagnostics_and_cross_check" time="0.007" /><testcase classname="tests.test_t11_scicomp" name="test_singular_system_fails_closed" time="0.007" /><testcase classname="tests.test_t11_scicomp" name="test_ill_conditioned_system_warns_not_fails" time="0.006" /><testcase classname="tests.test_t11_scicomp" name="test_inverse_refuses_ill_conditioned_matrix" time="0.005" /><testcase classname="tests.test_t11_scicomp" name="test_inverse_of_singular_matrix_fails" time="0.005" /><testcase classname="tests.test_t11_scicomp" name="test_eigenvalues_complex_flagged" time="0.005" /><testcase classname="tests.test_t11_scicomp" name="test_derivative_matches_analytic" time="0.005" /><testcase classname="tests.test_t11_scicomp" name="test_second_derivative_matches_analytic" time="0.004" /><testcase classname="tests.test_t11_scicomp" name="test_integral_matches_analytic_with_cross_check" time="0.064" /><testcase classname="tests.test_t11_scicomp" name="test_integral_cross_check_unavailable_for_hard_integrand" time="0.774" /><testcase classname="tests.test_t11_scicomp" name="test_integral_divergent_fails" time="0.004" /><testcase classname="tests.test_t11_scicomp" name="test_bracketed_root_and_residual" time="0.003" /><testcase classname="tests.test_t11_scicomp" name="test_bracketed_root_without_sign_change_rejected" time="0.004" /><testcase classname="tests.test_t11_scicomp" name="test_nonbracketed_root_is_candidate_only" time="0.005" /><testcase classname="tests.test_t11_scicomp" name="test_ode_exact_solution_and_diagnostics" time="0.008" /><testcase classname="tests.test_t11_scicomp" name="test_ode_requires_matching_initial_state" time="0.003" /><testcase classname="tests.test_t11_scicomp" name="test_ode_rejects_nonfinite_span_and_state_dim" time="0.004" /><testcase classname="tests.test_t11_scicomp" name="test_ode_stiff_blowup_is_unknown_not_partial_success" time="0.066" /><testcase classname="tests.test_t11_scicomp" name="test_minimize_scalar_bounded" time="0.007" /><testcase classname="tests.test_t11_scicomp" name="test_minimize_nonconvergent_is_unknown" time="0.013" /><testcase classname="tests.test_t11_scicomp" name="test_descriptive_stats" time="0.008" /><testcase classname="tests.test_t11_scicomp" name="test_confidence_interval_requires_valid_confidence" time="0.004" /><testcase classname="tests.test_t11_scicomp" name="test_hypothesis_test_requires_explicit_equal_var" time="0.004" /><testcase classname="tests.test_t11_scicomp" name="test_hypothesis_test_reports_assumptions" time="0.006" /><testcase classname="tests.test_t11_scicomp" name="test_distribution_invalid_parameters_rejected" time="0.005" /><testcase classname="tests.test_t11_scicomp" name="test_interpolation_rejects_extrapolation" time="0.004" /><testcase classname="tests.test_t11_scicomp" name="test_polynomial_interpolation_overfit_guard" time="0.005" /><testcase classname="tests.test_t11_scicomp" name="test_curve_fit_recovers_exponential" time="0.005" /><testcase classname="tests.test_t11_scicomp" name="test_curve_fit_underdetermined_rejected" time="0.003" /><testcase classname="tests.test_t11_scicomp" name="test_sweep_matches_direct_evaluation" time="0.005" /><testcase classname="tests.test_t11_scicomp" name="test_unit_composition_velocity_over_time" time="0.006" /><testcase classname="tests.test_t11_scicomp" name="test_unit_mismatch_rejected" time="0.007" /><testcase classname="tests.test_t11_scicomp" name="test_unit_half_declaration_rejected" time="0.007" /><testcase classname="tests.test_t11_scicomp" name="test_computed_result_does_not_need_citation" time="0.003" /><testcase classname="tests.test_t11_scicomp" name="test_pass_envelope_maps_to_verified_firewall_trust" time="0.006" /><testcase classname="tests.test_t11_scicomp" name="test_numerical_warning_maps_to_unverified" time="0.005" /><testcase classname="tests.test_t11_scicomp" name="test_unknown_maps_to_unverified" time="0.106" /><testcase classname="tests.test_t11_scicomp" name="test_disagreeing_cross_check_maps_to_unverified" time="0.002" /><testcase classname="tests.test_t11_scicomp" name="test_firewall_module_untouched_by_t11" time="0.002" /><testcase classname="tests.test_t11_scicomp" name="test_invoke_flow_records_route_and_adoption" time="0.007" /><testcase classname="tests.test_t11_scicomp" name="test_invoke_rejects_code_smuggling_keys" time="0.008" /><testcase classname="tests.test_t11_scicomp" name="test_invoke_never_executes_generated_code" time="0.005" /><testcase classname="tests.test_t11_scicomp" name="test_observation_text_distinguishes_compute_failure" time="0.005" /><testcase classname="tests.test_t11_scicomp" name="test_identical_requests_identical_results" time="0.005" /><testcase classname="tests.test_t11_scicomp" name="test_result_serialization_is_json_safe" time="0.012" /><testcase classname="tests.test_t11_scicomp" name="test_output_byte_cap_trimmed_not_leaked" time="0.007" /><testcase classname="tests.test_t11_scicomp" name="test_wall_clock_timeout_returns_resource_limit" time="0.196" /><testcase classname="tests.test_t11_scicomp" name="test_nonfinite_diagnostics_sanitized_never_raised" time="0.004" /><testcase classname="tests.test_t11_scicomp" name="test_nonfinite_result_downgraded_not_collapsed" time="0.004" /><testcase classname="tests.test_t11_security" name="test_expression_attacks_rejected[__import__('os').system('echo pwned')]" time="0.006" /><testcase classname="tests.test_t11_security" name="test_expression_attacks_rejected[__import__('subprocess').run(['ls'])]" time="0.005" /><testcase classname="tests.test_t11_security" name="test_expression_attacks_rejected[__builtins__]" time="0.006" /><testcase classname="tests.test_t11_security" name="test_expression_attacks_rejected[__builtins__.__dict__]" time="0.004" /><testcase classname="tests.test_t11_security" name="test_expression_attacks_rejected[().__class__.__bases__[0].__subclasses__()]" time="0.005" /><testcase classname="tests.test_t11_security" name="test_expression_attacks_rejected[open('/etc/passwd').read()]" time="0.004" /><testcase classname="tests.test_t11_security" name="test_expression_attacks_rejected[open('data.txt','w')]" time="0.005" /><testcase classname="tests.test_t11_security" name="test_expression_attacks_rejected[eval('1+1')]" time="0.004" /><testcase classname="tests.test_t11_security" name="test_expression_attacks_rejected[exec('import os')]" time="0.004" /><testcase classname="tests.test_t11_security" name="test_expression_attacks_rejected[compile('1','x','eval')]" time="0.004" /><testcase classname="tests.test_t11_security" name="test_expression_attacks_rejected[globals()]" time="0.006" /><testcase classname="tests.test_t11_security" name="test_expression_attacks_rejected[locals()]" time="0.004" /><testcase classname="tests.test_t11_security" name="test_expression_attacks_rejected[x.attr.__dict__]" time="0.004" /><testcase classname="tests.test_t11_security" name="test_expression_attacks_rejected[os.path.join('a','b')]" time="0.006" /><testcase classname="tests.test_t11_security" name="test_expression_attacks_rejected[sys.exit(0)]" time="0.005" /><testcase classname="tests.test_t11_security" name="test_expression_attacks_rejected['%s'*10**9]" time="0.004" /><testcase classname="tests.test_t11_security" name="test_expression_attacks_rejected[f&quot;{__import__('os')}&quot;]" time="0.004" /><testcase classname="tests.test_t11_security" name="test_expression_attacks_rejected[input()]" time="0.004" /><testcase classname="tests.test_t11_security" name="test_expression_attacks_rejected[print(1)]" time="0.004" /><testcase classname="tests.test_t11_security" name="test_expression_attacks_rejected[[x for x in range(10**9)]]" time="0.006" /><testcase classname="tests.test_t11_security" name="test_expression_attacks_rejected[{i: i for i in range(10**9)}]" time="0.004" /><testcase classname="tests.test_t11_security" name="test_expression_attacks_rejected[9**9**9**9]" time="0.003" /><testcase classname="tests.test_t11_security" name="test_expression_attacks_rejected[factorial(10**9)]" time="0.004" /><testcase classname="tests.test_t11_security" name="test_nan_payload_rejected" time="0.001" /><testcase classname="tests.test_t11_security" name="test_infinity_payload_rejected" time="0.001" /><testcase classname="tests.test_t11_security" name="test_boolean_as_number_rejected" time="0.002" /><testcase classname="tests.test_t11_security" name="test_string_as_number_rejected" time="0.002" /><testcase classname="tests.test_t11_security" name="test_huge_sweep_rejected_before_allocation" time="0.002" /><testcase classname="tests.test_t11_security" name="test_deeply_nested_expression_rejected" time="0.003" /><testcase classname="tests.test_t11_security" name="test_ode_with_reserved_parameter_name_rejected" time="0.002" /><testcase classname="tests.test_t11_security" name="test_ode_with_nonfinite_parameter_rejected" time="0.001" /><testcase classname="tests.test_t11_security" name="test_no_code_keys_accepted_paths" time="0.001" /><testcase classname="tests.test_t11_security" name="test_executor_has_no_shell_or_network_surface" time="0.001" /><testcase classname="tests.test_t11_security" name="test_timeout_envelope_has_no_partial_result" time="0.206" /><testcase classname="tests.test_t11_security" name="test_rejection_yields_no_file_content" time="0.004" /><testcase classname="tests.test_t12_fidelity" name="test_numeric_formatting_approved" time="0.002" /><testcase classname="tests.test_t12_fidelity" name="test_numeric_value_change_disallowed" time="0.001" /><testcase classname="tests.test_t12_fidelity" name="test_half_to_unit_mutation_disallowed" time="0.001" /><testcase classname="tests.test_t12_fidelity" name="test_unit_normalization_approved_and_logged" time="0.001" /><testcase classname="tests.test_t12_fidelity" name="test_unverified_unit_conversion_disallowed" time="0.002" /><testcase classname="tests.test_t12_fidelity" name="test_value_under_unit_disguise_rejected" time="0.001" /><testcase classname="tests.test_t12_fidelity" name="test_whitespace_normalization_approved" time="0.001" /><testcase classname="tests.test_t12_fidelity" name="test_symbol_normalization_approved" time="0.001" /><testcase classname="tests.test_t12_fidelity" name="test_malformed_expression_repair_disallowed" time="0.001" /><testcase classname="tests.test_t12_fidelity" name="test_expression_reordering_not_approved" time="0.001" /><testcase classname="tests.test_t12_fidelity" name="test_nan_to_finite_disallowed" time="0.001" /><testcase classname="tests.test_t12_fidelity" name="test_sweep_shrink_disallowed" time="0.001" /><testcase classname="tests.test_t12_fidelity" name="test_bounds_change_disallowed" time="0.001" /><testcase classname="tests.test_t12_fidelity" name="test_matrix_entry_change_disallowed" time="0.001" /><testcase classname="tests.test_t12_fidelity" name="test_semantic_hash_unifies_int_float" time="0.001" /><testcase classname="tests.test_t12_fidelity" name="test_semantic_hash_detects_value_change" time="0.001" /><testcase classname="tests.test_t12_fidelity" name="test_valid_planner_request_passes" time="0.002" /><testcase classname="tests.test_t12_fidelity" name="test_missing_required_fields_rejected" time="0.002" /><testcase classname="tests.test_t12_fidelity" name="test_missing_provenance_rejected" time="0.001" /><testcase classname="tests.test_t12_fidelity" name="test_model_invented_on_protected_field_rejected" time="0.001" /><testcase classname="tests.test_t12_fidelity" name="test_model_selectable_field_may_be_model_chosen" time="0.001" /><testcase classname="tests.test_t12_fidelity" name="test_code_smuggling_keys_rejected" time="0.001" /><testcase classname="tests.test_t12_fidelity" name="test_fidelity_ok_request_produces_hash_and_envelope" time="0.001" /><testcase classname="tests.test_t12_fidelity" name="test_fidelity_fails_on_mutation" time="0.001" /><testcase classname="tests.test_t12_fidelity" name="test_fidelity_fails_on_value_not_in_question" time="0.002" /><testcase classname="tests.test_t12_fidelity" name="test_fidelity_unit_normalization_logged" time="0.001" /><testcase classname="tests.test_t12_fidelity" name="test_fidelity_derived_grid_allowed_with_log" time="0.002" /><testcase classname="tests.test_t12_fidelity" name="test_fidelity_fails_when_protected_source_dropped" time="0.001" /><testcase classname="tests.test_t12_fidelity" name="test_fidelity_fail_means_do_not_execute" time="0.001" /><testcase classname="tests.test_t12_fidelity" name="test_necessity_conceptual_not_needed" time="0.001" /><testcase classname="tests.test_t12_fidelity" name="test_necessity_required_with_data" time="0.001" /><testcase classname="tests.test_t12_fidelity" name="test_necessity_insufficient_verb_only" time="0.001" /><testcase classname="tests.test_t12_fidelity" name="test_pass_envelope_is_verified" time="0.001" /><testcase classname="tests.test_t12_fidelity" name="test_warning_envelope_never_authoritative" time="0.001" /><testcase classname="tests.test_t12_fidelity" name="test_hash_mismatch_blocks_verification" time="0.001" /><testcase classname="tests.test_t12_fidelity" name="test_observation_labels_binding" time="0.001" /><testcase classname="tests.test_t12_fidelity" name="test_adopted_exact" time="0.001" /><testcase classname="tests.test_t12_fidelity" name="test_adopted_within_rounding_tolerance" time="0.001" /><testcase classname="tests.test_t12_fidelity" name="test_reasonable_rounding_not_failure_but_out_of_tol_is" time="0.001" /><testcase classname="tests.test_t12_fidelity" name="test_result_ignored_when_no_number" time="0.001" /><testcase classname="tests.test_t12_fidelity" name="test_result_misread_when_different_number" time="0.001" /><testcase classname="tests.test_t12_fidelity" name="test_stale_precompute_answer_detected" time="0.001" /><testcase classname="tests.test_t12_fidelity" name="test_unit_lost_detected" time="0.001" /><testcase classname="tests.test_t12_fidelity" name="test_unit_consistent_ok" time="0.002" /><testcase classname="tests.test_t12_fidelity" name="test_non_pass_expects_rejection_not_adoption" time="0.001" /><testcase classname="tests.test_t12_fidelity" name="test_conflict_state_prefers_verified" time="0.001" /><testcase classname="tests.test_t12_fidelity" name="test_conflict_state_agreement_no_conflict" time="0.001" /><testcase classname="tests.test_t12_fidelity" name="test_clean_request_executes_through_frozen_engine" time="0.005" /><testcase classname="tests.test_t13_semantic_fidelity" name="test_int_float_equivalence" time="0.001" /><testcase classname="tests.test_t13_semantic_fidelity" name="test_tuple_list_equivalence" time="0.001" /><testcase classname="tests.test_t13_semantic_fidelity" name="test_numeric_string_source_is_representation_equivalent" time="0.001" /><testcase classname="tests.test_t13_semantic_fidelity" name="test_structured_numeric_string_is_schema_type_violation" time="0.001" /><testcase classname="tests.test_t13_semantic_fidelity" name="test_beyond_representation_drift_is_value_changed" time="0.001" /><testcase classname="tests.test_t13_semantic_fidelity" name="test_unit_conversion_canonical" time="0.001" /><testcase classname="tests.test_t13_semantic_fidelity" name="test_unit_value_mismatch_rejected" time="0.001" /><testcase classname="tests.test_t13_semantic_fidelity" name="test_matrix_literal_structure_equivalent" time="0.001" /><testcase classname="tests.test_t13_semantic_fidelity" name="test_matrix_shape_change_rejected" time="0.001" /><testcase classname="tests.test_t13_semantic_fidelity" name="test_vector_length_change_rejected" time="0.001" /><testcase classname="tests.test_t13_semantic_fidelity" name="test_null_is_not_zero" time="0.002" /><testcase classname="tests.test_t13_semantic_fidelity" name="test_empty_is_not_zero" time="0.001" /><testcase classname="tests.test_t13_semantic_fidelity" name="test_invalid_normalization" time="0.001" /><testcase classname="tests.test_t13_semantic_fidelity" name="test_reordered_state_vector_rejected" time="0.001" /><testcase classname="tests.test_t13_semantic_fidelity" name="test_ode_restatement_resolvers_cover_renamed_forms" time="0.001" /><testcase classname="tests.test_t13_semantic_fidelity" name="test_scalar_bounds_restatement" time="0.001" /><testcase classname="tests.test_t13_semantic_fidelity" name="test_empty_container_request_no_crash_and_ok" time="0.001" /><testcase classname="tests.test_t13_semantic_fidelity" name="test_null_vs_zero_request" time="0.001" /><testcase classname="tests.test_t13_semantic_fidelity" name="test_information_removed_rejected" time="0.001" /><testcase classname="tests.test_t13_semantic_fidelity" name="test_information_added_rejected" time="0.001" /><testcase classname="tests.test_t13_semantic_fidelity" name="test_provenance_mismatch_rejected_at_schema_gate" time="0.001" /><testcase classname="tests.test_t13_semantic_fidelity" name="test_silent_value_mutation_rejected_false_acceptance_zero" time="0.001" /><testcase classname="tests.test_t13_semantic_fidelity" name="test_semantic_hash_inf_safe" time="0.001" /><testcase classname="tests.test_t13_semantic_fidelity" name="test_t12_def2_matrix_literal_recovery" time="0.001" /><testcase classname="tests.test_t13_semantic_fidelity" name="test_schema_typed_numeric_string_still_rejected" time="0.001" /><testcase classname="tests.test_t13_semantic_fidelity" name="test_strict_fidelity_rejects_partial_drift_in_map" time="0.001" /><testcase classname="tests.test_t14_executive_router.TestSkillRegistry" name="test_closed_catalogue" time="0.001" /><testcase classname="tests.test_t14_executive_router.TestSkillRegistry" name="test_availability_states" time="0.001" /><testcase classname="tests.test_t14_executive_router.TestSkillRegistry" name="test_unknown_skill_rejected" time="0.001" /><testcase classname="tests.test_t14_executive_router.TestSkillRegistry" name="test_registry_hash_stable" time="0.001" /><testcase classname="tests.test_t14_executive_router.TestRoutingSchema" name="test_record_fields" time="0.001" /><testcase classname="tests.test_t14_executive_router.TestRoutingSchema" name="test_reason_is_not_chain_of_thought" time="0.001" /><testcase classname="tests.test_t14_executive_router.TestRoutes" name="test_general_conversation" time="0.002" /><testcase classname="tests.test_t14_executive_router.TestRoutes" name="test_math_t4" time="0.001" /><testcase classname="tests.test_t14_executive_router.TestRoutes" name="test_scicomp_required" time="0.002" /><testcase classname="tests.test_t14_executive_router.TestRoutes" name="test_retrieval" time="0.001" /><testcase classname="tests.test_t14_executive_router.TestRoutes" name="test_insufficient" time="0.001" /><testcase classname="tests.test_t14_executive_router.TestUnavailableAndPaid" name="test_code_not_faked" time="0.001" /><testcase classname="tests.test_t14_executive_router.TestUnavailableAndPaid" name="test_web_not_faked" time="0.001" /><testcase classname="tests.test_t14_executive_router.TestUnavailableAndPaid" name="test_paid_compute_blocked" time="0.001" /><testcase classname="tests.test_t14_executive_router.TestUnavailableAndPaid" name="test_unknown_skill_not_invented" time="0.002" /><testcase classname="tests.test_t14_executive_router.TestMultiSkillAndDepth" name="test_depth_cap" time="0.003" /><testcase classname="tests.test_t14_executive_router.TestMultiSkillAndDepth" name="test_mixed_rag_scicomp_bounded" time="0.001" /><testcase classname="tests.test_t14_executive_router.TestMultiSkillAndDepth" name="test_planning_then_tool" time="0.001" /><testcase classname="tests.test_t14_executive_router.TestPermissionsAndCost" name="test_no_invented_permissions" time="0.001" /><testcase classname="tests.test_t14_executive_router.TestPermissionsAndCost" name="test_code_skill_declares_permissions_but_is_not_executed" time="0.001" /><testcase classname="tests.test_t14_executive_router.TestPermissionsAndCost" name="test_cost_local_free_for_t4" time="0.001" /><testcase classname="tests.test_t14_executive_router.TestFailureTaxonomyAndTrace" name="test_taxonomy_complete" time="0.001" /><testcase classname="tests.test_t14_executive_router.TestFailureTaxonomyAndTrace" name="test_unavailable_gold_is_ok" time="0.002" /><testcase classname="tests.test_t14_executive_router.TestFailureTaxonomyAndTrace" name="test_trace_has_no_private_cot" time="0.003" /><testcase classname="tests.test_t14_necessity.TestTaxonomy" name="test_labels_are_the_four_t14_names" time="0.001" /><testcase classname="tests.test_t14_necessity.TestTaxonomy" name="test_only_required_auto_routes" time="0.001" /><testcase classname="tests.test_t14_necessity.TestTaxonomy" name="test_blocks_never_invent" time="0.001" /><testcase classname="tests.test_t14_necessity.TestComputeRequired" name="test_required[Find the root of f(x) = x**2 - 2 in the interval [0, 5].]" time="0.001" /><testcase classname="tests.test_t14_necessity.TestComputeRequired" name="test_required[Find x such that x**2 - 3 = 0 (start near x = 2).]" time="0.001" /><testcase classname="tests.test_t14_necessity.TestComputeRequired" name="test_required[Multiply the matrices A = [ 1 2; 3 4 ] and B = [ 5 6; 7 8 ].]" time="0.001" /><testcase classname="tests.test_t14_necessity.TestComputeRequired" name="test_required[What is the Euclidean (l2) norm of the vector (3, 4, 12)?]" time="0.001" /><testcase classname="tests.test_t14_necessity.TestComputeRequired" name="test_required[What is the rank of the matrix [ 1 2 3; 2 4 6; 1 1 1 ]?]" time="0.001" /><testcase classname="tests.test_t14_necessity.TestComputeRequired" name="test_required[A car moves with velocity v(t) = 3*t m/s. How far does it travel between t=0 s and t=4 s?]" time="0.002" /><testcase classname="tests.test_t14_necessity.TestComputeRequired" name="test_required[A population grows as dP/dt = 0.3*P with P(0) = 2. What is P at t = 5?]" time="0.002" /><testcase classname="tests.test_t14_necessity.TestComputeRequired" name="test_required[What is the Pearson correlation of x = (1,2,3,4,5) with y = (2,4,6,8,10)?]" time="0.003" /><testcase classname="tests.test_t14_necessity.TestComputeRequired" name="test_required[Compute the mean of the values [2, 4, 6, 8].]" time="0.001" /><testcase classname="tests.test_t14_necessity.TestComputeRequired" name="test_mixed_formula_unblocked[A spring with k = 200 N/m is stretched 0.05 m. What energy in joules is stored (E = 0.5 k x^2)?]" time="0.001" /><testcase classname="tests.test_t14_necessity.TestComputeRequired" name="test_mixed_formula_unblocked[A wave has frequency 50 Hz and wavelength 4 m. What is its speed in m/s?]" time="0.001" /><testcase classname="tests.test_t14_necessity.TestComputeRequired" name="test_mixed_formula_unblocked[A 5 kg mass accelerates at 3 m/s^2. What force in newtons acts on it?]" time="0.001" /><testcase classname="tests.test_t14_necessity.TestComputeRequired" name="test_numbers_alone_do_not_route" time="0.001" /><testcase classname="tests.test_t14_necessity.TestComputeRequired" name="test_keyword_alone_does_not_route" time="0.001" /><testcase classname="tests.test_t14_necessity.TestNoCompute" name="test_no_compute[Why does entropy increase in an isolated system?]" time="0.003" /><testcase classname="tests.test_t14_necessity.TestNoCompute" name="test_no_compute[What is the definition of overfitting?]" time="0.001" /><testcase classname="tests.test_t14_necessity.TestNoCompute" name="test_no_compute[Explain why the sky is blue]" time="0.001" /><testcase classname="tests.test_t14_necessity.TestNoCompute" name="test_no_compute[Is it true that a 2x2 matrix always has two real eigenvalues?]" time="0.001" /><testcase classname="tests.test_t14_necessity.TestNoCompute" name="test_no_compute[State the definition of the determinant of a 2x2 matrix in words.]" time="0.001" /><testcase classname="tests.test_t14_necessity.TestNoCompute" name="test_no_compute[What is the difference between a local and a global optimum?]" time="0.001" /><testcase classname="tests.test_t14_necessity.TestNoCompute" name="test_no_compute[Who discovered the electron?]" time="0.001" /><testcase classname="tests.test_t14_necessity.TestInsufficientInformation" name="test_insufficient[Calculate the energy of the reaction.]" time="0.001" /><testcase classname="tests.test_t14_necessity.TestInsufficientInformation" name="test_insufficient[Compute the integral of the unknown function f.]" time="0.001" /><testcase classname="tests.test_t14_necessity.TestInsufficientInformation" name="test_insufficient[Solve the ODE for y.]" time="0.001" /><testcase classname="tests.test_t14_necessity.TestInsufficientInformation" name="test_insufficient[Find the root of f.]" time="0.001" /><testcase classname="tests.test_t14_necessity.TestInsufficientInformation" name="test_insufficient[Minimize the objective.]" time="0.003" /><testcase classname="tests.test_t14_necessity.TestT4VsSciComp" name="test_unit_conversion_is_helpful_not_scicomp" time="0.003" /><testcase classname="tests.test_t14_necessity.TestT4VsSciComp" name="test_trivial_arithmetic_is_t4" time="0.001" /><testcase classname="tests.test_t14_necessity.TestT4VsSciComp" name="test_linear_system_is_scicomp_required" time="0.001" /><testcase classname="tests.test_t14_necessity.TestRagVsSciComp" name="test_retrieval_only_science" time="0.001" /><testcase classname="tests.test_t14_necessity.TestRagVsSciComp" name="test_mixed_named_constant_and_compute" time="0.001" /><testcase classname="tests.test_t14_necessity.TestFeatures" name="test_matrix_feature" time="0.001" /><testcase classname="tests.test_t14_necessity.TestFeatures" name="test_ode_and_ic" time="0.001" /><testcase classname="tests.test_t14_necessity" name="test_t13_guard_blocked_numeric_replay_required_or_justified" time="0.024" /><testcase classname="tests.test_t14_necessity" name="test_t13_fidelity_classifier_bytes_unchanged" time="0.002" /><testcase classname="tests.test_t14r2_ode_intent" name="test_six_frozen_failures_are_recognized_as_ivps" time="0.002" /><testcase classname="tests.test_t14r2_ode_intent" name="test_second_order_audit_row_recognized" time="0.001" /><testcase classname="tests.test_t14r2_ode_intent" name="test_recognition_extracts_verbatim_values" time="0.002" /><testcase classname="tests.test_t14r2_ode_intent" name="test_declared_parameter_is_captured_not_invented" time="0.001" /><testcase classname="tests.test_t14r2_ode_intent" name="test_verbal_decay_rate_law" time="0.001" /><testcase classname="tests.test_t14r2_ode_intent" name="test_missing_initial_condition_refuses" time="0.001" /><testcase classname="tests.test_t14r2_ode_intent" name="test_missing_evaluation_time_refuses" time="0.001" /><testcase classname="tests.test_t14r2_ode_intent" name="test_undeclared_symbol_refuses_never_invents" time="0.001" /><testcase classname="tests.test_t14r2_ode_intent" name="test_boundary_value_shape_refuses" time="0.001" /><testcase classname="tests.test_t14r2_ode_intent" name="test_degenerate_span_refuses" time="0.001" /><testcase cl
[...]
rejects[__import__('os').system('echo pwned')]" time="0.001" /><testcase classname="tests.test_tools_safety.TestInjectionResistance" name="test_calculator_rejects[__import__('os').remove('x')]" time="0.001" /><testcase classname="tests.test_tools_safety.TestInjectionResistance" name="test_calculator_rejects[().__class__.__bases__[0].__subclasses__()]" time="0.001" /><testcase classname="tests.test_tools_safety.TestInjectionResistance" name="test_calculator_rejects[().__class__.__mro__[1].__subclasses__()[104]]" time="0.001" /><testcase classname="tests.test_tools_safety.TestInjectionResistance" name="test_calculator_rejects[open('/etc/passwd').read()]" time="0.001" /><testcase classname="tests.test_tools_safety.TestInjectionResistance" name="test_calculator_rejects[exec('import os')]" time="0.001" /><testcase classname="tests.test_tools_safety.TestInjectionResistance" name="test_calculator_rejects[eval('1+1')]" time="0.001" /><testcase classname="tests.test_tools_safety.TestInjectionResistance" name="test_calculator_rejects[getattr(str, 'join')(['a'])]" time="0.001" /><testcase classname="tests.test_tools_safety.TestInjectionResistance" name="test_calculator_rejects[x.__class__]" time="0.001" /><testcase classname="tests.test_tools_safety.TestInjectionResistance" name="test_calculator_rejects[[].append(1)]" time="0.001" /><testcase classname="tests.test_tools_safety.TestInjectionResistance" name="test_calculator_rejects[lambda: 1]" time="0.001" /><testcase classname="tests.test_tools_safety.TestInjectionResistance" name="test_calculator_rejects[[i for i in range(3)]]" time="0.001" /><testcase classname="tests.test_tools_safety.TestInjectionResistance" name="test_calculator_rejects[(x for x in range(3))]" time="0.001" /><testcase classname="tests.test_tools_safety.TestInjectionResistance" name="test_calculator_rejects[f'{{}}']" time="0.001" /><testcase classname="tests.test_tools_safety.TestInjectionResistance" name="test_calculator_rejects['a' + 'b']" time="0.001" /><testcase classname="tests.test_tools_safety.TestInjectionResistance" name="test_calculator_rejects['rm -rf /']" time="0.001" /><testcase classname="tests.test_tools_safety.TestInjectionResistance" name="test_calculator_rejects[{'a': 1}]" time="0.001" /><testcase classname="tests.test_tools_safety.TestInjectionResistance" name="test_calculator_rejects[x[0]]" time="0.001" /><testcase classname="tests.test_tools_safety.TestInjectionResistance" name="test_calculator_rejects[a if b else c]" time="0.002" /><testcase classname="tests.test_tools_safety.TestInjectionResistance" name="test_calculator_rejects[print(1)]" time="0.002" /><testcase classname="tests.test_tools_safety.TestInjectionResistance" name="test_calculator_rejects[globals()]" time="0.001" /><testcase classname="tests.test_tools_safety.TestInjectionResistance" name="test_calculator_rejects[help()]" time="0.001" /><testcase classname="tests.test_tools_safety.TestInjectionResistance" name="test_calculator_rejects[1 if True else 2]" time="0.001" /><testcase classname="tests.test_tools_safety.TestInjectionResistance" name="test_safe_parse_rejects[__import__('os').system('echo pwned')]" time="0.001" /><testcase classname="tests.test_tools_safety.TestInjectionResistance" name="test_safe_parse_rejects[__import__('os').remove('x')]" time="0.001" /><testcase classname="tests.test_tools_safety.TestInjectionResistance" name="test_safe_parse_rejects[().__class__.__bases__[0].__subclasses__()]" time="0.001" /><testcase classname="tests.test_tools_safety.TestInjectionResistance" name="test_safe_parse_rejects[().__class__.__mro__[1].__subclasses__()[104]]" time="0.001" /><testcase classname="tests.test_tools_safety.TestInjectionResistance" name="test_safe_parse_rejects[open('/etc/passwd').read()]" time="0.001" /><testcase classname="tests.test_tools_safety.TestInjectionResistance" name="test_safe_parse_rejects[exec('import os')]" time="0.001" /><testcase classname="tests.test_tools_safety.TestInjectionResistance" name="test_safe_parse_rejects[eval('1+1')]" time="0.001" /><testcase classname="tests.test_tools_safety.TestInjectionResistance" name="test_safe_parse_rejects[getattr(str, 'join')(['a'])]" time="0.002" /><testcase classname="tests.test_tools_safety.TestInjectionResistance" name="test_safe_parse_rejects[x.__class__]" time="0.002" /><testcase classname="tests.test_tools_safety.TestInjectionResistance" name="test_safe_parse_rejects[[].append(1)]" time="0.001" /><testcase classname="tests.test_tools_safety.TestInjectionResistance" name="test_safe_parse_rejects[lambda: 1]" time="0.001" /><testcase classname="tests.test_tools_safety.TestInjectionResistance" name="test_safe_parse_rejects[[i for i in range(3)]]" time="0.001" /><testcase classname="tests.test_tools_safety.TestInjectionResistance" name="test_safe_parse_rejects[(x for x in range(3))]" time="0.001" /><testcase classname="tests.test_tools_safety.TestInjectionResistance" name="test_safe_parse_rejects[f'{{}}']" time="0.001" /><testcase classname="tests.test_tools_safety.TestInjectionResistance" name="test_safe_parse_rejects['a' + 'b']" time="0.001" /><testcase classname="tests.test_tools_safety.TestInjectionResistance" name="test_safe_parse_rejects['rm -rf /']" time="0.001" /><testcase classname="tests.test_tools_safety.TestInjectionResistance" name="test_safe_parse_rejects[{'a': 1}]" time="0.003" /><testcase classname="tests.test_tools_safety.TestInjectionResistance" name="test_safe_parse_rejects[x[0]]" time="0.001" /><testcase classname="tests.test_tools_safety.TestInjectionResistance" name="test_safe_parse_rejects[a if b else c]" time="0.001" /><testcase classname="tests.test_tools_safety.TestInjectionResistance" name="test_safe_parse_rejects[print(1)]" time="0.003" /><testcase classname="tests.test_tools_safety.TestInjectionResistance" name="test_safe_parse_rejects[globals()]" time="0.002" /><testcase classname="tests.test_tools_safety.TestInjectionResistance" name="test_safe_parse_rejects[help()]" time="0.003" /><testcase classname="tests.test_tools_safety.TestInjectionResistance" name="test_safe_parse_rejects[1 if True else 2]" time="0.003" /><testcase classname="tests.test_tools_safety.TestInjectionResistance" name="test_solver_rejects[__import__('os').system('x') = 0]" time="0.001" /><testcase classname="tests.test_tools_safety.TestInjectionResistance" name="test_solver_rejects[x.__class__ = 1]" time="0.001" /><testcase classname="tests.test_tools_safety.TestInjectionResistance" name="test_solver_rejects[open('f') = 0]" time="0.001" /><testcase classname="tests.test_tools_safety.TestInjectionResistance" name="test_normalize_input_rejects_unknown_latex" time="0.001" /><testcase classname="tests.test_tools_safety.TestInjectionResistance" name="test_validate_ast_rejects_attribute_access" time="0.001" /><testcase classname="tests.test_tools_safety.TestInjectionResistance" name="test_validate_ast_rejects_string_literals" time="0.001" /><testcase classname="tests.test_tools_safety.TestInjectionResistance" name="test_validate_ast_rejects_call_on_attribute" time="0.001" /><testcase classname="tests.test_tools_safety.TestInjectionResistance" name="test_deep_nesting_bounded" time="0.001" /><testcase classname="tests.test_tools_safety.TestInjectionResistance" name="test_no_builtins_reachable_from_names" time="0.003" /><testcase classname="tests.test_tools_safety.TestResourceLimits" name="test_exponent_limit" time="0.002" /><testcase classname="tests.test_tools_safety.TestResourceLimits" name="test_deep_nesting_in_calculator" time="0.001" /><testcase classname="tests.test_tools_safety.TestResourceLimits" name="test_timeout_produces_deterministic_error" time="0.061" /><testcase classname="tests.test_tools_safety.TestResourceLimits" name="test_symbolic_timeout_flagged_unknown" time="0.006" /><testcase classname="tests.test_tools_safety.TestDeterministicErrors" name="test_all_errors_carry_codes" time="0.003" /><testcase classname="tests.test_tools_safety.TestDeterministicErrors" name="test_infinity_and_nan_inputs_rejected" time="0.001" /><testcase classname="tests.test_tools_safety.TestJsonSafetyBoundary" name="test_symbolic_results_are_strings" time="0.004" /><testcase classname="tests.test_tools_safety.TestJsonSafetyBoundary" name="test_tool_result_roundtrip" time="0.001" /><testcase classname="tests.test_training_config_and_checkpoint" name="test_real_config_validates" time="0.025" /><testcase classname="tests.test_training_config_and_checkpoint" name="test_valid_config_passes" time="0.002" /><testcase classname="tests.test_training_config_and_checkpoint" name="test_missing_gradient_checkpointing_rejected" time="0.001" /><testcase classname="tests.test_training_config_and_checkpoint" name="test_out_of_range_lr_rejected" time="0.001" /><testcase classname="tests.test_training_config_and_checkpoint" name="test_fp16_quantization_rejected" time="0.001" /><testcase classname="tests.test_training_config_and_checkpoint" name="test_bad_lora_ratio_rejected" time="0.001" /><testcase classname="tests.test_training_config_and_checkpoint" name="test_unknown_target_module_rejected" time="0.001" /><testcase classname="tests.test_training_config_and_checkpoint" name="test_latest_checkpoint_prefers_highest_valid" time="0.020" /><testcase classname="tests.test_training_config_and_checkpoint" name="test_latest_checkpoint_ignores_corrupted" time="0.017" /><testcase classname="tests.test_training_config_and_checkpoint" name="test_latest_checkpoint_empty_dir" time="0.010" /><testcase classname="tests.test_training_config_and_checkpoint" name="test_adapter_active_true_when_attached_and_enabled" time="0.001" /><testcase classname="tests.test_training_config_and_checkpoint" name="test_adapter_inactive_when_disabled" time="0.001" /><testcase classname="tests.test_training_config_and_checkpoint" name="test_adapter_inactive_on_plain_model" time="0.001" /><testcase classname="tests.test_training_config_and_checkpoint" name="test_overfitting_flag_rising_eval_loss" time="0.001" /><testcase classname="tests.test_training_config_and_checkpoint" name="test_overfitting_flag_falling_eval_loss" time="0.001" /><testcase classname="tests.test_training_config_and_checkpoint" name="test_overfitting_flag_needs_two_evals" time="0.002" /><testcase classname="tests.test_verifier.TestVerdictBattery" name="test_correct[\\frac{1}{2}-0.5-exact_answer-PASS]" time="0.009" /><testcase classname="tests.test_verifier.TestVerdictBattery" name="test_correct[3/4-0.75-exact_answer-PASS]" time="0.005" /><testcase classname="tests.test_verifier.TestVerdictBattery" name="test_correct[(x-1)*(x+1)-x**2 - 1-exact_answer-PASS]" time="0.017" /><testcase classname="tests.test_verifier.TestVerdictBattery" name="test_correct[3.14159-\\pi-exact_answer-PASS]" time="0.038" /><testcase classname="tests.test_verifier.TestVerdictBattery" name="test_correct[5 km-5 kilometers-exact_answer-PASS]" time="0.003" /><testcase classname="tests.test_verifier.TestVerdictBattery" name="test_correct[3 km-3000 m-exact_answer-PASS]" time="0.001" /><testcase classname="tests.test_verifier.TestVerdictBattery" name="test_correct[25%-0.25-exact_answer-PASS]" time="0.005" /><testcase classname="tests.test_verifier.TestVerdictBattery" name="test_correct[{2, 3}-2, 3-exact_answer-PASS]" time="0.001" /><testcase classname="tests.test_verifier.TestVerdictBattery" name="test_correct[x = 4-2*x = 8-exact_answer-PASS]" time="0.014" /><testcase classname="tests.test_verifier.TestVerdictBattery" name="test_correct[C-C-multiple_choice-PASS]" time="0.001" /><testcase classname="tests.test_verifier.TestVerdictBattery" name="test_correct[cannot be determined-cannot be determined-uncertainty-PASS]" time="0.001" /><testcase classname="tests.test_verifier.TestVerdictBattery" name="test_correct[mitochondria-mitochondria-short_text-PASS]" time="0.001" /><testcase classname="tests.test_verifier.TestVerdictBattery" name="test_correct[\\boxed{42}-42-exact_answer-PASS]" time="0.005" /><testcase classname="tests.test_verifier.TestVerdictBattery" name="test_correct[2, 5-5, 2-exact_answer-PASS]" time="0.001" /><testcase classname="tests.test_verifier.TestVerdictBattery" name="test_wrong[x**2 + 1-x**2 - 1-exact_answer]" time="0.007" /><testcase classname="tests.test_verifier.TestVerdictBattery" name="test_wrong[2.718-e-exact_answer]" time="0.030" /><testcase classname="tests.test_verifier.TestVerdictBattery" name="test_wrong[3.14-\\pi-exact_answer]" time="0.027" /><testcase classname="tests.test_verifier.TestVerdictBattery" name="test_wrong[22/7-\\pi-exact_answer]" time="0.019" /><testcase classname="tests.test_verifier.TestVerdictBattery" name="test_wrong[0.3333-1/3-exact_answer]" time="0.006" /><testcase classname="tests.test_verifier.TestVerdictBattery" name="test_wrong[5 km-5 kg-exact_answer]" time="0.001" /><testcase classname="tests.test_verifier.TestVerdictBattery" name="test_wrong[5 km-7 km-exact_answer]" time="0.001" /><testcase classname="tests.test_verifier.TestVerdictBattery" name="test_wrong[25%-0.5-exact_answer]" time="0.004" /><testcase classname="tests.test_verifier.TestVerdictBattery" name="test_wrong[{2, 3}-2, 4-exact_answer]" time="0.001" /><testcase classname="tests.test_verifier.TestVerdictBattery" name="test_wrong[2-1, 2-exact_answer]" time="0.003" /><testcase classname="tests.test_verifier.TestVerdictBattery" name="test_wrong[{2, 3, 4}-2, 3-exact_answer]" time="0.001" /><testcase classname="tests.test_verifier.TestVerdictBattery" name="test_wrong[x = 5-2*x = 8-exact_answer]" time="0.009" /><testcase classname="tests.test_verifier.TestVerdictBattery" name="test_wrong[42-41-exact_answer]" time="0.005" /><testcase classname="tests.test_verifier.TestVerdictBattery" name="test_wrong[C-B-multiple_choice]" time="0.001" /><testcase classname="tests.test_verifier.TestVerdictBattery" name="test_wrong[42-cannot be determined-uncertainty]" time="0.001" /><testcase classname="tests.test_verifier.TestVerdictBattery" name="test_wrong[nucleus-mitochondria-short_text]" time="0.001" /><testcase classname="tests.test_verifier.TestVerdictBattery" name="test_wrong[2x+1-2x-1-exact_answer]" time="0.007" /><testcase classname="tests.test_verifier.TestVerdictBattery" name="test_unknown[-0.5-exact_answer]" time="0.001" /><testcase classname="tests.test_verifier.TestVerdictBattery" name="test_unknown[1/0-0.5-exact_answer]" time="0.005" /><testcase classname="tests.test_verifier.TestVerdictBattery" name="test_unknown[None-0.5-exact_answer]" time="0.001" /><testcase classname="tests.test_verifier.TestVerdictBattery" name="test_unknown[blah blah no answer here at all-\\pi-exact_answer]" time="0.002" /><testcase classname="tests.test_verifier.TestVerdictBattery" name="test_unknown[hello world-42-exact_answer]" time="0.003" /><testcase classname="tests.test_verifier.TestFalsePassProtection" name="test_no_false_pass[x**2 + 1-x**2 - 1-exact_answer]" time="0.007" /><testcase classname="tests.test_verifier.TestFalsePassProtection" name="test_no_false_pass[2.718-e-exact_answer]" time="0.018" /><testcase classname="tests.test_verifier.TestFalsePassProtection" name="test_no_false_pass[3.14-\\pi-exact_answer]" time="0.020" /><testcase classname="tests.test_verifier.TestFalsePassProtection" name="test_no_false_pass[22/7-\\pi-exact_answer]" time="0.015" /><testcase classname="tests.test_verifier.TestFalsePassProtection" name="test_no_false_pass[0.3333-1/3-exact_answer]" time="0.005" /><testcase classname="tests.test_verifier.TestFalsePassProtection" name="test_no_false_pass[5 km-5 kg-exact_answer]" time="0.001" /><testcase classname="tests.test_verifier.TestFalsePassProtection" name="test_no_false_pass[5 km-7 km-exact_answer]" time="0.001" /><testcase classname="tests.test_verifier.TestFalsePassProtection" name="test_no_false_pass[25%-0.5-exact_answer]" time="0.004" /><testcase classname="tests.test_verifier.TestFalsePassProtection" name="test_no_false_pass[{2, 3}-2, 4-exact_answer]" time="0.001" /><testcase classname="tests.test_verifier.TestFalsePassProtection" name="test_no_false_pass[2-1, 2-exact_answer]" time="0.003" /><testcase classname="tests.test_verifier.TestFalsePassProtection" name="test_no_false_pass[{2, 3, 4}-2, 3-exact_answer]" time="0.002" /><testcase classname="tests.test_verifier.TestFalsePassProtection" name="test_no_false_pass[x = 5-2*x = 8-exact_answer]" time="0.009" /><testcase classname="tests.test_verifier.TestFalsePassProtection" name="test_no_false_pass[42-41-exact_answer]" time="0.004" /><testcase classname="tests.test_verifier.TestFalsePassProtection" name="test_no_false_pass[C-B-multiple_choice]" time="0.002" /><testcase classname="tests.test_verifier.TestFalsePassProtection" name="test_no_false_pass[42-cannot be determined-uncertainty]" time="0.001" /><testcase classname="tests.test_verifier.TestFalsePassProtection" name="test_no_false_pass[nucleus-mitochondria-short_text]" time="0.001" /><testcase classname="tests.test_verifier.TestFalsePassProtection" name="test_no_false_pass[2x+1-2x-1-exact_answer]" time="0.006" /><testcase classname="tests.test_verifier.TestFalsePassProtection" name="test_no_false_pass[-0.5-exact_answer]" time="0.001" /><testcase classname="tests.test_verifier.TestFalsePassProtection" name="test_no_false_pass[1/0-0.5-exact_answer]" time="0.005" /><testcase classname="tests.test_verifier.TestFalsePassProtection" name="test_no_false_pass[None-0.5-exact_answer]" time="0.001" /><testcase classname="tests.test_verifier.TestFalsePassProtection" name="test_no_false_pass[blah blah no answer here at all-\\pi-exact_answer]" time="0.003" /><testcase classname="tests.test_verifier.TestFalsePassProtection" name="test_no_false_pass[hello world-42-exact_answer]" time="0.003" /><testcase classname="tests.test_verifier.TestFalsePassProtection" name="test_sign_flip_fails" time="0.003" /><testcase classname="tests.test_verifier.TestFalsePassProtection" name="test_order_of_magnitude_fails" time="0.005" /><testcase classname="tests.test_verifier.TestFalsePassProtection" name="test_transposed_digits_fail" time="0.004" /><testcase classname="tests.test_verifier.TestFalsePassProtection" name="test_decimal_truncation_fails" time="0.004" /><testcase classname="tests.test_verifier.TestFalsePassProtection" name="test_wrong_unit_fails_even_if_magnitude_matches" time="0.002" /><testcase classname="tests.test_verifier.TestFalsePassProtection" name="test_wrong_temperature_offset_fails" time="0.001" /><testcase classname="tests.test_verifier.TestFalsePassProtection" name="test_prose_never_passes_numeric" time="0.003" /><testcase classname="tests.test_verifier.TestFalsePassProtection" name="test_timeout_is_unknown_not_pass" time="0.251" /><testcase classname="tests.test_verifier.TestAnswerParsing" name="test_kinds" time="0.011" /><testcase classname="tests.test_verifier.TestAnswerParsing" name="test_fraction_not_misparsed_as_quantity" time="0.003" /><testcase classname="tests.test_verifier.TestAnswerParsing" name="test_slash_junk_not_a_unit" time="0.003" /><testcase classname="tests.test_verifier.TestRawOutputPreservation" name="test_verify_model_output_preserves_raw" time="0.005" /><testcase classname="tests.test_verifier.TestRawOutputPreservation" name="test_raw_never_modified_even_when_wrong" time="0.004" /><testcase classname="tests.test_verifier.TestRawOutputPreservation" name="test_think_block_not_graded" time="0.005" /><testcase classname="tests.test_verifier.TestRawOutputPreservation" name="test_no_extraction_is_unknown" time="0.002" /><testcase classname="tests.test_verifier.TestRawOutputPreservation" name="test_record_shape" time="0.003" /><testcase classname="tests.test_verifier.TestUncertaintyCalibration" name="test_uncertainty_answer_against_marker" time="0.001" /><testcase classname="tests.test_verifier.TestUncertaintyCalibration" name="test_confident_answer_against_uncertainty_marker_fails" time="0.001" /><testcase classname="tests.test_verifier.TestUncertaintyCalibration" name="test_uncertainty_against_concrete_fails" time="0.002" /></testsuite></testsuites>