<?xml version="1.0" encoding="utf-8"?><testsuites name="pytest tests"><testsuite name="pytest" errors="0" failures="0" skipped="0" tests="9" time="0.411" timestamp="2026-09-20T14:45:06.414648-04:00" hostname="comrade"><testcase classname="tests.test_t21r14_remediation" name="test_remediation_exclusion_valid_and_extended" time="0.003" /><testcase classname="tests.test_t21r14_remediation" name="test_remediation_covers_taxonomy_fixtures" time="0.001" /><testcase classname="tests.test_t21r14_remediation" name="test_remediation_tampering_rejected" time="0.002" /><testcase classname="tests.test_t21r14_remediation" name="test_r13_quarantine_intact" time="0.001" /><testcase classname="tests.test_t21r14_remediation" name="test_r13_closure_status" time="0.000" /><testcase classname="tests.test_t21r14_remediation" name="test_registry_raw_values_never_included" time="0.273" /><testcase classname="tests.test_t21r11_remediation" name="test_value_side_resolution_uses_best_source_for_each_value" time="0.000" /><testcase classname="tests.test_t21r11_remediation" name="test_led_by_relation_answers_out_of_legacy_ontology_query" time="0.008" /><testcase classname="tests.test_t21r11_remediation" name="test_corpus_wide_corroborator_is_quarantined_and_audited" time="0.003" /></testsuite></testsuites>