<?xml version="1.0" encoding="utf-8"?><testsuites name="pytest tests"><testsuite name="pytest" errors="0" failures="0" skipped="0" tests="25" time="0.701" timestamp="2026-09-19T19:02:31.023108-04:00" hostname="comrade"><testcase classname="tests.test_t21r11_remediation" name="test_value_side_resolution_uses_best_source_for_each_value" time="0.001" /><testcase classname="tests.test_t21r11_remediation" name="test_led_by_relation_answers_out_of_legacy_ontology_query" time="0.005" /><testcase classname="tests.test_t21r11_remediation" name="test_corpus_wide_corroborator_is_quarantined_and_audited" time="0.003" /><testcase classname="tests.test_t21r11_preconstruction" name="test_required_preconstruction_artifacts_exist" time="0.001" /><testcase classname="tests.test_t21r11_preconstruction" name="test_project_states_are_open_experimental_and_blocked" time="0.000" /><testcase classname="tests.test_t21r11_preconstruction" name="test_all_seven_hypotheses_are_preregistered" time="0.001" /><testcase classname="tests.test_t21r11_preconstruction" name="test_exact_suite_names_counts_and_total_are_frozen" time="0.000" /><testcase classname="tests.test_t21r11_preconstruction" name="test_all_32_floors_are_canonical_identical_to_r10" time="0.001" /><testcase classname="tests.test_t21r11_preconstruction" name="test_one_shot_semantics_fail_closed" time="0.000" /><testcase classname="tests.test_t21r11_preconstruction" name="test_prior_exclusion_is_hash_only_11_by_8" time="0.473" /><testcase classname="tests.test_t21r11_preconstruction" name="test_r10_is_preserved_as_consumed_historical_exclusion" time="0.012" /><testcase classname="tests.test_t21r11_preconstruction" name="test_open_remediation_exclusion_is_hash_only_and_complete" time="0.007" /><testcase classname="tests.test_t21r11_preconstruction" name="test_candidate_runtime_freeze_identity_and_scope" time="0.001" /><testcase classname="tests.test_t21r11_preconstruction" name="test_runtime_freeze_rehashes_every_component" time="0.004" /><testcase classname="tests.test_t21r11_preconstruction" name="test_component_freeze_rejects_one_byte_drift" time="0.009" /><testcase classname="tests.test_t21r11_preconstruction" name="test_remediation_provenance_binds_every_production_change" time="0.001" /><testcase classname="tests.test_t21r11_preconstruction" name="test_builder_firewall_has_no_import_call_or_leakage_findings" time="0.025" /><testcase classname="tests.test_t21r11_preconstruction" name="test_world_builder_refuses_wrong_namespace_and_disposable_real_ids" time="0.001" /><testcase classname="tests.test_t21r11_preconstruction" name="test_suite_builder_refuses_duplicates_and_manual_windows" time="0.001" /><testcase classname="tests.test_t21r11_preconstruction" name="test_retrieval_window_is_independently_derived" time="0.000" /><testcase classname="tests.test_t21r11_preconstruction" name="test_temporal_and_security_regression_allocations_are_frozen" time="0.000" /><testcase classname="tests.test_t21r11_preconstruction" name="test_synthetic_protocol_all_registered_stages_pass" time="0.001" /><testcase classname="tests.test_t21r11_preconstruction" name="test_exact_twenty_negative_controls_pass_by_rejection" time="0.000" /><testcase classname="tests.test_t21r11_preconstruction" name="test_synthetic_rehearsal_deleted_and_executed_no_r11_rows" time="0.000" /><testcase classname="tests.test_t21r11_preconstruction" name="test_validation_claim_is_explicitly_non_official" time="0.000" /></testsuite></testsuites>