<?xml version="1.0" encoding="utf-8"?><testsuites name="pytest tests"><testsuite name="pytest" errors="0" failures="0" skipped="0" tests="40" time="1.850" timestamp="2026-09-20T14:45:04.023051-04:00" hostname="comrade"><testcase classname="tests.test_t21r14_preconstruction" name="test_r14_qualification_pass" time="0.012" /><testcase classname="tests.test_t21r14_preconstruction" name="test_contract_schema_blind_namespace_string" time="0.001" /><testcase classname="tests.test_t21r14_preconstruction" name="test_no_nested_blind_namespace_access" time="0.000" /><testcase classname="tests.test_t21r14_preconstruction" name="test_r12_namespace_shape_regression" time="0.000" /><testcase classname="tests.test_t21r14_preconstruction" name="test_synthetic_suite_materializer_completed" time="0.000" /><testcase classname="tests.test_t21r14_preconstruction" name="test_historical_milestones_14" time="0.046" /><testcase classname="tests.test_t21r14_preconstruction" name="test_r13_closure_present_and_forensics_preserved" time="0.001" /><testcase classname="tests.test_t21r14_preconstruction" name="test_r13_official_evaluation_permanently_refused" time="0.160" /><testcase classname="tests.test_t21r14_preconstruction" name="test_r13_quarantine_policy" time="0.001" /><testcase classname="tests.test_t21r14_preconstruction" name="test_canonical_taxonomy_contract" time="0.000" /><testcase classname="tests.test_t21r14_preconstruction" name="test_evaluator_rebound_to_canonical_taxonomy" time="0.000" /><testcase classname="tests.test_t21r14_preconstruction" name="test_r13_domain_taxonomy_abort_regression" time="0.000" /><testcase classname="tests.test_t21r14_preconstruction" name="test_unknown_domain_loud_failure" time="0.000" /><testcase classname="tests.test_t21r14_preconstruction" name="test_gold_taxonomy_scan_rejects_unknown_before_evaluation" time="0.012" /><testcase classname="tests.test_t21r14_preconstruction" name="test_gold_taxonomy_scan_accepts_registered_labels" time="0.006" /><testcase classname="tests.test_t21r14_preconstruction" name="test_author_vocabulary_enumerable_and_subset" time="0.001" /><testcase classname="tests.test_t21r14_preconstruction" name="test_crossdomain_registry_all_labels_registered" time="0.001" /><testcase classname="tests.test_t21r14_preconstruction" name="test_taxonomy_coverage_100" time="0.000" /><testcase classname="tests.test_t21r14_preconstruction" name="test_consumer_matrix_no_conflicts" time="0.000" /><testcase classname="tests.test_t21r14_preconstruction" name="test_real_r14_paths_absent" time="0.001" /><testcase classname="tests.test_t21r14_preconstruction" name="test_exact_design_38" time="0.000" /><testcase classname="tests.test_t21r14_gate_interface" name="test_build_gate_report_callable_and_signature_compatible" time="0.000" /><testcase classname="tests.test_t21r14_gate_interface" name="test_gate_path_used_by_static_gold_audit_and_prevalidate" time="0.024" /><testcase classname="tests.test_t21r14_gate_interface" name="test_gate_cli_api_equivalence" time="0.041" /><testcase classname="tests.test_t21r14_gate_interface" name="test_gate_api_mutation_missing_callable" time="0.000" /><testcase classname="tests.test_t21r14_gate_interface" name="test_gate_api_mutation_wrong_argument_count" time="0.000" /><testcase classname="tests.test_t21r14_gate_interface" name="test_gate_api_mutation_wrong_schema_value" time="0.001" /><testcase classname="tests.test_t21r14_gate_interface" name="test_gate_api_mutation_wrong_report_value_type" time="0.001" /><testcase classname="tests.test_t21r14_gate_interface" name="test_prior_exclusion_rebuilt_valid_112" time="0.898" /><testcase classname="tests.test_t21r14_gate_interface" name="test_exclusion_raw_payload_rejected" time="0.086" /><testcase classname="tests.test_t21r14_gate_interface" name="test_exclusion_milestone_count_mismatch_rejected" time="0.086" /><testcase classname="tests.test_t21r14_gate_interface" name="test_exclusion_set_sha_mismatch_rejected" time="0.277" /><testcase classname="tests.test_t21r14_gate_interface" name="test_neg_unknown_required_domain" time="0.006" /><testcase classname="tests.test_t21r14_gate_interface" name="test_neg_misspelled_domain" time="0.003" /><testcase classname="tests.test_t21r14_gate_interface" name="test_neg_wrong_type" time="0.012" /><testcase classname="tests.test_t21r14_gate_interface" name="test_neg_null_label" time="0.003" /><testcase classname="tests.test_t21r14_gate_interface" name="test_neg_duplicate_labels" time="0.003" /><testcase classname="tests.test_t21r14_gate_interface" name="test_neg_author_only_domain_rejected" time="0.000" /><testcase classname="tests.test_t21r14_gate_interface" name="test_r13_exact_failure_labels_accepted_by_full_chain" time="0.011" /><testcase classname="tests.test_t21r14_gate_interface" name="test_normalize_domain_no_aliasing" time="0.000" /></testsuite></testsuites>