<?xml version="1.0" encoding="utf-8"?><testsuites name="pytest tests"><testsuite name="pytest" errors="0" failures="0" skipped="0" tests="591" time="15.376" timestamp="2026-09-04T00:29:42.355770-04:00" hostname="comrade"><testcase classname="tests.test_corpus_and_comparison.TestFrozenCorpus" name="test_checksums_match" time="0.005" /><testcase classname="tests.test_corpus_and_comparison.TestFrozenCorpus" name="test_mix_within_contract" time="0.001" /><testcase classname="tests.test_corpus_and_comparison.TestFrozenCorpus" name="test_contamination_gate_ran_and_passed" time="0.001" /><testcase classname="tests.test_corpus_and_comparison.TestFrozenCorpus" name="test_manifest_records_provenance_fields" time="0.001" /><testcase classname="tests.test_corpus_and_comparison.TestFrozenCorpus" name="test_no_eval_question_in_train" time="0.068" /><testcase classname="tests.test_corpus_and_comparison.TestFrozenCorpus" name="test_every_record_closes_with_boxed_marker" time="0.019" /><testcase classname="tests.test_corpus_and_comparison.TestFrozenCorpus" name="test_math_science_closures_use_correct_marker" time="0.018" /><testcase classname="tests.test_corpus_and_comparison.TestComparisonLogic" name="test_deltas_are_percentage_points" time="0.001" /><testcase classname="tests.test_corpus_and_comparison.TestComparisonLogic" name="test_per_category_delta" time="0.000" /><testcase classname="tests.test_corpus_and_comparison.TestComparisonLogic" name="test_gate_flags_material_science_regression" time="0.000" /><testcase classname="tests.test_corpus_and_comparison.TestComparisonLogic" name="test_gate_not_evaluable_without_tuned_science" time="0.000" /><testcase classname="tests.test_curriculum_core" name="test_taxonomy_complete_and_consistent" time="0.001" /><testcase classname="tests.test_curriculum_core" name="test_matrix_roundtrip" time="0.000" /><testcase classname="tests.test_curriculum_core" name="test_level_defs_valid[1]" time="0.001" /><testcase classname="tests.test_curriculum_core" name="test_level_defs_valid[2]" time="0.000" /><testcase classname="tests.test_curriculum_core" name="test_level_defs_valid[3]" time="0.000" /><testcase classname="tests.test_curriculum_core" name="test_level_defs_valid[4]" time="0.000" /><testcase classname="tests.test_curriculum_core" name="test_level_defs_valid[5]" time="0.000" /><testcase classname="tests.test_curriculum_core" name="test_level_defs_valid[6]" time="0.000" /><testcase classname="tests.test_curriculum_core" name="test_level_defs_valid[7]" time="0.000" /><testcase classname="tests.test_curriculum_core" name="test_level_defs_valid[8]" time="0.000" /><testcase classname="tests.test_curriculum_core" name="test_tracks_covered_monotonic" time="0.000" /><testcase classname="tests.test_curriculum_core" name="test_generators_verified_and_cross_checked" time="0.034" /><testcase classname="tests.test_curriculum_core" name="test_generator_determinism" time="0.001" /><testcase classname="tests.test_curriculum_core" name="test_replay_selection_stratified_and_deterministic" time="0.001" /><testcase classname="tests.test_curriculum_core" name="test_replay_excludes_stage_questions" time="0.000" /><testcase classname="tests.test_curriculum_core" name="test_gate_keep_and_reject" time="0.000" /><testcase classname="tests.test_curriculum_core" name="test_pp_drop_none_safe" time="0.000" /><testcase classname="tests.test_curriculum_core" name="test_pareto_and_promotion_log" time="0.017" /><testcase classname="tests.test_curriculum_core" name="test_plan_validation_and_routing" time="0.001" /><testcase classname="tests.test_curriculum_core" name="test_parse_plan_from_output" time="0.001" /><testcase classname="tests.test_curriculum_core" name="test_routing_metrics" time="0.001" /><testcase classname="tests.test_curriculum_core" name="test_counterfactual_kinds" time="0.000" /><testcase classname="tests.test_curriculum_core" name="test_failure_memory_classification_and_log" time="0.003" /><testcase classname="tests.test_curriculum_core" name="test_counterfactual_eval_scoring" time="0.001" /><testcase classname="tests.test_curriculum_core" name="test_eval_core_item_schema" time="0.000" /><testcase classname="tests.test_curriculum_core" name="test_contamination_check_flags_overlap" time="0.000" /><testcase classname="tests.test_curriculum_core" name="test_freeze_and_verify_roundtrip" time="0.004" /><testcase classname="tests.test_curriculum_core" name="test_frozen_suites_exist_and_verify" time="0.003" /><testcase classname="tests.test_curriculum_core" name="test_curriculum_gates_config_declares_all_dimensions" time="0.017" /><testcase classname="tests.test_curriculum_core" name="test_stage_corpus_frozen_and_checksummed" time="0.003" /><testcase classname="tests.test_curriculum_core" name="test_frozen_v1_corpus_untouched" time="0.005" /><testcase classname="tests.test_dedup" name="test_exact_duplicates_removed" time="0.000" /><testcase classname="tests.test_dedup" name="test_normalized_duplicates_removed" time="0.000" /><testcase classname="tests.test_dedup" name="test_distinct_questions_kept" time="0.000" /><testcase classname="tests.test_dedup" name="test_prefer_record_with_solution" time="0.000" /><testcase classname="tests.test_dedup" name="test_near_duplicates_clustered" time="0.001" /><testcase classname="tests.test_dedup" name="test_jaccard_basics" time="0.000" /><testcase classname="tests.test_dedup" name="test_no_crash_on_empty_and_tiny_questions" time="0.000" /><testcase classname="tests.test_eval_suite" name="test_verify_clean_suite_passes" time="0.005" /><testcase classname="tests.test_eval_suite" name="test_verify_detects_tampered_question_file" time="0.005" /><testcase classname="tests.test_eval_suite" name="test_verify_detects_missing_file" time="0.004" /><testcase classname="tests.test_eval_suite" name="test_verify_reports_extra_unlisted_files" time="0.005" /><testcase classname="tests.test_eval_suite" name="test_freeze_refuses_existing_suite" time="0.005" /><testcase classname="tests.test_eval_suite" name="test_done_eval_ids_and_resume_skip" time="0.002" /><testcase classname="tests.test_eval_suite" name="test_prediction_writer_flushes_each_record" time="0.007" /><testcase classname="tests.test_eval_suite" name="test_sample_plan_counts_and_synthetic_isolation" time="0.001" /><testcase classname="tests.test_eval_suite" name="test_sampling_is_deterministic" time="0.001" /><testcase classname="tests.test_eval_suite" name="test_stable_seed_no_python_hash" time="0.000" /><testcase classname="tests.test_eval_suite" name="test_eval_ids_unique_and_stable" time="0.000" /><testcase classname="tests.test_eval_suite" name="test_leakage_gate_fails_on_direct" time="0.003" /><testcase classname="tests.test_extraction" name="test_strip_think_closed_full_block" time="0.000" /><testcase classname="tests.test_extraction" name="test_strip_think_same_line" time="0.000" /><testcase classname="tests.test_extraction" name="test_strip_think_empty_block" time="0.000" /><testcase classname="tests.test_extraction" name="test_strip_think_multiline_visible_answer" time="0.000" /><testcase classname="tests.test_extraction" name="test_strip_think_unclosed_returns_empty" time="0.000" /><testcase classname="tests.test_extraction" name="test_strip_think_absent_passthrough" time="0.000" /><testcase classname="tests.test_extraction" name="test_strip_think_closed_takes_last_block" time="0.000" /><testcase classname="tests.test_extraction" name="test_ordinary_word_think_untouched" time="0.000" /><testcase classname="tests.test_extraction" name="test_extract_boxed_math" time="0.000" /><testcase classname="tests.test_extraction" name="test_extract_boxed_nested_braces" time="0.000" /><testcase classname="tests.test_extraction" name="test_extract_last_boxed_wins" time="0.000" /><testcase classname="tests.test_extraction" name="test_extract_hash_marker_gsm8k" time="0.000" /><testcase classname="tests.test_extraction" name="test_extract_answer_is_prose" time="0.000" /><testcase classname="tests.test_extraction" name="test_extract_bare_last_line" time="0.000" /><testcase classname="tests.test_extraction" name="test_extract_none_when_nothing_gradable" time="0.000" /><testcase classname="tests.test_extraction" name="test_extract_in_think_block_answer_is_not_scored" time="0.000" /><testcase classname="tests.test_extraction" name="test_extract_visible_wrong_answer_wins_over_hidden" time="0.000" /><testcase classname="tests.test_extraction" name="test_extract_mcq_letter" time="0.001" /><testcase classname="tests.test_extraction" name="test_extract_mcq_invalid_letter_is_none" time="0.000" /><testcase classname="tests.test_extraction" name="test_extract_mcq_think_then_letter" time="0.000" /><testcase classname="tests.test_extraction" name="test_answers_match_numeric_tolerance" time="0.000" /><testcase classname="tests.test_extraction" name="test_answers_match_commas_and_dollars" time="0.000" /><testcase classname="tests.test_extraction" name="test_answers_match_identical_latex_frac" time="0.000" /><testcase classname="tests.test_extraction" name="test_answers_match_frac_vs_decimal_is_t2_limitation" time="0.000" /><testcase classname="tests.test_extraction" name="test_answers_match_text_normalization" time="0.000" /><testcase classname="tests.test_extraction" name="test_answers_match_none_extracted" time="0.000" /><testcase classname="tests.test_extraction" name="test_signals_uncertainty_positive" time="0.000" /><testcase classname="tests.test_extraction" name="test_signals_uncertainty_negative" time="0.000" /><testcase classname="tests.test_gates_and_attach.TestContaminationGate" name="test_gate_removes_exact_eval_question" time="0.015" /><testcase classname="tests.test_gates_and_attach.TestContaminationGate" name="test_gate_keeps_unrelated_records_untouched" time="0.010" /><testcase classname="tests.test_gates_and_attach.TestContaminationGate" name="test_gate_flags_near_duplicates_above_threshold" time="0.014" /><testcase classname="tests.test_gates_and_attach.TestQuotaSampling" name="test_general_slice_taken_whole" time="0.002" /><testcase classname="tests.test_gates_and_attach.TestQuotaSampling" name="test_math_quota_follows_mix_ratio" time="0.001" /><testcase classname="tests.test_gates_and_attach.TestQuotaSampling" name="test_science_bounded_by_pool_and_mix" time="0.003" /><testcase classname="tests.test_gates_and_attach.TestQuotaSampling" name="test_subject_quotas_respect_pool_limits" time="0.001" /><testcase classname="tests.test_gates_and_attach.TestQuotaSampling" name="test_sampling_is_deterministic" time="0.003" /><testcase classname="tests.test_gates_and_attach.TestVerifyCorpus" name="test_verify_real_frozen_corpus" time="0.009" /><testcase classname="tests.test_gates_and_attach.TestVerifyCorpus" name="test_verify_detects_tampered_file" time="0.004" /><testcase classname="tests.test_gates_and_attach.TestVerifyCorpus" name="test_verify_detects_missing_file" time="0.002" /><testcase classname="tests.test_gates_and_attach.TestAttachLora" name="test_attach_returns_active_peft_model" time="7.933" /><testcase classname="tests.test_gates_and_attach.TestAttachLora" name="test_base_weights_frozen_and_lora_trainable" time="0.003" /><testcase classname="tests.test_gates_and_attach.TestAttachLora" name="test_targeted_modules_get_adapters" time="0.003" /><testcase classname="tests.test_gates_and_attach.TestAdapterManifest" name="test_manifest_contains_required_provenance" time="0.329" /><testcase classname="tests.test_hardware" name="test_detection_never_raises" time="0.001" /><testcase classname="tests.test_hardware" name="test_recommendations_cover_settings" time="0.001" /><testcase classname="tests.test_hardware" name="test_6gb_profile_is_conservative" time="0.001" /><testcase classname="tests.test_hardware" name="test_cpu_only_profile_disables_training" time="0.001" /><testcase classname="tests.test_hardware" name="test_small_vram_disables_training" time="0.001" /><testcase classname="tests.test_leakage" name="test_direct_leakage_detected_across_splits" time="0.001" /><testcase classname="tests.test_leakage" name="test_no_false_positive_on_distinct_questions" time="0.001" /><testcase classname="tests.test_leakage" name="test_check_splits_raises_on_direct_leakage" time="0.001" /><testcase classname="tests.test_leakage" name="test_check_splits_passes_clean_data" time="0.001" /><testcase classname="tests.test_leakage" name="test_eval_only_source_in_train_is_violation" time="0.001" /><testcase classname="tests.test_leakage" name="test_near_leakage_flagged" time="0.001" /><testcase classname="tests.test_leakage" name="test_identical_questions_within_pipeline_do_not_leak" time="0.001" /><testcase classname="tests.test_leakage" name="test_build_and_check_fails_on_leakage_when_groups_bypassed" time="0.001" /><testcase classname="tests.test_leakage" name="test_fingerprint_collision_on_semantic_same_text" time="0.001" /><testcase classname="tests.test_licenses" name="test_unknown_source_excluded" time="0.001" /><testcase classname="tests.test_licenses" name="test_review_required_excluded" time="0.001" /><testcase classname="tests.test_licenses" name="test_approved_allowed" time="0.001" /><testcase classname="tests.test_licenses" name="test_filter_for_training" time="0.001" /><testcase classname="tests.test_licenses" name="test_eval_only_source_not_in_training_sources" time="0.001" /><testcase classname="tests.test_licenses" name="test_manifest_loader_rejects_bad_status" time="0.003" /><testcase classname="tests.test_licenses" name="test_license_manifest_md_generation" time="0.002" /><testcase classname="tests.test_licenses" name="test_repo_manifest_loads" time="0.003" /><testcase classname="tests.test_normalize" name="test_control_and_zero_width_removed" time="0.001" /><testcase classname="tests.test_normalize" name="test_smart_punctuation_translated" time="0.001" /><testcase classname="tests.test_normalize" name="test_whitespace_collapsed" time="0.001" /><testcase classname="tests.test_normalize" name="test_fingerprint_is_language_normalized" time="0.001" /><testcase classname="tests.test_normalize" name="test_fingerprint_strips_formatting" time="0.001" /><testcase classname="tests.test_normalize" name="test_answer_fingerprint_variants_converge" time="0.001" /><testcase classname="tests.test_normalize" name="test_normalize_numeric" time="0.001" /><testcase classname="tests.test_normalize" name="test_unsupported_characters_detected" time="0.001" /><testcase classname="tests.test_normalize" name="test_normalize_example_happy_path" time="0.001" /><testcase classname="tests.test_normalize" name="test_normalize_example_rejects_malformed_answer" time="0.001" /><testcase classname="tests.test_normalize" name="test_normalize_example_too_short_question" time="0.001" /><testcase classname="tests.test_normalize" name="test_normalize_preserves_optional_fields" time="0.001" /><testcase classname="tests.test_prompts" name="test_math_content_has_boxed_instruction" time="0.001" /><testcase classname="tests.test_prompts" name="test_mcq_content_lists_choices_and_letter_instruction" time="0.001" /><testcase classname="tests.test_prompts" name="test_content_identical_across_calls" time="0.000" /><testcase classname="tests.test_prompts" name="test_render_wraps_without_changing_content" time="0.001" /><testcase classname="tests.test_prompts" name="test_render_passes_thinking_flag_when_given" time="0.001" /><testcase classname="tests.test_prompts" name="test_render_falls_back_when_template_rejects_thinking_flag" time="0.000" /><testcase classname="tests.test_rag_core" name="test_registry_exists_and_denies_by_default" time="0.001" /><testcase classname="tests.test_rag_core" name="test_registry_status_gates" time="0.000" /><testcase classname="tests.test_rag_core" name="test_registry_require_raises" time="0.001" /><testcase classname="tests.test_rag_core" name="test_registry_rejects_malformed_files" time="0.004" /><testcase classname="tests.test_rag_core" name="test_taxonomy_canonical_domains" time="0.001" /><testcase classname="tests.test_rag_core" name="test_domain_normalization" time="0.001" /><testcase classname="tests.test_rag_core" name="test_domain_classification_whole_word" time="0.003" /><testcase classname="tests.test_rag_core" name="test_schema_accepts_complete_provenance" time="0.001" /><testcase classname="tests.test_rag_core" name="test_schema_rejects_missing_provenance" time="0.001" /><testcase classname="tests.test_rag_core" name="test_schema_rejects_unregistered_source" time="0.001" /><testcase classname="tests.test_rag_core" name="test_schema_never_fabricates_missing_metadata" time="0.001" /><testcase classname="tests.test_rag_core" name="test_schema_rejects_non_canonical_domain" time="0.001" /><testcase classname="tests.test_rag_core" name="test_schema_rejects_malformed_chunk_id" time="0.001" /><testcase classname="tests.test_rag_core" name="test_cleaning_preserves_science_notation" time="0.001" /><testcase classname="tests.test_rag_core" name="test_cleaning_removes_citation_markers" time="0.001" /><testcase classname="tests.test_rag_core" name="test_cleaning_drops_boilerplate_and_empty_sections" time="0.001" /><testcase classname="tests.test_rag_core" name="test_cleaning_preserves_heading_hierarchy" time="0.001" /><testcase classname="tests.test_rag_core" name="test_cleaning_html_removal_keeps_superscript" time="0.001" /><testcase classname="tests.test_rag_core" name="test_cleaning_duplicate_section_flagged" time="0.001" /><testcase classname="tests.test_rag_core" name="test_exact_duplicate_sections_collapsed" time="0.001" /><testcase classname="tests.test_rag_core" name="test_chunking_respects_target_and_cap" time="0.001" /><testcase classname="tests.test_rag_core" name="test_chunking_never_splits_mid_paragraph" time="0.001" /><testcase classname="tests.test_rag_core" name="test_chunking_overlap_present" time="0.001" /><testcase classname="tests.test_rag_core" name="test_chunk_document_keeps_provenance_fields" time="0.001" /><testcase classname="tests.test_rag_core" name="test_route_pure_math_never_science" time="0.001" /><testcase classname="tests.test_rag_core" name="test_route_pure_science" time="0.001" /><testcase classname="tests.test_rag_core" name="test_route_quantitative_science_is_mixed" time="0.001" /><testcase classname="tests.test_rag_core" name="test_route_general" time="0.001" /><testcase classname="tests.test_rag_core" name="test_t5_23_conditional_prompt_modules" time="0.001" /><testcase classname="tests.test_rag_core" name="test_t5_23_no_cross_contamination_in_prompts" time="0.000" /><testcase classname="tests.test_rag_core" name="test_retrieval_metrics_math" time="0.001" /><testcase classname="tests.test_rag_core" name="test_evaluate_retrieval_aggregates" time="0.001" /><testcase classname="tests.test_rag_core" name="test_evidence_insufficient_without_chunks" time="0.001" /><testcase classname="tests.test_rag_core" name="test_evidence_insufficient_with_weak_scores" time="0.000" /><testcase classname="tests.test_rag_core" name="test_evidence_supported_with_reference_answer" time="0.001" /><testcase classname="tests.test_rag_core" name="test_evidence_never_auto_promotes_ambiguity" time="0.001" /><testcase classname="tests.test_rag_core" name="test_evidence_states_enum" time="0.000" /><testcase classname="tests.test_rag_core" name="test_contract_visible_text_reports_sources" time="0.001" /><testcase classname="tests.test_rag_core" name="test_conflicting_evidence_detected_and_preserved" time="0.001" /><testcase classname="tests.test_rag_core" name="test_no_artificial_consensus_from_conflict" time="0.001" /><testcase classname="tests.test_rag_core" name="test_conflicting_units_in_chunks_flagged" time="0.001" /><testcase classname="tests.test_rag_core" name="test_valid_citation_passes" time="0.001" /><testcase classname="tests.test_rag_core" name="test_fabricated_source_fails" time="0.001" /><testcase classname="tests.test_rag_core" name="test_wrong_source_id_fails" time="0.001" /><testcase classname="tests.test_rag_core" name="test_citation_after_source_filtered_out_fails" time="0.001" /><testcase classname="tests.test_rag_core" name="test_correct_source_but_unsupported_claim_fails" time="0.001" /><testcase classname="tests.test_rag_core" name="test_irrelevant_chunk_citation_fails" time="0.001" /><testcase classname="tests.test_rag_core" name="test_claim_support_numbers_must_match" time="0.001" /><testcase classname="tests.test_rag_core" name="test_verify_answer_citations_report" time="0.001" /><testcase classname="tests.test_rag_core" name="test_semantically_similar_but_wrong_chunk_not_promoted" time="0.001" /><testcase classname="tests.test_rag_core" name="test_numerical_distractor_rejected_by_support" time="0.001" /><testcase classname="tests.test_rag_core" name="test_audit_logger_records_fields" time="0.002" /><testcase classname="tests.test_rag_core" name="test_audit_logger_redacts_secrets" time="0.002" /><testcase classname="tests.test_rag_core" name="test_ingest_dedupe_normalization" time="0.002" /><testcase classname="tests.test_rag_index_and_retrieval" name="test_brute_force_store_search_order_and_topk" time="0.001" /><testcase classname="tests.test_rag_index_and_retrieval" name="test_brute_force_store_rejects_length_mismatch" time="0.001" /><testcase classname="tests.test_rag_index_and_retrieval" name="test_brute_force_save_load_roundtrip" time="0.004" /><testcase classname="tests.test_rag_index_and_retrieval" name="test_faiss_store_matches_brute_force_and_survives_reload" time="0.175" /><testcase classname="tests.test_rag_index_and_retrieval" name="test_make_store_factory" time="0.001" /><testcase classname="tests.test_rag_index_and_retrieval" name="test_index_manifest_roundtrip" time="0.006" /><testcase classname="tests.test_rag_index_and_retrieval" name="test_normalize_query_keeps_units_and_symbols" time="0.001" /><testcase classname="tests.test_rag_index_and_retrieval" name="test_retriever_selects_exact_passage" time="0.001" /><testcase classname="tests.test_rag_index_and_retrieval" name="test_retriever_below_threshold_reports_insufficient" time="0.001" /><testcase classname="tests.test_rag_index_and_retrieval" name="test_retriever_metadata_filtering" time="0.001" /><testcase classname="tests.test_rag_index_and_retrieval" name="test_retriever_respects_context_token_budget" time="0.001" /><testcase classname="tests.test_rag_index_and_retrieval" name="test_retriever_reranker_stage_runs" time="0.002" /><testcase classname="tests.test_rag_index_and_retrieval" name="test_retriever_never_crashes_on_embedder_failure" time="0.001" /><testcase classname="tests.test_rag_index_and_retrieval" name="test_identity_reranker_is_embedding_only_arm" time="0.001" /><testcase classname="tests.test_rag_index_and_retrieval" name="test_bm25_reranker_prefers_keyword_overlap" time="0.001" /><testcase classname="tests.test_rag_index_and_retrieval" name="test_cross_encoder_reranker_smoke_if_cached" time="2.626" /><testcase classname="tests.test_rag_index_and_retrieval" name="test_load_corpus_verifies_checksums" time="0.004" /><testcase classname="tests.test_rag_index_and_retrieval" name="test_load_corpus_rejects_tampered_file" time="0.004" /><testcase classname="tests.test_rag_pipeline" name="test_math_route_never_retrieves" time="0.017" /><testcase classname="tests.test_rag_pipeline" name="test_science_route_uses_evidence" time="0.004" /><testcase classname="tests.test_rag_pipeline" name="test_science_route_without_chunks_reports_uncertainty" time="0.003" /><testcase classname="tests.test_rag_pipeline" name="test_prompt_override_bypasses_retrieval" time="0.001" /><testcase classname="tests.test_rag_pipeline" name="test_error_in_generation_is_contained" time="0.001" /><testcase classname="tests.test_rag_t5r" name="test_subroutes_are_the_six_declared" time="0.001" /><testcase classname="tests.test_rag_t5r" name="test_math_stays_math_never_retrieves" time="0.001" /><testcase classname="tests.test_rag_t5r" name="test_factual_science_retrieves" time="0.001" /><testcase classname="tests.test_rag_t5r" name="test_mixed_with_inline_constants_skips_retrieval" time="0.001" /><testcase classname="tests.test_rag_t5r" name="test_contested_question_routes_insufficient" time="0.001" /><testcase classname="tests.test_rag_t5r" name="test_general_route_eligibility_depends_on_science_vocabulary" time="0.001" /><testcase classname="tests.test_rag_t5r" name="test_compression_is_verbatim_and_budgeted" time="0.001" /><testcase classname="tests.test_rag_t5r" name="test_compression_skips_irrelevant_sentences" time="0.001" /><testcase classname="tests.test_rag_t5r" name="test_render_evidence_shape" time="0.001" /><testcase classname="tests.test_rag_t5r" name="test_firewall_block_marks_data_untrusted" time="0.000" /><testcase classname="tests.test_rag_t5r" name="test_extract_constants_assignment_and_fallback" time="0.001" /><testcase classname="tests.test_rag_t5r" name="test_mixed_plan_selfcontained_skips_retrieval" time="0.001" /><testcase classname="tests.test_rag_t5r" name="test_mixed_plan_retrieves_when_science_side_present" time="0.001" /><testcase classname="tests.test_rag_t5r" name="test_decompose_premise_split" time="0.001" /><testcase classname="tests.test_rag_t5r" name="test_decompose_two_questions" time="0.001" /><testcase classname="tests.test_rag_t5r" name="test_decompose_math_never_retrieves" time="0.001" /><testcase classname="tests.test_rag_t5r" name="test_compute_evidence_refs_claim_level" time="0.001" /><testcase classname="tests.test_rag_t5r" name="test_validate_evidence_refs_fail_closed" time="0.001" /><testcase classname="tests.test_rag_t5r" name="test_attach_deterministic_citations_renders_sources" time="0.001" /><testcase classname="tests.test_rag_t5r" name="test_attach_drops_out_of_range_refs" time="0.001" /><testcase classname="tests.test_rag_t5r" name="test_attach_never_cites_unsupported_chunk" time="0.001" /><testcase classname="tests.test_rag_t5r" name="test_injection_inside_evidence_never_enters_instructions" time="0.001" /><testcase classname="tests.test_rag_t5r" name="test_injection_phrases_do_not_change_route_or_eligibility" time="0.001" /><testcase classname="tests.test_rag_t5r" name="test_injection_cannot_turn_math_into_retrieval" time="0.000" /><testcase classname="tests.test_rag_t5r" name="test_conflict_state_instructions_exist_for_all_states" time="0.000" /><testcase classname="tests.test_rag_t5r" name="test_conflict_detection_still_fires_on_real_negation" time="0.001" /><testcase classname="tests.test_rag_t5r" name="test_conflict_note_is_prepended_to_evidence" time="0.001" /><testcase classname="tests.test_rag_t5r" name="test_t5r_math_prompt_has_no_retrieval_text" time="0.000" /><testcase classname="tests.test_rag_t5r" name="test_t5r_mixed_prompt_has_constants_and_tool_rule" time="0.001" /><testcase classname="tests.test_rag_t5r" name="test_t5r_factual_science_without_evidence_says_insufficiency_path" time="0.001" /><testcase classname="tests.test_rag_t5r" name="test_t5r_multihop_prompt_lists_hops_format" time="0.001" /><testcase classname="tests.test_rag_t5r" name="test_t5r_multihop_with_compute_hop_gets_tool_protocol" time="0.001" /><testcase classname="tests.test_rag_t5r" name="test_t5r_general_prompt_is_bare" time="0.000" /><testcase classname="tests.test_rag_t5r" name="test_t5r_extraction_strips_sources_footer" time="0.001" /><testcase classname="tests.test_rag_t5r" name="test_t5r_extraction_bold_mcq" time="0.001" /><testcase classname="tests.test_rag_t5r" name="test_t5r_extraction_latex_units" time="0.001" /><testcase classname="tests.test_rag_t5r" name="test_t5r_extraction_structured_hops" time="0.000" /><testcase classname="tests.test_rag_t5r" name="test_t5r_extraction_sentence_form" time="0.001" /><testcase classname="tests.test_rag_t5r" name="test_t5r_extraction_does_not_invent_answers" time="0.001" /><testcase classname="tests.test_rag_t5r" name="test_contested_re_does_not_match_physics_senses" time="0.001" /><testcase classname="tests.test_rag_t5r" name="test_supplied_constants_re_requires_assignment_or_convert_shape" time="0.001" /><testcase classname="tests.test_rag_t5r" name="test_const_assign_re_keeps_scientific_notation_exponent" time="0.001" /><testcase classname="tests.test_rag_t5r" name="test_value_unit_re_prefers_compound_units" time="0.001" /><testcase classname="tests.test_rag_t5r" name="test_compression_keeps_top_sentence_when_relevance_gate_scores_zero" time="0.001" /><testcase classname="tests.test_rag_t5r" name="test_compression_budget_includes_render_scaffold" time="0.001" /><testcase classname="tests.test_rag_t5r" name="test_compression_ratio_none_when_nothing_selected" time="0.000" /><testcase classname="tests.test_rag_t5r" name="test_validate_evidence_refs_rejects_bool" time="0.000" /><testcase classname="tests.test_rag_t5r" name="test_t5r_multihop_empty_hop_gets_marker_not_other_hops_chunks" time="0.000" /><testcase classname="tests.test_rag_t5r" name="test_conflict_note_ends_with_gradable_insufficiency" time="0.000" /><testcase classname="tests.test_rag_t5r" name="test_signals_uncertainty_recognizes_t5r_insufficiency_reply" time="0.000" /><testcase classname="tests.test_rag_t5r" name="test_mixed_prompt_carries_full_tool_protocol" time="0.001" /><testcase classname="tests.test_rag_t5r" name="test_mixed_plan_prompt_never_drops_evidence" time="0.001" /><testcase classname="tests.test_rag_t5r" name="test_premise_hop_gets_given_in_question_block" time="0.001" /><testcase classname="tests.test_report" name="test_report_counts_domains_and_sources" time="0.001" /><testcase classname="tests.test_report" name="test_report_counts_duplicates_and_rejections" time="0.001" /><testcase classname="tests.test_report" name="test_markdown_renders_key_sections" time="0.001" /><testcase classname="tests.test_report" name="test_jsonl_roundtrip" time="0.005" /><testcase classname="tests.test_router.TestRouting" name="test_routes_to_tool[What is 17 * 23?-calculator]" time="0.001" /><testcase classname="tests.test_router.TestRouting" name="test_routes_to_tool[Calculate 15% of 80-calculator]" time="0.001" /><testcase classname="tests.test_router.TestRouting" name="test_routes_to_tool[Solve for x: 2x + 3 = 11-equation_solver]" time="0.001" /><testcase classname="tests.test_router.TestRouting" name="test_routes_to_tool[Find the roots of x^2 - 4 = 0-equation_solver]" time="0.001" /><testcase classname="tests.test_router.TestRouting" name="test_routes_to_tool[Find the derivative of x**3 sin(x)-symbolic_math]" time="0.001" /><testcase classname="tests.test_router.TestRouting" name="test_routes_to_tool[Evaluate the integral of 1/x from 1 to e-symbolic_math]" time="0.001" /><testcase classname="tests.test_router.TestRouting" name="test_routes_to_tool[Simplify (x**2 - 1)/(x - 1)-symbolic_math]" time="0.001" /><testcase classname="tests.test_router.TestRouting" name="test_routes_to_tool[Convert 5 kilometers to miles-unit_converter]" time="0.001" /><testcase classname="tests.test_router.TestRouting" name="test_routes_to_tool[How many centimeters are in 3 inches?-unit_converter]" time="0.001" /><testcase classname="tests.test_router.TestRouting" name="test_routes_to_tool[Calculate the mean of 2, 4, 6-numerical_math]" time="0.001" /><testcase classname="tests.test_router.TestRouting" name="test_routes_to_tool[What is the standard deviation of 1, 2, 3, 4?-numerical_math]" time="0.001" /><testcase classname="tests.test_router.TestRouting" name="test_routes_to_tool[How many ways can 5 people be arranged?-numerical_math]" time="0.001" /><testcase classname="tests.test_router.TestRouting" name="test_no_tools_for_non_math[What is the powerhouse of the cell?]" time="0.002" /><testcase classname="tests.test_router.TestRouting" name="test_no_tools_for_non_math[Who wrote Romeo and Juliet?]" time="0.001" /><testcase classname="tests.test_router.TestRouting" name="test_no_tools_for_non_math[The capital of France is]" time="0.001" /><testcase classname="tests.test_router.TestRouting" name="test_no_tools_for_non_math[Explain photosynthesis in plants.]" time="0.001" /><testcase classname="tests.test_router.TestRouting" name="test_no_tools_for_non_math[]" time="0.001" /><testcase classname="tests.test_router.TestRouting" name="test_deterministic_order" time="0.001" /><testcase classname="tests.test_router.TestRouting" name="test_routing_does_not_execute" time="0.001" /><testcase classname="tests.test_router.TestToolCallLogger" name="test_logs_routing_and_invocations" time="0.003" /><testcase classname="tests.test_router.TestToolCallLogger" name="test_failed_calls_logged_too" time="0.003" /><testcase classname="tests.test_router.TestToolCallLogger" name="test_unknown_tool_invocation_logged" time="0.002" /><testcase classname="tests.test_router.TestToolCallLogger" name="test_log_is_append_only_jsonl" time="0.006" /><testcase classname="tests.test_router.TestDefaultRegistry" name="test_all_five_tools" time="0.001" /><testcase classname="tests.test_router.TestDefaultRegistry" name="test_end_to_end_question" time="0.031" /><testcase classname="tests.test_schema" name="test_valid_record_has_no_violations" time="0.001" /><testcase classname="tests.test_schema" name="test_missing_required_field_flagged" time="0.001" /><testcase classname="tests.test_schema" name="test_empty_question_flagged" time="0.001" /><testcase classname="tests.test_schema" name="test_unknown_domain_flagged" time="0.001" /><testcase classname="tests.test_schema" name="test_difficulty_range_enforced" time="0.001" /><testcase classname="tests.test_schema" name="test_invalid_split_flagged" time="0.001" /><testcase classname="tests.test_schema" name="test_known_domains_cover_all_targets" time="0.001" /><testcase classname="tests.test_schema" name="test_malformed_answer_detection" time="0.001" /><testcase classname="tests.test_schema" name="test_make_id_deterministic_and_distinct" time="0.001" /><testcase classname="tests.test_sft_data" name="test_build_labels_masks_prompt" time="0.001" /><testcase classname="tests.test_sft_data" name="test_tokenize_masks_user_turn_and_supervises_response" time="0.001" /><testcase classname="tests.test_sft_data" name="test_tokenize_overflow_shortens_question_keeps_target" time="0.002" /><testcase classname="tests.test_sft_data" name="test_tokenize_impossible_overflow_is_dropped" time="0.001" /><testcase classname="tests.test_sft_data" name="test_find_response_start_locates_assistant_prefix" time="0.001" /><testcase classname="tests.test_sft_data" name="test_collator_pads_and_masks_labels" time="0.001" /><testcase classname="tests.test_sft_format" name="test_math_response_has_explicit_closure" time="0.000" /><testcase classname="tests.test_sft_format" name="test_science_response_answer_first" time="0.001" /><testcase classname="tests.test_sft_format" name="test_general_response_closure" time="0.001" /><testcase classname="tests.test_sft_format" name="test_last_boxed_balanced_braces" time="0.001" /><testcase classname="tests.test_sft_format" name="test_gsm8k_solution_split_strips_calculator_annotations" time="0.000" /><testcase classname="tests.test_sft_format" name="test_gsm8k_missing_closure_marker_is_rejected" time="0.000" /><testcase classname="tests.test_sft_format" name="test_budget_classes" time="0.000" /><testcase classname="tests.test_sft_format" name="test_over_budget_target_is_rejected_not_truncated" time="0.000" /><testcase classname="tests.test_sft_format" name="test_within_budget_boundaries" time="0.001" /><testcase classname="tests.test_sft_format" name="test_build_target_gsm8k_flow" time="0.000" /><testcase classname="tests.test_sft_format" name="test_render_training_text_has_no_think_block" time="0.000" /><testcase classname="tests.test_sft_format" name="test_science_target_without_explanation_still_closes" time="0.000" /><testcase classname="tests.test_sft_format" name="test_math_without_extractable_answer_rejected" time="0.000" /><testcase classname="tests.test_splits" name="test_deterministic_for_same_seed" time="0.002" /><testcase classname="tests.test_splits" name="test_fractions_approximately_respected" time="0.008" /><testcase classname="tests.test_splits" name="test_identical_questions_stay_in_same_split" time="0.001" /><testcase classname="tests.test_splits" name="test_group_key_normalized_question_collapses_dupes" time="0.001" /><testcase classname="tests.test_splits" name="test_template_hash_groups_same_template" time="0.001" /><testcase classname="tests.test_splits" name="test_eval_only_source_never_in_train" time="0.001" /><testcase classname="tests.test_splits" name="test_seed_changes_assignment" time="0.003" /><testcase classname="tests.test_splits" name="test_invalid_fractions_rejected" time="0.001" /><testcase classname="tests.test_t4_regressions" name="test_timeout_bounds_wall_clock" time="0.503" /><testcase classname="tests.test_t4_regressions" name="test_timeout_success_path_still_returns" time="0.002" /><testcase classname="tests.test_t4_regressions" name="test_nullifier_polynomial_no_longer_passes" time="0.087" /><testcase classname="tests.test_t4_regressions" name="test_all_symbols_same_value_defect" time="0.025" /><testcase classname="tests.test_t4_regressions" name="test_branch_sensitive_functions_not_decided_by_real_samples" time="0.031" /><testcase classname="tests.test_t4_regressions" name="test_factorial_bomb_rejected_at_parse" time="0.001" /><testcase classname="tests.test_t4_regressions" name="test_thousand_digit_literal_rejected" time="0.002" /><testcase classname="tests.test_t4_regressions" name="test_factorial_argument_cap" time="0.001" /><testcase classname="tests.test_t4_regressions" name="test_newline_inside_expression_is_parse_error" time="0.001" /><testcase classname="tests.test_t4_regressions" name="test_degree_regex_does_not_eat_identifiers" time="0.002" /><testcase classname="tests.test_t4_regressions" name="test_gold_quantity_vs_bare_number_si_interpretation" time="0.004" /><testcase classname="tests.test_t4_regressions" name="test_percent_vs_quantity_unknown" time="0.001" /><testcase classname="tests.test_t4_regressions" name="test_temperature_bare_number" time="0.001" /><testcase classname="tests.test_t4_regressions" name="test_pressure_dims_fixed" time="0.001" /><testcase classname="tests.test_t4_regressions" name="test_bare_digit_exponents" time="0.001" /><testcase classname="tests.test_t4_regressions" name="test_membership_argument_swap_fixed" time="0.003" /><testcase classname="tests.test_t4_regressions" name="test_multicomma_number_not_a_set" time="0.003" /><testcase classname="tests.test_t4_regressions" name="test_empty_solution_sets_not_equivalent" time="0.023" /><testcase classname="tests.test_t4_regressions" name="test_identical_equation_with_radical_solutions_passes" time="0.026" /><testcase classname="tests.test_t4_regressions" name="test_cubic_real_roots_not_dropped" time="0.038" /><testcase classname="tests.test_t4_regressions" name="test_quintic_scalar_solve" time="0.039" /><testcase classname="tests.test_t4_regressions" name="test_double_equals_accepted" time="0.004" /><testcase classname="tests.test_t4_regressions" name="test_calculator_type_error_is_invalid_input" time="0.001" /><testcase classname="tests.test_t4_regressions" name="test_numerical_factorial_overflow_is_overflow" time="0.001" /><testcase classname="tests.test_t4_regressions" name="test_inverse_size_cap" time="0.125" /><testcase classname="tests.test_t4_regressions" name="test_integral_symbolic_bounds" time="0.029" /><testcase classname="tests.test_t4_regressions" name="test_var_inferred_for_single_symbol" time="0.009" /><testcase classname="tests.test_t4_regressions" name="test_mcq_letter_not_taken_from_trailing_word" time="0.001" /><testcase classname="tests.test_t4_regressions" name="test_logger_threaded_writes_are_complete" time="0.086" /><testcase classname="tests.test_t4_regressions" name="test_logger_unserializable_arguments" time="0.002" /><testcase classname="tests.test_t4_regressions" name="test_no_false_pass_on_wrong_numbers" time="0.003" /><testcase classname="tests.test_taxonomy" name="test_category_list_contains_reserved_label" time="0.001" /><testcase classname="tests.test_taxonomy" name="test_pass_returns_none" time="0.001" /><testcase classname="tests.test_taxonomy" name="test_order_error_before_everything" time="0.001" /><testcase classname="tests.test_taxonomy" name="test_oom_classified" time="0.000" /><testcase classname="tests.test_taxonomy" name="test_truncated_output" time="0.001" /><testcase classname="tests.test_taxonomy" name="test_invalid_choice_mcq" time="0.001" /><testcase classname="tests.test_taxonomy" name="test_extraction_failure_mcq" time="0.001" /><testcase classname="tests.test_taxonomy" name="test_calibration_confident_assertion_is_wrong_answer" time="0.001" /><testcase classname="tests.test_taxonomy" name="test_calibration_refusal_not_failure_path" time="0.000" /><testcase classname="tests.test_taxonomy" name="test_wrong_answer_default" time="0.001" /><testcase classname="tests.test_taxonomy" name="test_hallucinated_fact_never_auto_assigned" time="0.000" /><testcase classname="tests.test_taxonomy" name="test_deterministic_repeats" time="0.000" /><testcase classname="tests.test_tools_core.TestCalculator" name="test_basic_arithmetic" time="0.001" /><testcase classname="tests.test_tools_core.TestCalculator" name="test_integer_results_reported_exact" time="0.001" /><testcase classname="tests.test_tools_core.TestCalculator" name="test_latex_input" time="0.001" /><testcase classname="tests.test_tools_core.TestCalculator" name="test_implicit_multiplication" time="0.001" /><testcase classname="tests.test_tools_core.TestCalculator" name="test_functions" time="0.001" /><testcase classname="tests.test_tools_core.TestCalculator" name="test_variables_rejected" time="0.001" /><testcase classname="tests.test_tools_core.TestCalculator" name="test_division_by_zero" time="0.001" /><testcase classname="tests.test_tools_core.TestCalculator" name="test_exponent_limit" time="0.001" /><testcase classname="tests.test_tools_core.TestCalculator" name="test_huge_integer_rejected" time="0.001" /><testcase classname="tests.test_tools_core.TestCalculator" name="test_unknown_function" time="0.001" /><testcase classname="tests.test_tools_core.TestCalculator" name="test_domain_error" time="0.001" /><testcase classname="tests.test_tools_core.TestCalculator" name="test_result_is_json_safe" time="0.001" /><testcase classname="tests.test_tools_core.TestSymbolic" name="test_simplify" time="0.008" /><testcase classname="tests.test_tools_core.TestSymbolic" name="test_derivative" time="0.002" /><testcase classname="tests.test_tools_core.TestSymbolic" name="test_definite_integral" time="0.007" /><testcase classname="tests.test_tools_core.TestSymbolic" name="test_indefinite_integral" time="0.003" /><testcase classname="tests.test_tools_core.TestSymbolic" name="test_evaluate" time="0.001" /><testcase classname="tests.test_tools_core.TestSymbolic" name="test_variable_not_in_expression" time="0.002" /><testcase classname="tests.test_tools_core.TestSymbolic" name="test_unknown_operation" time="0.001" /><testcase classname="tests.test_tools_core.TestSymbolic" name="test_equivalence_pass_fail" time="0.013" /><testcase classname="tests.test_tools_core.TestSymbolic" name="test_safe_parse_latex" time="0.002" /><testcase classname="tests.test_tools_core.TestSymbolic" name="test_safe_parse_rejects_injection" time="0.001" /><testcase classname="tests.test_tools_core.TestEquationSolver" name="test_linear" time="0.003" /><testcase classname="tests.test_tools_core.TestEquationSolver" name="test_quadratic" time="0.006" /><testcase classname="tests.test_tools_core.TestEquationSolver" name="test_system" time="0.006" /><testcase classname="tests.test_tools_core.TestEquationSolver" name="test_complex_solutions_dropped_by_default" time="0.004" /><testcase classname="tests.test_tools_core.TestEquationSolver" name="test_complex_allowed" time="0.004" /><testcase classname="tests.test_tools_core.TestEquationSolver" name="test_missing_variable" time="0.002" /><testcase classname="tests.test_tools_core.TestEquationSolver" name="test_no_equation_form" time="0.003" /><testcase classname="tests.test_tools_core.TestUnitConverter" name="test_length" time="0.001" /><testcase classname="tests.test_tools_core.TestUnitConverter" name="test_mass" time="0.001" /><testcase classname="tests.test_tools_core.TestUnitConverter" name="test_temperature_affine" time="0.001" /><testcase classname="tests.test_tools_core.TestUnitConverter" name="test_temperature_to_non_temperature_rejected" time="0.001" /><testcase classname="tests.test_tools_core.TestUnitConverter" name="test_compound_units" time="0.001" /><testcase classname="tests.test_tools_core.TestUnitConverter" name="test_negative_power_syntax" time="0.001" /><testcase classname="tests.test_tools_core.TestUnitConverter" name="test_incompatible_units" time="0.001" /><testcase classname="tests.test_tools_core.TestUnitConverter" name="test_unknown_unit_is_error_not_guess" time="0.001" /><testcase classname="tests.test_tools_core.TestUnitConverter" name="test_convert_to_si_by_default" time="0.001" /><testcase classname="tests.test_tools_core.TestUnitConverter" name="test_parse_quantity" time="0.001" /><testcase classname="tests.test_tools_core.TestUnitConverter" name="test_plurals_and_phrases" time="0.001" /><testcase classname="tests.test_tools_core.TestNumericalMath" name="test_describe" time="0.001" /><testcase classname="tests.test_tools_core.TestNumericalMath" name="test_percentile" time="0.001" /><testcase classname="tests.test_tools_core.TestNumericalMath" name="test_combinatorics" time="0.001" /><testcase classname="tests.test_tools_core.TestNumericalMath" name="test_determinant" time="0.001" /><testcase classname="tests.test_tools_core.TestNumericalMath" name="test_inverse" time="0.002" /><testcase classname="tests.test_tools_core.TestNumericalMath" name="test_singular_matrix" time="0.001" /><testcase classname="tests.test_tools_core.TestNumericalMath" name="test_transpose" time="0.001" /><testcase classname="tests.test_tools_core.TestNumericalMath" name="test_matrix_must_be_square" time="0.001" /><testcase classname="tests.test_tools_core.TestBaseContract" name="test_registry_unknown_tool" time="0.001" /><testcase classname="tests.test_tools_core.TestBaseContract" name="test_registry_manifest" time="0.001" /><testcase classname="tests.test_tools_core.TestBaseContract" name="test_ensure_json_safe_rejects" time="0.001" /><testcase classname="tests.test_tools_core.TestBaseContract" name="test_missing_argument" time="0.001" /><testcase classname="tests.test_tools_core.TestBaseContract" name="test_tools_never_raise" time="0.001" /><testcase classname="tests.test_tools_safety.TestInjectionResistance" name="test_calculator_rejects[__import__('os').system('echo pwned')]" time="0.001" /><testcase classname="tests.test_tools_safety.TestInjectionResistance" name="test_calculator_rejects[__import__('os').remove('x')]" time="0.001" /><testcase classname="tests.test_tools_safety.TestInjectionResistance" name="test_calculator_rejects[().__class__.__bases__[0].__subclasses__()]" time="0.001" /><testcase classname="tests.test_tools_safety.TestInjectionResistance" name="test_calculator_rejects[().__class__.__mro__[1].__subclasses__()[104]]" time="0.001" /><testcase classname="tests.test_tools_safety.TestInjectionResistance" name="test_calculator_rejects[open('/etc/passwd').read()]" time="0.001" /><testcase classname="tests.test_tools_safety.TestInjectionResistance" name="test_calculator_rejects[exec('import os')]" time="0.001" /><testcase classname="tests.test_tools_safety.TestInjectionResistance" name="test_calculator_rejects[eval('1+1')]" time="0.001" /><testcase classname="tests.test_tools_safety.TestInjectionResistance" name="test_calculator_rejects[getattr(str, 'join')(['a'])]" time="0.001" /><testcase classname="tests.test_tools_safety.TestInjectionResistance" name="test_calculator_rejects[x.__class__]" time="0.001" /><testcase classname="tests.test_tools_safety.TestInjectionResistance" name="test_calculator_rejects[[].append(1)]" time="0.001" /><testcase classname="tests.test_tools_safety.TestInjectionResistance" name="test_calculator_rejects[lambda: 1]" time="0.001" /><testcase classname="tests.test_tools_safety.TestInjectionResistance" name="test_calculator_rejects[[i for i in range(3)]]" time="0.001" /><testcase classname="tests.test_tools_safety.TestInjectionResistance" name="test_calculator_rejects[(x for x in range(3))]" time="0.001" /><testcase classname="tests.test_tools_safety.TestInjectionResistance" name="test_calculator_rejects[f'{{}}']" time="0.001" /><testcase classname="tests.test_tools_safety.TestInjectionResistance" name="test_calculator_rejects['a' + 'b']" time="0.001" /><testcase classname="tests.test_tools_safety.TestInjectionResistance" name="test_calculator_rejects['rm -rf /']" time="0.001" /><testcase classname="tests.test_tools_safety.TestInjectionResistance" name="test_calculator_rejects[{'a': 1}]" time="0.001" /><testcase classname="tests.test_tools_safety.TestInjectionResistance" name="test_calculator_rejects[x[0]]" time="0.001" /><testcase classname="tests.test_tools_safety.TestInjectionResistance" name="test_calculator_rejects[a if b else c]" time="0.001" /><testcase classname="tests.test_tools_safety.TestInjectionResistance" name="test_calculator_rejects[print(1)]" time="0.001" /><testcase classname="tests.test_tools_safety.TestInjectionResistance" name="test_calculator_rejects[globals()]" time="0.001" /><testcase classname="tests.test_tools_safety.TestInjectionResistance" name="test_calculator_rejects[help()]" time="0.001" /><testcase classname="tests.test_tools_safety.TestInjectionResistance" name="test_calculator_rejects[1 if True else 2]" time="0.001" /><testcase classname="tests.test_tools_safety.TestInjectionResistance" name="test_safe_parse_rejects[__import__('os').system('echo pwned')]" time="0.001" /><testcase classname="tests.test_tools_safety.TestInjectionResistance" name="test_safe_parse_rejects[__import__('os').remove('x')]" time="0.001" /><testcase classname="tests.test_tools_safety.TestInjectionResistance" name="test_safe_parse_rejects[().__class__.__bases__[0].__subclasses__()]" time="0.001" /><testcase classname="tests.test_tools_safety.TestInjectionResistance" name="test_safe_parse_rejects[().__class__.__mro__[1].__subclasses__()[104]]" time="0.001" /><testcase classname="tests.test_tools_safety.TestInjectionResistance" name="test_safe_parse_rejects[open('/etc/passwd').read()]" time="0.001" /><testcase classname="tests.test_tools_safety.TestInjectionResistance" name="test_safe_parse_rejects[exec('import os')]" time="0.001" /><testcase classname="tests.test_tools_safety.TestInjectionResistance" name="test_safe_parse_rejects[eval('1+1')]" time="0.001" /><testcase classname="tests.test_tools_safety.TestInjectionResistance" name="test_safe_parse_rejects[getattr(str, 'join')(['a'])]" time="0.001" /><testcase classname="tests.test_tools_safety.TestInjectionResistance" name="test_safe_parse_rejects[x.__class__]" time="0.001" /><testcase classname="tests.test_tools_safety.TestInjectionResistance" name="test_safe_parse_rejects[[].append(1)]" time="0.001" /><testcase classname="tests.test_tools_safety.TestInjectionResistance" name="test_safe_parse_rejects[lambda: 1]" time="0.001" /><testcase classname="tests.test_tools_safety.TestInjectionResistance" name="test_safe_parse_rejects[[i for i in range(3)]]" time="0.001" /><testcase classname="tests.test_tools_safety.TestInjectionResistance" name="test_safe_parse_rejects[(x for x in range(3))]" time="0.001" /><testcase classname="tests.test_tools_safety.TestInjectionResistance" name="test_safe_parse_rejects[f'{{}}']" time="0.001" /><testcase classname="tests.test_tools_safety.TestInjectionResistance" name="test_safe_parse_rejects['a' + 'b']" time="0.001" /><testcase classname="tests.test_tools_safety.TestInjectionResistance" name="test_safe_parse_rejects['rm -rf /']" time="0.001" /><testcase classname="tests.test_tools_safety.TestInjectionResistance" name="test_safe_parse_rejects[{'a': 1}]" time="0.001" /><testcase classname="tests.test_tools_safety.TestInjectionResistance" name="test_safe_parse_rejects[x[0]]" time="0.001" /><testcase classname="tests.test_tools_safety.TestInjectionResistance" name="test_safe_parse_rejects[a if b else c]" time="0.001" /><testcase classname="tests.test_tools_safety.TestInjectionResistance" name="test_safe_parse_rejects[print(1)]" time="0.002" /><testcase classname="tests.test_tools_safety.TestInjectionResistance" name="test_safe_parse_rejects[globals()]" time="0.001" /><testcase classname="tests.test_tools_safety.TestInjectionResistance" name="test_safe_parse_rejects[help()]" time="0.001" /><testcase classname="tests.test_tools_safety.TestInjectionResistance" name="test_safe_parse_rejects[1 if True else 2]" time="0.001" /><testcase classname="tests.test_tools_safety.TestInjectionResistance" name="test_solver_rejects[__import__('os').system('x') = 0]" time="0.001" /><testcase classname="tests.test_tools_safety.TestInjectionResistance" name="test_solver_rejects[x.__class__ = 1]" time="0.001" /><testcase classname="tests.test_tools_safety.TestInjectionResistance" name="test_solver_rejects[open('f') = 0]" time="0.001" /><testcase classname="tests.test_tools_safety.TestInjectionResistance" name="test_normalize_input_rejects_unknown_latex" time="0.001" /><testcase classname="tests.test_tools_safety.TestInjectionResistance" name="test_validate_ast_rejects_attribute_access" time="0.001" /><testcase classname="tests.test_tools_safety.TestInjectionResistance" name="test_validate_ast_rejects_string_literals" time="0.001" /><testcase classname="tests.test_tools_safety.TestInjectionResistance" name="test_validate_ast_rejects_call_on_attribute" time="0.001" /><testcase classname="tests.test_tools_safety.TestInjectionResistance" name="test_deep_nesting_bounded" time="0.001" /><testcase classname="tests.test_tools_safety.TestInjectionResistance" name="test_no_builtins_reachable_from_names" time="0.001" /><testcase classname="tests.test_tools_safety.TestResourceLimits" name="test_exponent_limit" time="0.001" /><testcase classname="tests.test_tools_safety.TestResourceLimits" name="test_deep_nesting_in_calculator" time="0.002" /><testcase classname="tests.test_tools_safety.TestResourceLimits" name="test_timeout_produces_deterministic_error" time="0.057" /><testcase classname="tests.test_tools_safety.TestResourceLimits" name="test_symbolic_timeout_flagged_unknown" time="0.004" /><testcase classname="tests.test_tools_safety.TestDeterministicErrors" name="test_all_errors_carry_codes" time="0.002" /><testcase classname="tests.test_tools_safety.TestDeterministicErrors" name="test_infinity_and_nan_inputs_rejected" time="0.001" /><testcase classname="tests.test_tools_safety.TestJsonSafetyBoundary" name="test_symbolic_results_are_strings" time="0.002" /><testcase classname="tests.test_tools_safety.TestJsonSafetyBoundary" name="test_tool_result_roundtrip" time="0.001" /><testcase classname="tests.test_training_config_and_checkpoint" name="test_real_config_validates" time="0.003" /><testcase classname="tests.test_training_config_and_checkpoint" name="test_valid_config_passes" time="0.001" /><testcase classname="tests.test_training_config_and_checkpoint" name="test_missing_gradient_checkpointing_rejected" time="0.001" /><testcase classname="tests.test_training_config_and_checkpoint" name="test_out_of_range_lr_rejected" time="0.001" /><testcase classname="tests.test_training_config_and_checkpoint" name="test_fp16_quantization_rejected" time="0.001" /><testcase classname="tests.test_training_config_and_checkpoint" name="test_bad_lora_ratio_rejected" time="0.001" /><testcase classname="tests.test_training_config_and_checkpoint" name="test_unknown_target_module_rejected" time="0.001" /><testcase classname="tests.test_training_config_and_checkpoint" name="test_latest_checkpoint_prefers_highest_valid" time="0.004" /><testcase classname="tests.test_training_config_and_checkpoint" name="test_latest_checkpoint_ignores_corrupted" time="0.003" /><testcase classname="tests.test_training_config_and_checkpoint" name="test_latest_checkpoint_empty_dir" time="0.002" /><testcase classname="tests.test_training_config_and_checkpoint" name="test_adapter_active_true_when_attached_and_enabled" time="0.001" /><testcase classname="tests.test_training_config_and_checkpoint" name="test_adapter_inactive_when_disabled" time="0.000" /><testcase classname="tests.test_training_config_and_checkpoint" name="test_adapter_inactive_on_plain_model" time="0.001" /><testcase classname="tests.test_training_config_and_checkpoint" name="test_overfitting_flag_rising_eval_loss" time="0.001" /><testcase classname="tests.test_training_config_and_checkpoint" name="test_overfitting_flag_falling_eval_loss" time="0.001" /><testcase classname="tests.test_training_config_and_checkpoint" name="test_overfitting_flag_needs_two_evals" time="0.000" /><testcase classname="tests.test_verifier.TestVerdictBattery" name="test_correct[\\frac{1}{2}-0.5-exact_answer-PASS]" time="0.003" /><testcase classname="tests.test_verifier.TestVerdictBattery" name="test_correct[3/4-0.75-exact_answer-PASS]" time="0.002" /><testcase classname="tests.test_verifier.TestVerdictBattery" name="test_correct[(x-1)*(x+1)-x**2 - 1-exact_answer-PASS]" time="0.005" /><testcase classname="tests.test_verifier.TestVerdictBattery" name="test_correct[3.14159-\\pi-exact_answer-PASS]" time="0.009" /><testcase classname="tests.test_verifier.TestVerdictBattery" name="test_correct[5 km-5 kilometers-exact_answer-PASS]" time="0.001" /><testcase classname="tests.test_verifier.TestVerdictBattery" name="test_correct[3 km-3000 m-exact_answer-PASS]" time="0.001" /><testcase classname="tests.test_verifier.TestVerdictBattery" name="test_correct[25%-0.25-exact_answer-PASS]" time="0.002" /><testcase classname="tests.test_verifier.TestVerdictBattery" name="test_correct[{2, 3}-2, 3-exact_answer-PASS]" time="0.001" /><testcase classname="tests.test_verifier.TestVerdictBattery" name="test_correct[x = 4-2*x = 8-exact_answer-PASS]" time="0.005" /><testcase classname="tests.test_verifier.TestVerdictBattery" name="test_correct[C-C-multiple_choice-PASS]" time="0.001" /><testcase classname="tests.test_verifier.TestVerdictBattery" name="test_correct[cannot be determined-cannot be determined-uncertainty-PASS]" time="0.001" /><testcase classname="tests.test_verifier.TestVerdictBattery" name="test_correct[mitochondria-mitochondria-short_text-PASS]" time="0.001" /><testcase classname="tests.test_verifier.TestVerdictBattery" name="test_correct[\\boxed{42}-42-exact_answer-PASS]" time="0.002" /><testcase classname="tests.test_verifier.TestVerdictBattery" name="test_correct[2, 5-5, 2-exact_answer-PASS]" time="0.001" /><testcase classname="tests.test_verifier.TestVerdictBattery" name="test_wrong[x**2 + 1-x**2 - 1-exact_answer]" time="0.003" /><testcase classname="tests.test_verifier.TestVerdictBattery" name="test_wrong[2.718-e-exact_answer]" time="0.009" /><testcase classname="tests.test_verifier.TestVerdictBattery" name="test_wrong[3.14-\\pi-exact_answer]" time="0.007" /><testcase classname="tests.test_verifier.TestVerdictBattery" name="test_wrong[22/7-\\pi-exact_answer]" time="0.009" /><testcase classname="tests.test_verifier.TestVerdictBattery" name="test_wrong[0.3333-1/3-exact_answer]" time="0.003" /><testcase classname="tests.test_verifier.TestVerdictBattery" name="test_wrong[5 km-5 kg-exact_answer]" time="0.001" /><testcase classname="tests.test_verifier.TestVerdictBattery" name="test_wrong[5 km-7 km-exact_answer]" time="0.001" /><testcase classname="tests.test_verifier.TestVerdictBattery" name="test_wrong[25%-0.5-exact_answer]" time="0.002" /><testcase classname="tests.test_verifier.TestVerdictBattery" name="test_wrong[{2, 3}-2, 4-exact_answer]" time="0.001" /><testcase classname="tests.test_verifier.TestVerdictBattery" name="test_wrong[2-1, 2-exact_answer]" time="0.001" /><testcase classname="tests.test_verifier.TestVerdictBattery" name="test_wrong[{2, 3, 4}-2, 3-exact_answer]" time="0.001" /><testcase classname="tests.test_verifier.TestVerdictBattery" name="test_wrong[x = 5-2*x = 8-exact_answer]" time="0.005" /><testcase classname="tests.test_verifier.TestVerdictBattery" name="test_wrong[42-41-exact_answer]" time="0.002" /><testcase classname="tests.test_verifier.TestVerdictBattery" name="test_wrong[C-B-multiple_choice]" time="0.001" /><testcase classname="tests.test_verifier.TestVerdictBattery" name="test_wrong[42-cannot be determined-uncertainty]" time="0.001" /><testcase classname="tests.test_verifier.TestVerdictBattery" name="test_wrong[nucleus-mitochondria-short_text]" time="0.001" /><testcase classname="tests.test_verifier.TestVerdictBattery" name="test_wrong[2x+1-2x-1-exact_answer]" time="0.003" /><testcase classname="tests.test_verifier.TestVerdictBattery" name="test_unknown[-0.5-exact_answer]" time="0.001" /><testcase classname="tests.test_verifier.TestVerdictBattery" name="test_unknown[1/0-0.5-exact_answer]" time="0.004" /><testcase classname="tests.test_verifier.TestVerdictBattery" name="test_unknown[None-0.5-exact_answer]" time="0.001" /><testcase classname="tests.test_verifier.TestVerdictBattery" name="test_unknown[blah blah no answer here at all-\\pi-exact_answer]" time="0.001" /><testcase classname="tests.test_verifier.TestVerdictBattery" name="test_unknown[hello world-42-exact_answer]" time="0.001" /><testcase classname="tests.test_verifier.TestFalsePassProtection" name="test_no_false_pass[x**2 + 1-x**2 - 1-exact_answer]" time="0.002" /><testcase classname="tests.test_verifier.TestFalsePassProtection" name="test_no_false_pass[2.718-e-exact_answer]" time="0.005" /><testcase classname="tests.test_verifier.TestFalsePassProtection" name="test_no_false_pass[3.14-\\pi-exact_answer]" time="0.006" /><testcase classname="tests.test_verifier.TestFalsePassProtection" name="test_no_false_pass[22/7-\\pi-exact_answer]" time="0.005" /><testcase classname="tests.test_verifier.TestFalsePassProtection" name="test_no_false_pass[0.3333-1/3-exact_answer]" time="0.002" /><testcase classname="tests.test_verifier.TestFalsePassProtection" name="test_no_false_pass[5 km-5 kg-exact_answer]" time="0.001" /><testcase classname="tests.test_verifier.TestFalsePassProtection" name="test_no_false_pass[5 km-7 km-exact_answer]" time="0.001" /><testcase classname="tests.test_verifier.TestFalsePassProtection" name="test_no_false_pass[25%-0.5-exact_answer]" time="0.002" /><testcase classname="tests.test_verifier.TestFalsePassProtection" name="test_no_false_pass[{2, 3}-2, 4-exact_answer]" time="0.001" /><testcase classname="tests.test_verifier.TestFalsePassProtection" name="test_no_false_pass[2-1, 2-exact_answer]" time="0.002" /><testcase classname="tests.test_verifier.TestFalsePassProtection" name="test_no_false_pass[{2, 3, 4}-2, 3-exact_answer]" time="0.001" /><testcase classname="tests.test_verifier.TestFalsePassProtection" name="test_no_false_pass[x = 5-2*x = 8-exact_answer]" time="0.004" /><testcase classname="tests.test_verifier.TestFalsePassProtection" name="test_no_false_pass[42-41-exact_answer]" time="0.002" /><testcase classname="tests.test_verifier.TestFalsePassProtection" name="test_no_false_pass[C-B-multiple_choice]" time="0.001" /><testcase classname="tests.test_verifier.TestFalsePassProtection" name="test_no_false_pass[42-cannot be determined-uncertainty]" time="0.001" /><testcase classname="tests.test_verifier.TestFalsePassProtection" name="test_no_false_pass[nucleus-mitochondria-short_text]" time="0.001" /><testcase classname="tests.test_verifier.TestFalsePassProtection" name="test_no_false_pass[2x+1-2x-1-exact_answer]" time="0.003" /><testcase classname="tests.test_verifier.TestFalsePassProtection" name="test_no_false_pass[-0.5-exact_answer]" time="0.001" /><testcase classname="tests.test_verifier.TestFalsePassProtection" name="test_no_false_pass[1/0-0.5-exact_answer]" time="0.003" /><testcase classname="tests.test_verifier.TestFalsePassProtection" name="test_no_false_pass[None-0.5-exact_answer]" time="0.001" /><testcase classname="tests.test_verifier.TestFalsePassProtection" name="test_no_false_pass[blah blah no answer here at all-\\pi-exact_answer]" time="0.001" /><testcase classname="tests.test_verifier.TestFalsePassProtection" name="test_no_false_pass[hello world-42-exact_answer]" time="0.001" /><testcase classname="tests.test_verifier.TestFalsePassProtection" name="test_sign_flip_fails" time="0.002" /><testcase classname="tests.test_verifier.TestFalsePassProtection" name="test_order_of_magnitude_fails" time="0.001" /><testcase classname="tests.test_verifier.TestFalsePassProtection" name="test_transposed_digits_fail" time="0.002" /><testcase classname="tests.test_verifier.TestFalsePassProtection" name="test_decimal_truncation_fails" time="0.002" /><testcase classname="tests.test_verifier.TestFalsePassProtection" name="test_wrong_unit_fails_even_if_magnitude_matches" time="0.001" /><testcase classname="tests.test_verifier.TestFalsePassProtection" name="test_wrong_temperature_offset_fails" time="0.001" /><testcase classname="tests.test_verifier.TestFalsePassProtection" name="test_prose_never_passes_numeric" time="0.001" /><testcase classname="tests.test_verifier.TestFalsePassProtection" name="test_timeout_is_unknown_not_pass" time="0.081" /><testcase classname="tests.test_verifier.TestAnswerParsing" name="test_kinds" time="0.006" /><testcase classname="tests.test_verifier.TestAnswerParsing" name="test_fraction_not_misparsed_as_quantity" time="0.001" /><testcase classname="tests.test_verifier.TestAnswerParsing" name="test_slash_junk_not_a_unit" time="0.001" /><testcase classname="tests.test_verifier.TestRawOutputPreservation" name="test_verify_model_output_preserves_raw" time="0.003" /><testcase classname="tests.test_verifier.TestRawOutputPreservation" name="test_raw_never_modified_even_when_wrong" time="0.002" /><testcase classname="tests.test_verifier.TestRawOutputPreservation" name="test_think_block_not_graded" time="0.002" /><testcase classname="tests.test_verifier.TestRawOutputPreservation" name="test_no_extraction_is_unknown" time="0.001" /><testcase classname="tests.test_verifier.TestRawOutputPreservation" name="test_record_shape" time="0.002" /><testcase classname="tests.test_verifier.TestUncertaintyCalibration" name="test_uncertainty_answer_against_marker" time="0.001" /><testcase classname="tests.test_verifier.TestUncertaintyCalibration" name="test_confident_answer_against_uncertainty_marker_fails" time="0.001" /><testcase classname="tests.test_verifier.TestUncertaintyCalibration" name="test_uncertainty_against_concrete_fails" time="0.001" /></testsuite></testsuites>